###############################################################################
#                                                                             #
# IAR C/C++ Compiler V5.52.1.50724/W32 for MSP430       10/Jun/2013  16:27:31 #
# Copyright 1996-2013 IAR Systems AB.                                         #
#                                                                             #
#    __rt_version  =  3                                                       #
#    __double_size =  32                                                      #
#    __reg_r4      =  free                                                    #
#    __reg_r5      =  free                                                    #
#    __pic         =  no                                                      #
#    __core        =  430X                                                    #
#    __data_model  =  small                                                   #
#    Source file   =  C:\Texas Instruments\ZStack-MSP2618-2.5.1\Components\ha #
#                     l\target\MSP2618CC2520\hal_timer.c                      #
#    Command line  =  -f "C:\Texas Instruments\ZStack-MSP2618-2.5.1\Projects\ #
#                     zstack\HomeAutomation\SampleLight\CC2520DB\..\..\..\Too #
#                     ls\MSP2618\f8wConfig.cfg" (-DZIGBEEPRO -DSECURE=0       #
#                     -DZG_SECURE_DYNAMIC=0 -DREFLECTOR                       #
#                     -DDEFAULT_CHANLIST=0x00000800                           #
#                     -DZDAPP_CONFIG_PAN_ID=0xFFFF -DNWK_START_DELAY=100      #
#                     -DEXTENDED_JOINING_RANDOM_MASK=0x007F                   #
#                     -DBEACON_REQUEST_DELAY=100                              #
#                     -DBEACON_REQ_DELAY_MASK=0x00FF                          #
#                     -DLINK_STATUS_JITTER_MASK=0x007F                        #
#                     -DROUTE_EXPIRY_TIME=30 -DAPSC_ACK_WAIT_DURATION_POLLED= #
#                     3000 -DNWK_INDIRECT_MSG_TIMEOUT=7 -DMAX_RREQ_ENTRIES=8  #
#                     -DAPSC_MAX_FRAME_RETRIES=3 -DNWK_MAX_DATA_RETRIES=2     #
#                     -DMAX_POLL_FAILURE_RETRIES=2 -DMAX_BCAST=9              #
#                     -DAPS_MAX_GROUPS=16 -DMAX_RTG_ENTRIES=40                #
#                     -DNWK_MAX_BINDING_ENTRIES=4                             #
#                     -DMAX_BINDING_CLUSTER_IDS=4 "-DDEFAULT_KEY={0x01,       #
#                     0x03, 0x05, 0x07, 0x09, 0x0B, 0x0D, 0x0F, 0x00, 0x02,   #
#                     0x04, 0x06, 0x08, 0x0A, 0x0C, 0x0D}"                    #
#                     -DMAC_MAX_FRAME_SIZE=116 -DZDNWKMGR_MIN_TRANSMISSIONS=2 #
#                     0 -DRFD_RCVC_ALWAYS_ON=FALSE -DPOLL_RATE=1000           #
#                     -DQUEUED_POLL_RATE=100 -DRESPONSE_POLL_RATE=100         #
#                     -DREJOIN_POLL_RATE=440) -f "C:\Texas                    #
#                     Instruments\ZStack-MSP2618-2.5.1\Projects\zstack\HomeAu #
#                     tomation\SampleLight\CC2520DB\..\..\..\Tools\MSP2618\f8 #
#                     wRouter.cfg" (-DCPU6MHZ -DMAC_CFG_APP_PENDING_QUEUE=TRU #
#                     E -DMAC_CFG_TX_DATA_MAX=5 -DMAC_CFG_TX_MAX=8            #
#                     -DMAC_CFG_RX_MAX=5 -DRTR_NWK) -f "C:\Texas              #
#                     Instruments\ZStack-MSP2618-2.5.1\Projects\zstack\HomeAu #
#                     tomation\SampleLight\CC2520DB\..\..\..\Tools\MSP2618\f8 #
#                     wZCL.cfg" (-DZCL_READ -DZCL_WRITE -DZCL_BASIC           #
#                     -DZCL_IDENTIFY -DZCL_ON_OFF -DZCL_KEY_ESTABLISH         #
#                     -DZCL_KEY_ESTABLISHMENT_KEY_GENERATE_TIMEOUT=4          #
#                     -DZCL_KEY_ESTABLISHMENT_MAC_GENERATE_TIMEOUT=10         #
#                     -DZCL_KEY_ESTABLISHMENT_EKEY_GENERATE_TIMEOUT=10        #
#                     -DZCL_LOAD_CONTROL -DZCL_SIMPLE_METERING -DZCL_PRICING  #
#                     -DZCL_MESSAGE -DZCL_TUNNELING -DZCL_TOU)                #
#                     -DZCL_DEVICE_MGMT "C:\Texas                             #
#                     Instruments\ZStack-MSP2618-2.5.1\Components\hal\target\ #
#                     MSP2618CC2520\hal_timer.c" -D MSP430F2618 -D ZTOOL_P1   #
#                     -D MT_TASK -D MT_SYS_FUNC -D MT_ZDO_FUNC -D             #
#                     LCD_SUPPORTED -lC "C:\Texas                             #
#                     Instruments\ZStack-MSP2618-2.5.1\Projects\zstack\HomeAu #
#                     tomation\SampleLight\CC2520DB\Router\List\" -lA         #
#                     "C:\Texas Instruments\ZStack-MSP2618-2.5.1\Projects\zst #
#                     ack\HomeAutomation\SampleLight\CC2520DB\Router\List\"   #
#                     --remarks --diag_suppress Pe001,Pe193,Pe236,Pe826 -o    #
#                     "C:\Texas Instruments\ZStack-MSP2618-2.5.1\Projects\zst #
#                     ack\HomeAutomation\SampleLight\CC2520DB\Router\Obj\"    #
#                     --debug -D__MSP430F2618__ -e --double=32 --clib -I      #
#                     "C:\Texas Instruments\ZStack-MSP2618-2.5.1\Projects\zst #
#                     ack\HomeAutomation\SampleLight\CC2520DB\" -I "C:\Texas  #
#                     Instruments\ZStack-MSP2618-2.5.1\Projects\zstack\HomeAu #
#                     tomation\SampleLight\CC2520DB\..\Source\" -I "C:\Texas  #
#                     Instruments\ZStack-MSP2618-2.5.1\Projects\zstack\HomeAu #
#                     tomation\SampleLight\CC2520DB\..\..\Source\" -I         #
#                     "C:\Texas Instruments\ZStack-MSP2618-2.5.1\Projects\zst #
#                     ack\HomeAutomation\SampleLight\CC2520DB\..\..\..\ZMain\ #
#                     MSP2618\" -I "C:\Texas Instruments\ZStack-MSP2618-2.5.1 #
#                     \Projects\zstack\HomeAutomation\SampleLight\CC2520DB\.. #
#                     \..\..\..\..\Components\hal\include\" -I "C:\Texas      #
#                     Instruments\ZStack-MSP2618-2.5.1\Projects\zstack\HomeAu #
#                     tomation\SampleLight\CC2520DB\..\..\..\..\..\Components #
#                     \hal\target\MSP2618CC2520\" -I "C:\Texas                #
#                     Instruments\ZStack-MSP2618-2.5.1\Projects\zstack\HomeAu #
#                     tomation\SampleLight\CC2520DB\..\..\..\..\..\Components #
#                     \mac\include\" -I "C:\Texas                             #
#                     Instruments\ZStack-MSP2618-2.5.1\Projects\zstack\HomeAu #
#                     tomation\SampleLight\CC2520DB\..\..\..\..\..\Components #
#                     \mac\high_level\" -I "C:\Texas                          #
#                     Instruments\ZStack-MSP2618-2.5.1\Projects\zstack\HomeAu #
#                     tomation\SampleLight\CC2520DB\..\..\..\..\..\Components #
#                     \mac\low_level\srf04\" -I "C:\Texas                     #
#                     Instruments\ZStack-MSP2618-2.5.1\Projects\zstack\HomeAu #
#                     tomation\SampleLight\CC2520DB\..\..\..\..\..\Components #
#                     \mac\low_level\srf04\dual_chip\" -I "C:\Texas           #
#                     Instruments\ZStack-MSP2618-2.5.1\Projects\zstack\HomeAu #
#                     tomation\SampleLight\CC2520DB\..\..\..\..\..\Components #
#                     \mt\" -I "C:\Texas Instruments\ZStack-MSP2618-2.5.1\Pro #
#                     jects\zstack\HomeAutomation\SampleLight\CC2520DB\..\..\ #
#                     ..\..\..\Components\osal\include\" -I "C:\Texas         #
#                     Instruments\ZStack-MSP2618-2.5.1\Projects\zstack\HomeAu #
#                     tomation\SampleLight\CC2520DB\..\..\..\..\..\Components #
#                     \osal\mcu\msp430\" -I "C:\Texas                         #
#                     Instruments\ZStack-MSP2618-2.5.1\Projects\zstack\HomeAu #
#                     tomation\SampleLight\CC2520DB\..\..\..\..\..\Components #
#                     \services\saddr\" -I "C:\Texas                          #
#                     Instruments\ZStack-MSP2618-2.5.1\Projects\zstack\HomeAu #
#                     tomation\SampleLight\CC2520DB\..\..\..\..\..\Components #
#                     \services\sdata\" -I "C:\Texas                          #
#                     Instruments\ZStack-MSP2618-2.5.1\Projects\zstack\HomeAu #
#                     tomation\SampleLight\CC2520DB\..\..\..\..\..\Components #
#                     \stack\af\" -I "C:\Texas Instruments\ZStack-MSP2618-2.5 #
#                     .1\Projects\zstack\HomeAutomation\SampleLight\CC2520DB\ #
#                     ..\..\..\..\..\Components\stack\nwk\" -I "C:\Texas      #
#                     Instruments\ZStack-MSP2618-2.5.1\Projects\zstack\HomeAu #
#                     tomation\SampleLight\CC2520DB\..\..\..\..\..\Components #
#                     \stack\sec\" -I "C:\Texas Instruments\ZStack-MSP2618-2. #
#                     5.1\Projects\zstack\HomeAutomation\SampleLight\CC2520DB #
#                     \..\..\..\..\..\Components\stack\sapi\" -I "C:\Texas    #
#                     Instruments\ZStack-MSP2618-2.5.1\Projects\zstack\HomeAu #
#                     tomation\SampleLight\CC2520DB\..\..\..\..\..\Components #
#                     \stack\sys\" -I "C:\Texas Instruments\ZStack-MSP2618-2. #
#                     5.1\Projects\zstack\HomeAutomation\SampleLight\CC2520DB #
#                     \..\..\..\..\..\Components\stack\zcl\" -I "C:\Texas     #
#                     Instruments\ZStack-MSP2618-2.5.1\Projects\zstack\HomeAu #
#                     tomation\SampleLight\CC2520DB\..\..\..\..\..\Components #
#                     \stack\zdo\" -I "C:\Texas Instruments\ZStack-MSP2618-2. #
#                     5.1\Projects\zstack\HomeAutomation\SampleLight\CC2520DB #
#                     \..\..\..\..\..\Components\zmac\" -I "C:\Texas          #
#                     Instruments\ZStack-MSP2618-2.5.1\Projects\zstack\HomeAu #
#                     tomation\SampleLight\CC2520DB\..\..\..\..\..\Components #
#                     \zmac\f8w\" --core=430X --data_model=small -Ohz         #
#                     --multiplier=16s --require_prototypes                   #
#    List file     =  C:\Texas Instruments\ZStack-MSP2618-2.5.1\Projects\zsta #
#                     ck\HomeAutomation\SampleLight\CC2520DB\Router\List\hal_ #
#                     timer.lst                                               #
#    Object file   =  C:\Texas Instruments\ZStack-MSP2618-2.5.1\Projects\zsta #
#                     ck\HomeAutomation\SampleLight\CC2520DB\Router\Obj\hal_t #
#                     imer.r43                                                #
#                                                                             #
#                                                                             #
###############################################################################

C:\Texas Instruments\ZStack-MSP2618-2.5.1\Components\hal\target\MSP2618CC2520\hal_timer.c
      1          /*********************************************************************
      2            Filename:       hal_timer.c
      3            Revised:        $Date: 2009-12-22 12:38:28 -0800 (Tue, 22 Dec 2009) $
      4            Revision:       $Revision: 21387 $
      5          
      6            Description:   This file contains the interface to the Timer Service.
      7          
      8          
      9            Copyright 2006-2009 Texas Instruments Incorporated. All rights reserved.
     10          
     11            IMPORTANT: Your use of this Software is limited to those specific rights
     12            granted under the terms of a software license agreement between the user
     13            who downloaded the software, his/her employer (which must be your employer)
     14            and Texas Instruments Incorporated (the "License").  You may not use this
     15            Software unless you agree to abide by the terms of the License. The License
     16            limits your use, and you acknowledge, that the Software may not be modified,
     17            copied or distributed unless embedded on a Texas Instruments microcontroller
     18            or used solely and exclusively in conjunction with a Texas Instruments radio
     19            frequency transceiver, which is integrated into your product.  Other than for
     20            the foregoing purpose, you may not use, reproduce, copy, prepare derivative
     21            works of, modify, distribute, perform, display or sell this Software and/or
     22            its documentation for any purpose.
     23          
     24            YOU FURTHER ACKNOWLEDGE AND AGREE THAT THE SOFTWARE AND DOCUMENTATION ARE
     25            PROVIDED “AS IS” WITHOUT WARRANTY OF ANY KIND, EITHER EXPRESS OR IMPLIED,
     26            INCLUDING WITHOUT LIMITATION, ANY WARRANTY OF MERCHANTABILITY, TITLE,
     27            NON-INFRINGEMENT AND FITNESS FOR A PARTICULAR PURPOSE. IN NO EVENT SHALL
     28            TEXAS INSTRUMENTS OR ITS LICENSORS BE LIABLE OR OBLIGATED UNDER CONTRACT,
     29            NEGLIGENCE, STRICT LIABILITY, CONTRIBUTION, BREACH OF WARRANTY, OR OTHER
     30            LEGAL EQUITABLE THEORY ANY DIRECT OR INDIRECT DAMAGES OR EXPENSES
     31            INCLUDING BUT NOT LIMITED TO ANY INCIDENTAL, SPECIAL, INDIRECT, PUNITIVE
     32            OR CONSEQUENTIAL DAMAGES, LOST PROFITS OR LOST DATA, COST OF PROCUREMENT
     33            OF SUBSTITUTE GOODS, TECHNOLOGY, SERVICES, OR ANY CLAIMS BY THIRD PARTIES
     34            (INCLUDING BUT NOT LIMITED TO ANY DEFENSE THEREOF), OR OTHER SIMILAR COSTS.
     35          
     36            Should you have any questions regarding your right to use this Software,
     37            contact Texas Instruments Incorporated at www.TI.com.
     38          **************************************************************************************************/
     39          
     40          /*********************************************************************
     41           * INCLUDES
     42           */
     43          #include <intrinsics.h>
     44          #include "hal_types.h"
     45          #include "hal_timer.h"

   \                                 In  segment DATA16_AN, at 0x180
   \   unsigned short volatile TBCTL
   \                     TBCTL:
   \   000000                DS8 2

   \                                 In  segment DATA16_AN, at 0x182
   \   unsigned short volatile TBCCTL0
   \                     TBCCTL0:
   \   000000                DS8 2

   \                                 In  segment DATA16_AN, at 0x190
   \   unsigned short volatile TBR
   \                     TBR:
   \   000000                DS8 2

   \                                 In  segment DATA16_AN, at 0x192
   \   unsigned short volatile TBCCR0
   \                     TBCCR0:
   \   000000                DS8 2
     46          #include "hal_mcu.h"
     47          #include "hal_board_cfg.h"
     48          
     49          
     50          /*********************************************************************
     51           * MACROS
     52           */
     53          #define HAL_TIMER_INIT() { TBCCTL0 = 0 ; TBCTL = 0; TBCCR0 = 0; }
     54          
     55          
     56          /*********************************************************************
     57           * CONSTANTS
     58           */
     59          
     60          /* Timer clock pre-scaler definition for TimerB - MSP430 */
     61          #define HAL_TIMERB_16_TC_DIV1   ID_0
     62          #define HAL_TIMERB_16_TC_DIV2   ID_1
     63          #define HAL_TIMERB_16_TC_DIV4   ID_2
     64          #define HAL_TIMERB_16_TC_DIV8   ID_3
     65          
     66          /* Prescale settings */
     67          #define HAL_TIMER_B_16_PRESCALE      HAL_TIMERB_16_TC_DIV1
     68          #define HAL_TIMER_B_16_PRESCALE_VAL  1
     69          
     70          /* Clock settings, for MSP430s that have 6MHz crystal installed,
     71           * #define HAL_TIMER_FLL_ADJUST_KHZ HAL_TIMER_MHZ - this will turn off the FLL adjustment.
     72           * The integer casts prevent floating point library from being linked in.
     73           */
     74          #define HAL_TIMER_MHZ             (uint8)(HAL_CPU_CLOCK_MHZ)         /* 6MHz for some boards */
     75          #define HAL_TIMER_FLL_ADJUST_KHZ (uint32)(HAL_CPU_CLOCK_MHZ * 1000)  /* 6291KHZ */
     76          
     77          /* Timer re-map */
     78          #define HAL_TIMER_A   HAL_TIMER_1  /* Used by MAC */
     79          #define HAL_TIMER_B   HAL_TIMER_3
     80          
     81          
     82          /*********************************************************************
     83           * TYPEDEFS
     84           */
     85          typedef struct
     86          {
     87            bool configured;
     88            bool intEnable;
     89            uint8 opMode;
     90            uint8 channel;
     91            uint8 channelMode;
     92            uint8 prescale;
     93            uint8 prescaleVal;
     94            uint8 clock;
     95            halTimerCBack_t callBackFunc;
     96          }halTimerSettings_t;
     97          
     98          /***************************************************************************************************
     99           *                                             GLOBAL VARIABLES
    100           ***************************************************************************************************/

   \                                 In  segment DATA16_Z, align 2, align-sorted
   \   000000                REQUIRE ?cstart_init_zero
    101          static halTimerSettings_t timerRecord[HAL_TIMER_MAX];
   \                     timerRecord:
   \   000000                DS8 48
    102          
    103          /*********************************************************************
    104           * FUNCTIONS - Local
    105           */
    106          static uint8 halTimerSetCount (uint8 timerId, uint32 timePerTick);
    107          static uint8 halTimerSetPrescale (uint8 timerId, uint8 prescale);
    108          static uint8 halTimerSetOpMode (uint8 timerId, uint8 opMode);
    109          static void  halTimerSendCallBack (uint8 timerId, uint8 channel, uint8 channelMode);
    110          
    111          /***************************************************************************************************
    112           *                                              FUNCTIONS - API
    113           ***************************************************************************************************/
    114          
    115          /***************************************************************************************************
    116           * @fn      HalTimerInit
    117           *
    118           * @brief   Initialize Timer Service
    119           *
    120           * @param   None
    121           *
    122           * @return  None
    123           ***************************************************************************************************/

   \                                 In  segment CODE, align 2
    124          void HalTimerInit (void)
   \                     HalTimerInit:
    125          {
    126            /* Setup prescale & clock for timerB */
    127            timerRecord[HAL_TIMER_B].prescale    = HAL_TIMER_B_16_PRESCALE;
   \   000000   C243....     MOV.B   #0x0, &timerRecord + 41
    128            timerRecord[HAL_TIMER_B].clock       = HAL_TIMER_MHZ; /* MHz */
   \   000004   F2400600.... MOV.B   #0x6, &timerRecord + 43
    129            timerRecord[HAL_TIMER_B].prescaleVal = HAL_TIMER_B_16_PRESCALE_VAL;
   \   00000A   D243....     MOV.B   #0x1, &timerRecord + 42
    130          
    131            HAL_TIMER_INIT();
   \   00000E   82438201     MOV.W   #0x0, &0x182
   \   000012   82438001     MOV.W   #0x0, &0x180
   \   000016   82439201     MOV.W   #0x0, &0x192
    132          }
   \   00001A   1001         RETA
   \   00001C                REQUIRE TBCCTL0
   \   00001C                REQUIRE TBCTL
   \   00001C                REQUIRE TBCCR0
    133          
    134          /***************************************************************************************************
    135           * @fn      HalTimerConfig
    136           *
    137           * @brief   Configure the Timer Serivce
    138           *
    139           * @param   timerId - Id of the timer
    140           *          opMode  - Operation mode
    141           *          channel - Channel where the counter operates on
    142           *          channelMode - Mode of that channel
    143           *          prescale - Prescale of the clock
    144           *          cBack - Pointer to the callback function
    145           *
    146           * @return  Status of the configuration
    147           ***************************************************************************************************/

   \                                 In  segment CODE, align 2
    148          uint8 HalTimerConfig ( uint8 timerId, uint8 opMode, uint8 channel, uint8 channelMode,  bool intEnable, halTimerCBack_t cBack )
   \                     HalTimerConfig:
    149          {
   \   000000   2A15         PUSHM.W #0x3, R10
   \   000002   5A410A00     MOV.B   0xa(SP), R10
   \   000006   18410C00     MOV.W   0xc(SP), R8
   \   00000A   19410E00     MOV.W   0xe(SP), R9
    150            if ((opMode & HAL_TIMER_MODE_MASK) && (timerId < HAL_TIMER_MAX) && (channelMode & HAL_TIMER_CHANNEL_MASK) && (channel & HAL_TIMER_CHANNEL_MASK))
   \   00000E   7DB00300     BIT.B   #0x3, R13
   \   000012   1B24         JEQ     ??HalTimerConfig_0
   \   000014   6C92         CMP.B   #0x4, R12
   \   000016   192C         JC      ??HalTimerConfig_0
   \   000018   7FB00F00     BIT.B   #0xf, R15
   \   00001C   1624         JEQ     ??HalTimerConfig_0
   \   00001E   7EB00F00     BIT.B   #0xf, R14
   \   000022   1324         JEQ     ??HalTimerConfig_0
    151            {
    152              if (timerId == HAL_TIMER_B)
   \   000024   7C900300     CMP.B   #0x3, R12
   \   000028   0E20         JNE     ??HalTimerConfig_1
    153              {
    154                timerRecord[timerId].configured    = TRUE;
   \   00002A   D243....     MOV.B   #0x1, &timerRecord + 36
    155                timerRecord[timerId].opMode        = opMode;
   \   00002E   C24D....     MOV.B   R13, &timerRecord + 38
    156                timerRecord[timerId].channel       = channel;      /* Ignored for MSP430 */
   \   000032   C24E....     MOV.B   R14, &timerRecord + 39
    157                timerRecord[timerId].channelMode   = channelMode;  /* Support only 1 Mode - Capture-Compare */
   \   000036   C24F....     MOV.B   R15, &timerRecord + 40
    158                timerRecord[timerId].intEnable     = intEnable;
   \   00003A   C24A....     MOV.B   R10, &timerRecord + 37
    159                timerRecord[timerId].callBackFunc  = cBack;
   \   00003E   8248....     MOV.W   R8, &timerRecord + 44
   \   000042   8249....     MOV.W   R9, &timerRecord + 46
    160              }
    161            }
    162            else
    163            {
    164              return HAL_TIMER_PARAMS_ERROR;
    165            }
    166            return HAL_TIMER_OK;
   \                     ??HalTimerConfig_1:
   \   000046   4C43         MOV.B   #0x0, R12
   \   000048   013C         JMP     ??HalTimerConfig_2
   \                     ??HalTimerConfig_0:
   \   00004A   6C43         MOV.B   #0x2, R12
   \                     ??HalTimerConfig_2:
   \   00004C   2817         POPM.W  #0x3, R10
   \   00004E   1001         RETA
    167          }
    168          
    169          
    170          /***************************************************************************************************
    171           * @fn      HalTimerStart
    172           *
    173           * @brief   Start the Timer Service
    174           *
    175           * @param   timerId      - ID of the timer
    176           *          timerPerTick - number of micro sec per tick, (ticks x prescale) / clock = usec/tick
    177           *
    178           * @return  Status - OK or Not OK
    179           ***************************************************************************************************/

   \                                 In  segment CODE, align 2
    180          uint8 HalTimerStart ( uint8 timerId, uint32 timePerTick)
   \                     HalTimerStart:
    181          {
   \   000000   1B15         PUSHM.W #0x2, R11
   \   000002   4A4C         MOV.B   R12, R10
    182            if (timerRecord[timerId].configured)
   \   000004   0B4A         MOV.W   R10, R11
   \   000006                RPT     #0xb
   \   000006   4A180B5A     ADDX.W  R10, R11
   \   00000A   CB93....     CMP.B   #0x0, timerRecord(R11)
   \   00000E   1E24         JEQ     ??HalTimerStart_2
    183            {
    184              halTimerSetCount        (timerId, timePerTick);
   \   000010   ........     CALLA   #halTimerSetCount
    185              halTimerSetPrescale     (timerId, timerRecord[timerId].prescale);
   \   000014   7A900300     CMP.B   #0x3, R10
   \   000018   0420         JNE     ??HalTimerStart_3
   \   00001A   5F42....     MOV.B   &timerRecord + 41, R15
   \   00001E   82DF8001     BIS.W   R15, &0x180
    186              halTimerSetOpMode       (timerId, timerRecord[timerId].opMode);
   \                     ??HalTimerStart_3:
   \   000022   5E4B....     MOV.B   timerRecord + 2(R11), R14
   \   000026   5E83         SUB.B   #0x1, R14
   \   000028   0224         JEQ     ??HalTimerStart_0
   \   00002A   5E83         SUB.B   #0x1, R14
   \   00002C   0620         JNE     ??HalTimerStart_1
   \                     ??HalTimerStart_0:
   \   00002E   7A900300     CMP.B   #0x3, R10
   \   000032   0320         JNE     ??HalTimerStart_1
   \   000034   B2D010008001 BIS.W   #0x10, &0x180
    187              HalTimerInterruptEnable (timerId, timerRecord[timerId].channelMode, timerRecord[timerId].intEnable);
   \                     ??HalTimerStart_1:
   \   00003A   5E4B....     MOV.B   timerRecord + 1(R11), R14
   \   00003E   5D4B....     MOV.B   timerRecord + 4(R11), R13
   \   000042   4C4A         MOV.B   R10, R12
   \   000044   ........     CALLA   #HalTimerInterruptEnable
    188            }
    189            else
    190            {
    191              return HAL_TIMER_NOT_CONFIGURED;
    192            }
    193            return HAL_TIMER_OK;
   \   000048   4C43         MOV.B   #0x0, R12
   \   00004A   023C         JMP     ??HalTimerStart_4
   \                     ??HalTimerStart_2:
   \   00004C   7C400300     MOV.B   #0x3, R12
   \                     ??HalTimerStart_4:
   \   000050   1A17         POPM.W  #0x2, R11
   \   000052   1001         RETA
   \   000054                REQUIRE TBCTL
    194          }
    195          
    196          /***************************************************************************************************
    197           * @fn      HalTimerTick
    198           *
    199           * @brief   Check the counter for expired counter.
    200           *
    201           * @param   None
    202           *
    203           * @return  None
    204           ***************************************************************************************************/

   \                                 In  segment CODE, align 2
    205           void HalTimerTick ( void )
   \                     HalTimerTick:
    206           {
    207              if (!timerRecord[HAL_TIMER_B].intEnable)
   \   000000   C293....     CMP.B   #0x0, &timerRecord + 37
   \   000004   1120         JNE     ??HalTimerTick_0
    208              {
    209                /* Counter3 - OC Mode */
    210                if (TBCCTL0 & CCIFG)
   \   000006   92B38201     BIT.W   #0x1, &0x182
   \   00000A   0E28         JNC     ??HalTimerTick_0
    211                {
    212                  /* Clear CIF flag manually for polling */
    213                  TBCCTL0 &= (CCIFG ^ 0xFFFF);
   \   00000C   92C38201     BIC.W   #0x1, &0x182
    214                  /* Send callback */
    215                  halTimerSendCallBack ( HAL_TIMER_B, HAL_TIMER_CHANNEL_A, HAL_TIMER_CH_MODE_OUTPUT_COMPARE);
   \   000010   1F42....     MOV.W   &timerRecord + 44, R15
   \   000014   1FD2....     BIS.W   &timerRecord + 46, R15
   \   000018   0F93         CMP.W   #0x0, R15
   \   00001A   0624         JEQ     ??HalTimerTick_0
   \   00001C   6E43         MOV.B   #0x2, R14
   \   00001E   6D43         MOV.B   #0x2, R13
   \   000020   7C400300     MOV.B   #0x3, R12
   \   000024   ........     CALLA   &timerRecord + 44
    216                }
    217              }
    218          }
   \                     ??HalTimerTick_0:
   \   000028   1001         RETA
   \   00002A                REQUIRE TBCCTL0
    219          
    220          /***************************************************************************************************
    221           * @fn      HalTimerStop
    222           *
    223           * @brief   Stop the Timer Service
    224           *
    225           * @param   timerId - ID of the timer
    226           *
    227           * @return  Status - OK or Not OK
    228           ***************************************************************************************************/

   \                                 In  segment CODE, align 2
    229          uint8 HalTimerStop ( uint8 timerId )
   \                     HalTimerStop:
    230          {
    231            uint8 status = HAL_TIMER_OK;
   \   000000   4E43         MOV.B   #0x0, R14
    232            switch (timerId)
   \   000002   7C900300     CMP.B   #0x3, R12
   \   000006   0420         JNE     ??HalTimerStop_0
    233            {
    234              case HAL_TIMER_B:
    235                TBCTL |= MC_0;
   \   000008   924280018001 MOV.W   &0x180, &0x180
    236                break;
   \   00000E   013C         JMP     ??HalTimerStop_1
    237              default:
    238                status = HAL_TIMER_INVALID_ID;
   \                     ??HalTimerStop_0:
   \   000010   6E42         MOV.B   #0x4, R14
    239                break;
    240            }
    241            return (status);
   \                     ??HalTimerStop_1:
   \   000012   4C4E         MOV.B   R14, R12
   \   000014   1001         RETA
   \   000016                REQUIRE TBCTL
    242          }
    243          
    244          /***************************************************************************************************
    245           * @fn      halTimerSetCount
    246           *
    247           * @brief   Stop the Timer Service
    248           *
    249           * @param   timerId - ID of the timer
    250           *          timerPerTick - Number micro sec per ticks
    251           *
    252           * @return  Status - OK or Not OK
    253           ***************************************************************************************************/

   \                                 In  segment CODE, align 2
    254          uint8 halTimerSetCount ( uint8 timerId, uint32 timePerTick )
   \                     halTimerSetCount:
    255          {
   \   000000   3B15         PUSHM.W #0x4, R11
   \   000002   4A4C         MOV.B   R12, R10
    256            uint32 fll_adjust;
    257            uint16 count;
    258          
    259            /* FLL adjust. CPU clock may be generatd from 32KHz and may not be exactly 6 MHz.
    260             * first, calculate the difference to the base 6MHz in KHz.
    261             */
    262            fll_adjust = HAL_TIMER_FLL_ADJUST_KHZ - timerRecord[timerId].clock * 1000;
    263          
    264            /* then, add the base 6MHz to get the true clock speed in KHz */
    265            fll_adjust += (HAL_TIMER_MHZ * 1000);
    266          
    267            /* Load count = ((sec/tick) x clock) / prescale */
    268            count = (uint16)((timePerTick * fll_adjust / 1000) / timerRecord[timerId].prescaleVal);
   \   000004   0B4A         MOV.W   R10, R11
   \   000006                RPT     #0xb
   \   000006   4A180B5A     ADDX.W  R10, R11
   \   00000A   0C4E         MOV.W   R14, R12
   \   00000C   0D4F         MOV.W   R15, R13
   \   00000E   3E40E02E     MOV.W   #0x2ee0, R14
   \   000012   0F43         MOV.W   #0x0, R15
   \   000014   584B....     MOV.B   timerRecord + 7(R11), R8
   \   000018   580A         RLAM.W  #0x3, R8
   \   00001A   0948         MOV.W   R8, R9
   \   00001C   5806         RLAM.W  #0x2, R8
   \   00001E   0958         ADD.W   R8, R9
   \   000020   0858         RLA.W   R8
   \   000022   0958         ADD.W   R8, R9
   \   000024   0858         RLA.W   R8
   \   000026   0958         ADD.W   R8, R9
   \   000028   0858         RLA.W   R8
   \   00002A   0958         ADD.W   R8, R9
   \   00002C   0858         RLA.W   R8
   \   00002E   0859         ADD.W   R9, R8
   \   000030   0948         MOV.W   R8, R9
   \   000032   39E3         XOR.W   #0xffff, R9
   \   000034   0959         RLA.W   R9
   \   000036   0979         SUBC.W  R9, R9
   \   000038   0E88         SUB.W   R8, R14
   \   00003A   0F79         SUBC.W  R9, R15
   \   00003C   ........     CALLA   #?Mul32
   \   000040   3E40E803     MOV.W   #0x3e8, R14
   \   000044   0F43         MOV.W   #0x0, R15
   \   000046   ........     CALLA   #?DivMod32u
   \   00004A   5E4B....     MOV.B   timerRecord + 6(R11), R14
   \   00004E   0F43         MOV.W   #0x0, R15
   \   000050   ........     CALLA   #?DivMod32u
    269          
    270            switch (timerId)
   \   000054   7A900300     CMP.B   #0x3, R10
   \   000058   0A20         JNE     ??halTimerSetCount_0
    271            {
    272              case HAL_TIMER_B:
    273                TBR     = 0;         /* Set counter */
   \   00005A   82439001     MOV.W   #0x0, &0x190
    274                TBCTL  |= TBSSEL_2;  /* Set Clock type - SMCLK */
   \   00005E   B2D000028001 BIS.W   #0x200, &0x180
    275                TBCCR0  = count-1;   /* Set count */
   \   000064   3C53         ADD.W   #0xffff, R12
   \   000066   824C9201     MOV.W   R12, &0x192
    276                break;
    277              default:
    278                return HAL_TIMER_INVALID_ID;
    279            }
    280            return HAL_TIMER_OK;
   \   00006A   4C43         MOV.B   #0x0, R12
   \   00006C   013C         JMP     ??halTimerSetCount_1
   \                     ??halTimerSetCount_0:
   \   00006E   6C42         MOV.B   #0x4, R12
   \                     ??halTimerSetCount_1:
   \   000070   3817         POPM.W  #0x4, R11
   \   000072   1001         RETA
   \   000074                REQUIRE TBR
   \   000074                REQUIRE TBCTL
   \   000074                REQUIRE TBCCR0
    281          }
    282          
    283          /***************************************************************************************************
    284           * @fn      halTimerSetPrescale
    285           *
    286           * @brief   Stop the Timer Service
    287           *
    288           * @param   timerId - ID of the timer
    289           *          prescale - Prescale of the clock
    290           *
    291           * @return  Status - OK or Not OK
    292           ***************************************************************************************************/
    293          uint8 halTimerSetPrescale ( uint8 timerId, uint8 prescale )
    294          {
    295            switch (timerId)
    296            {
    297              case HAL_TIMER_B:
    298                TBCTL |= prescale;  /* Load prescalar */
    299                break;
    300              default:
    301                return HAL_TIMER_INVALID_ID;
    302            }
    303          
    304            return HAL_TIMER_OK;
    305          }
    306          
    307          /***************************************************************************************************
    308           * @fn      halTimerSetOpMode
    309           *
    310           * @brief   Setup operate modes
    311           *
    312           * @param   timerId - ID of the timer
    313           *          opMode - operation mode of the timer
    314           *
    315           * @return  Status - OK or Not OK
    316           ***************************************************************************************************/
    317          uint8 halTimerSetOpMode ( uint8 timerId, uint8 opMode )
    318          {
    319            uint8 status = HAL_TIMER_OK;
    320          
    321            switch (opMode)
    322            {
    323              case HAL_TIMER_MODE_NORMAL:
    324              case HAL_TIMER_MODE_CTC:
    325                if (timerId == HAL_TIMER_B)
    326                {
    327                  TBCTL |= MC_1;  /* UP mode */
    328                }
    329                break;
    330          
    331              default:
    332                status = HAL_TIMER_INVALID_OP_MODE;
    333                break;
    334            }
    335          
    336            return (status);
    337          }
    338          
    339          /***************************************************************************************************
    340           * @fn      HalTimerInterruptEnable
    341           *
    342           * @brief   Enable or disable interrupt and set channel mode
    343           *
    344           * @param   timerId - ID of the timer
    345           *          channelMode - channel mode
    346           *          enable - TRUE or FALSE
    347           *
    348           * @return  Status - OK or Not OK
    349           ***************************************************************************************************/

   \                                 In  segment CODE, align 2
    350          uint8 HalTimerInterruptEnable ( uint8 timerId, uint8 channelMode, bool enable )
   \                     HalTimerInterruptEnable:
    351          {
    352            uint8 status = HAL_TIMER_OK;
   \   000000   4F43         MOV.B   #0x0, R15
    353          
    354            switch (channelMode)
   \   000002   6D93         CMP.B   #0x2, R13
   \   000004   1320         JNE     ??HalTimerInterruptEnable_0
    355            {
    356          
    357              case HAL_TIMER_CH_MODE_OUTPUT_COMPARE:
    358          
    359                /* Set to Compare mode */
    360                TBCCTL0 &= (CAP ^ 0xFFFF);
   \   000006   B2C000018201 BIC.W   #0x100, &0x182
    361          
    362                if (enable)
   \   00000C   4E93         CMP.B   #0x0, R14
   \   00000E   0724         JEQ     ??HalTimerInterruptEnable_1
    363                {
    364                  /* Enable interrupt */
    365                  if (timerId == HAL_TIMER_B)
   \   000010   7C900300     CMP.B   #0x3, R12
   \   000014   0D20         JNE     ??HalTimerInterruptEnable_2
    366                    TBCCTL0 |= CCIE;
   \   000016   B2D010008201 BIS.W   #0x10, &0x182
   \   00001C   093C         JMP     ??HalTimerInterruptEnable_2
    367                }
    368                else
    369                {
    370                  /* Disable interrupt */
    371                  if (timerId == HAL_TIMER_B)
   \                     ??HalTimerInterruptEnable_1:
   \   00001E   7C900300     CMP.B   #0x3, R12
   \   000022   0620         JNE     ??HalTimerInterruptEnable_2
    372                    TBCCTL0  &= (CCIE ^ 0xFFFF);
   \   000024   B2C010008201 BIC.W   #0x10, &0x182
   \   00002A   023C         JMP     ??HalTimerInterruptEnable_2
    373                }
    374                break;
    375          
    376              default:
    377                status = HAL_TIMER_INVALID_CH_MODE;
   \                     ??HalTimerInterruptEnable_0:
   \   00002C   7F400500     MOV.B   #0x5, R15
    378              break;
    379            }
    380          
    381            return (status);
   \                     ??HalTimerInterruptEnable_2:
   \   000030   4C4F         MOV.B   R15, R12
   \   000032   1001         RETA
   \   000034                REQUIRE TBCCTL0
    382          }
    383          
    384          /***************************************************************************************************
    385           * @fn      halTimerSendCallBack
    386           *
    387           * @brief   Send Callback back to the caller
    388           *
    389           * @param   timerId - ID of the timer
    390           *          channel - channel where the interrupt occurs
    391           *          channelMode - channel mode
    392           *
    393           *
    394           * @return  None
    395           ***************************************************************************************************/
    396          void halTimerSendCallBack ( uint8 timerId, uint8 channel, uint8 channelMode )
    397          {
    398            if (timerRecord[timerId].callBackFunc)
    399            {
    400              (timerRecord[timerId].callBackFunc) (timerId, channel, channelMode);
    401            }
    402          }
    403          
    404          
    405          /***************************************************************************************************
    406           *                                    INTERRUPT SERVICE ROUTINE
    407           ***************************************************************************************************/
    408          
    409          /*
    410           *   Interrupt Service for the timerB, channel 0, output compare mode
    411           */

   \                                 In  segment ISR_CODE, align 2
    412          INTERRUPT_TIMERB_OC_CC0()
   \                     haBoardTimerB0Isr:
    413          {
    414          #if (defined HAL_TIMER) && (HAL_TIMER == TRUE)
    415          
    416          #ifdef POWER_SAVING
    417            __low_power_mode_off_on_exit();
    418          #endif
    419            if (timerRecord[HAL_TIMER_B].intEnable)
    420            {
    421              halTimerSendCallBack ( HAL_TIMER_B, HAL_TIMER_CHANNEL_A, HAL_TIMER_CH_MODE_OUTPUT_COMPARE);
    422            }
    423          
    424          #endif /* (defined HAL_TIMER) && (HAL_TIMER == TRUE) */
    425          }
   \   000000   0013         RETI
    426          
    427          /*
    428           *   Interrupt Service for the timerB, channel 1-6, output compare mode
    429           */

   \                                 In  segment ISR_CODE, align 2
    430          INTERRUPT_TIMERB_OC_CC1_6()
   \                     haBoardTimerB1Isr:
    431          {
    432            /* Not doing anything for now */
    433          }
   \   000000   0013         RETI

   \                                 In  segment INTVEC, offset 0x38, root
   \                     `??haBoardTimerB1Isr??INTVEC 56`:
   \   000038   ....         DC16    haBoardTimerB1Isr

   \                                 In  segment INTVEC, offset 0x3a, root
   \                     `??haBoardTimerB0Isr??INTVEC 58`:
   \   00003A   ....         DC16    haBoardTimerB0Isr
    434          
    435          /***************************************************************************************************
    436          ***************************************************************************************************/
    437          

   Maximum stack usage in bytes:

   CSTACK Function
   ------ --------
     10   HalTimerConfig
      4   HalTimerInit
      4   HalTimerInterruptEnable
      8   HalTimerStart
        8   -> HalTimerInterruptEnable
        8   -> halTimerSetCount
      4   HalTimerStop
      4   HalTimerTick
        4   -- Indirect call
      4   haBoardTimerB0Isr
      4   haBoardTimerB1Isr
     12   halTimerSetCount


   Segment part sizes:

   Bytes  Function/Label
   -----  --------------
       2  ??haBoardTimerB0Isr??INTVEC 58
       2  ??haBoardTimerB1Isr??INTVEC 56
      80  HalTimerConfig
      28  HalTimerInit
      52  HalTimerInterruptEnable
      84  HalTimerStart
      22  HalTimerStop
      42  HalTimerTick
       2  TBCCR0
       2  TBCCTL0
       2  TBCTL
       2  TBR
       2  haBoardTimerB0Isr
       2  haBoardTimerB1Isr
     116  halTimerSetCount
      48  timerRecord

 
 424 bytes in segment CODE
   8 bytes in segment DATA16_AN
  48 bytes in segment DATA16_Z
   4 bytes in segment INTVEC
   4 bytes in segment ISR_CODE
 
 428 bytes of CODE  memory
   0 bytes of CONST memory (+ 4 bytes shared)
  48 bytes of DATA  memory (+ 8 bytes shared)

Errors: none
Warnings: none
