###############################################################################
#                                                                             #
# IAR C/C++ Compiler V5.52.1.50724/W32 for MSP430       10/Jun/2013  16:30:10 #
# Copyright 1996-2013 IAR Systems AB.                                         #
#                                                                             #
#    __rt_version  =  3                                                       #
#    __double_size =  32                                                      #
#    __reg_r4      =  free                                                    #
#    __reg_r5      =  free                                                    #
#    __pic         =  no                                                      #
#    __core        =  430X                                                    #
#    __data_model  =  small                                                   #
#    Source file   =  C:\Texas Instruments\ZStack-MSP2618-2.5.1\Components\mt #
#                     \DebugTrace.c                                           #
#    Command line  =  -f "C:\Texas Instruments\ZStack-MSP2618-2.5.1\Projects\ #
#                     zstack\HomeAutomation\SampleSwitch\CC2520DB\..\..\..\To #
#                     ols\MSP2618\f8wConfig.cfg" (-DZIGBEEPRO -DSECURE=0      #
#                     -DZG_SECURE_DYNAMIC=0 -DREFLECTOR                       #
#                     -DDEFAULT_CHANLIST=0x00000800                           #
#                     -DZDAPP_CONFIG_PAN_ID=0xFFFF -DNWK_START_DELAY=100      #
#                     -DEXTENDED_JOINING_RANDOM_MASK=0x007F                   #
#                     -DBEACON_REQUEST_DELAY=100                              #
#                     -DBEACON_REQ_DELAY_MASK=0x00FF                          #
#                     -DLINK_STATUS_JITTER_MASK=0x007F                        #
#                     -DROUTE_EXPIRY_TIME=30 -DAPSC_ACK_WAIT_DURATION_POLLED= #
#                     3000 -DNWK_INDIRECT_MSG_TIMEOUT=7 -DMAX_RREQ_ENTRIES=8  #
#                     -DAPSC_MAX_FRAME_RETRIES=3 -DNWK_MAX_DATA_RETRIES=2     #
#                     -DMAX_POLL_FAILURE_RETRIES=2 -DMAX_BCAST=9              #
#                     -DAPS_MAX_GROUPS=16 -DMAX_RTG_ENTRIES=40                #
#                     -DNWK_MAX_BINDING_ENTRIES=4                             #
#                     -DMAX_BINDING_CLUSTER_IDS=4 "-DDEFAULT_KEY={0x01,       #
#                     0x03, 0x05, 0x07, 0x09, 0x0B, 0x0D, 0x0F, 0x00, 0x02,   #
#                     0x04, 0x06, 0x08, 0x0A, 0x0C, 0x0D}"                    #
#                     -DMAC_MAX_FRAME_SIZE=116 -DZDNWKMGR_MIN_TRANSMISSIONS=2 #
#                     0 -DRFD_RCVC_ALWAYS_ON=FALSE -DPOLL_RATE=1000           #
#                     -DQUEUED_POLL_RATE=100 -DRESPONSE_POLL_RATE=100         #
#                     -DREJOIN_POLL_RATE=440) -f "C:\Texas                    #
#                     Instruments\ZStack-MSP2618-2.5.1\Projects\zstack\HomeAu #
#                     tomation\SampleSwitch\CC2520DB\..\..\..\Tools\MSP2618\f #
#                     8wRouter.cfg" (-DCPU6MHZ -DMAC_CFG_APP_PENDING_QUEUE=TR #
#                     UE -DMAC_CFG_TX_DATA_MAX=5 -DMAC_CFG_TX_MAX=8           #
#                     -DMAC_CFG_RX_MAX=5 -DRTR_NWK) -f "C:\Texas              #
#                     Instruments\ZStack-MSP2618-2.5.1\Projects\zstack\HomeAu #
#                     tomation\SampleSwitch\CC2520DB\..\..\..\Tools\MSP2618\f #
#                     8wZCL.cfg" (-DZCL_READ -DZCL_WRITE -DZCL_BASIC          #
#                     -DZCL_IDENTIFY -DZCL_ON_OFF -DZCL_KEY_ESTABLISH         #
#                     -DZCL_KEY_ESTABLISHMENT_KEY_GENERATE_TIMEOUT=4          #
#                     -DZCL_KEY_ESTABLISHMENT_MAC_GENERATE_TIMEOUT=10         #
#                     -DZCL_KEY_ESTABLISHMENT_EKEY_GENERATE_TIMEOUT=10        #
#                     -DZCL_LOAD_CONTROL -DZCL_SIMPLE_METERING -DZCL_PRICING  #
#                     -DZCL_MESSAGE -DZCL_TUNNELING -DZCL_TOU)                #
#                     -DZCL_DEVICE_MGMT "C:\Texas                             #
#                     Instruments\ZStack-MSP2618-2.5.1\Components\mt\DebugTra #
#                     ce.c" -D MSP430F2618 -D ZTOOL_P1 -D MT_TASK -D          #
#                     MT_SYS_FUNC -D MT_ZDO_FUNC -D LCD_SUPPORTED -lC         #
#                     "C:\Texas Instruments\ZStack-MSP2618-2.5.1\Projects\zst #
#                     ack\HomeAutomation\SampleSwitch\CC2520DB\Router\List\"  #
#                     -lA "C:\Texas Instruments\ZStack-MSP2618-2.5.1\Projects #
#                     \zstack\HomeAutomation\SampleSwitch\CC2520DB\Router\Lis #
#                     t\" --remarks --diag_suppress Pe001,Pe193,Pe236,Pe826   #
#                     -o "C:\Texas Instruments\ZStack-MSP2618-2.5.1\Projects\ #
#                     zstack\HomeAutomation\SampleSwitch\CC2520DB\Router\Obj\ #
#                     " --debug -D__MSP430F2618__ -e --double=32 --clib -I    #
#                     "C:\Texas Instruments\ZStack-MSP2618-2.5.1\Projects\zst #
#                     ack\HomeAutomation\SampleSwitch\CC2520DB\" -I           #
#                     "C:\Texas Instruments\ZStack-MSP2618-2.5.1\Projects\zst #
#                     ack\HomeAutomation\SampleSwitch\CC2520DB\..\Source\"    #
#                     -I "C:\Texas Instruments\ZStack-MSP2618-2.5.1\Projects\ #
#                     zstack\HomeAutomation\SampleSwitch\CC2520DB\..\..\Sourc #
#                     e\" -I "C:\Texas Instruments\ZStack-MSP2618-2.5.1\Proje #
#                     cts\zstack\HomeAutomation\SampleSwitch\CC2520DB\..\..\. #
#                     .\ZMain\MSP2618\" -I "C:\Texas                          #
#                     Instruments\ZStack-MSP2618-2.5.1\Projects\zstack\HomeAu #
#                     tomation\SampleSwitch\CC2520DB\..\..\..\..\..\Component #
#                     s\hal\include\" -I "C:\Texas                            #
#                     Instruments\ZStack-MSP2618-2.5.1\Projects\zstack\HomeAu #
#                     tomation\SampleSwitch\CC2520DB\..\..\..\..\..\Component #
#                     s\hal\target\MSP2618CC2520\" -I "C:\Texas               #
#                     Instruments\ZStack-MSP2618-2.5.1\Projects\zstack\HomeAu #
#                     tomation\SampleSwitch\CC2520DB\..\..\..\..\..\Component #
#                     s\mac\include\" -I "C:\Texas                            #
#                     Instruments\ZStack-MSP2618-2.5.1\Projects\zstack\HomeAu #
#                     tomation\SampleSwitch\CC2520DB\..\..\..\..\..\Component #
#                     s\mac\high_level\" -I "C:\Texas                         #
#                     Instruments\ZStack-MSP2618-2.5.1\Projects\zstack\HomeAu #
#                     tomation\SampleSwitch\CC2520DB\..\..\..\..\..\Component #
#                     s\mac\low_level\srf04\" -I "C:\Texas                    #
#                     Instruments\ZStack-MSP2618-2.5.1\Projects\zstack\HomeAu #
#                     tomation\SampleSwitch\CC2520DB\..\..\..\..\..\Component #
#                     s\mac\low_level\srf04\dual_chip\" -I "C:\Texas          #
#                     Instruments\ZStack-MSP2618-2.5.1\Projects\zstack\HomeAu #
#                     tomation\SampleSwitch\CC2520DB\..\..\..\..\..\Component #
#                     s\mt\" -I "C:\Texas Instruments\ZStack-MSP2618-2.5.1\Pr #
#                     ojects\zstack\HomeAutomation\SampleSwitch\CC2520DB\..\. #
#                     .\..\..\..\Components\osal\include\" -I "C:\Texas       #
#                     Instruments\ZStack-MSP2618-2.5.1\Projects\zstack\HomeAu #
#                     tomation\SampleSwitch\CC2520DB\..\..\..\..\..\Component #
#                     s\osal\mcu\msp430\" -I "C:\Texas                        #
#                     Instruments\ZStack-MSP2618-2.5.1\Projects\zstack\HomeAu #
#                     tomation\SampleSwitch\CC2520DB\..\..\..\..\..\Component #
#                     s\services\saddr\" -I "C:\Texas                         #
#                     Instruments\ZStack-MSP2618-2.5.1\Projects\zstack\HomeAu #
#                     tomation\SampleSwitch\CC2520DB\..\..\..\..\..\Component #
#                     s\services\sdata\" -I "C:\Texas                         #
#                     Instruments\ZStack-MSP2618-2.5.1\Projects\zstack\HomeAu #
#                     tomation\SampleSwitch\CC2520DB\..\..\..\..\..\Component #
#                     s\stack\af\" -I "C:\Texas Instruments\ZStack-MSP2618-2. #
#                     5.1\Projects\zstack\HomeAutomation\SampleSwitch\CC2520D #
#                     B\..\..\..\..\..\Components\stack\nwk\" -I "C:\Texas    #
#                     Instruments\ZStack-MSP2618-2.5.1\Projects\zstack\HomeAu #
#                     tomation\SampleSwitch\CC2520DB\..\..\..\..\..\Component #
#                     s\stack\sec\" -I "C:\Texas                              #
#                     Instruments\ZStack-MSP2618-2.5.1\Projects\zstack\HomeAu #
#                     tomation\SampleSwitch\CC2520DB\..\..\..\..\..\Component #
#                     s\stack\sapi\" -I "C:\Texas                             #
#                     Instruments\ZStack-MSP2618-2.5.1\Projects\zstack\HomeAu #
#                     tomation\SampleSwitch\CC2520DB\..\..\..\..\..\Component #
#                     s\stack\sys\" -I "C:\Texas                              #
#                     Instruments\ZStack-MSP2618-2.5.1\Projects\zstack\HomeAu #
#                     tomation\SampleSwitch\CC2520DB\..\..\..\..\..\Component #
#                     s\stack\zcl\" -I "C:\Texas                              #
#                     Instruments\ZStack-MSP2618-2.5.1\Projects\zstack\HomeAu #
#                     tomation\SampleSwitch\CC2520DB\..\..\..\..\..\Component #
#                     s\stack\zdo\" -I "C:\Texas                              #
#                     Instruments\ZStack-MSP2618-2.5.1\Projects\zstack\HomeAu #
#                     tomation\SampleSwitch\CC2520DB\..\..\..\..\..\Component #
#                     s\zmac\" -I "C:\Texas Instruments\ZStack-MSP2618-2.5.1\ #
#                     Projects\zstack\HomeAutomation\SampleSwitch\CC2520DB\.. #
#                     \..\..\..\..\Components\zmac\f8w\" --core=430X          #
#                     --data_model=small -Ohz --multiplier=16s                #
#                     --require_prototypes                                    #
#    List file     =  C:\Texas Instruments\ZStack-MSP2618-2.5.1\Projects\zsta #
#                     ck\HomeAutomation\SampleSwitch\CC2520DB\Router\List\Deb #
#                     ugTrace.lst                                             #
#    Object file   =  C:\Texas Instruments\ZStack-MSP2618-2.5.1\Projects\zsta #
#                     ck\HomeAutomation\SampleSwitch\CC2520DB\Router\Obj\Debu #
#                     gTrace.r43                                              #
#                                                                             #
#                                                                             #
###############################################################################

C:\Texas Instruments\ZStack-MSP2618-2.5.1\Components\mt\DebugTrace.c
      1          /**************************************************************************************************
      2            Filename:       DebugTrace.c
      3            Revised:        $Date: 2008-01-17 12:22:57 -0800 (Thu, 17 Jan 2008) $
      4            Revision:       $Revision: 16223 $
      5          
      6          
      7            Description:    This interface provides quick one-function-call functions to
      8                            Monitor and Test reporting mechanisms.
      9          
     10          
     11            Copyright 2007 Texas Instruments Incorporated. All rights reserved.
     12          
     13            IMPORTANT: Your use of this Software is limited to those specific rights
     14            granted under the terms of a software license agreement between the user
     15            who downloaded the software, his/her employer (which must be your employer)
     16            and Texas Instruments Incorporated (the "License").  You may not use this
     17            Software unless you agree to abide by the terms of the License. The License
     18            limits your use, and you acknowledge, that the Software may not be modified,
     19            copied or distributed unless embedded on a Texas Instruments microcontroller
     20            or used solely and exclusively in conjunction with a Texas Instruments radio
     21            frequency transceiver, which is integrated into your product.  Other than for
     22            the foregoing purpose, you may not use, reproduce, copy, prepare derivative
     23            works of, modify, distribute, perform, display or sell this Software and/or
     24            its documentation for any purpose.
     25          
     26            YOU FURTHER ACKNOWLEDGE AND AGREE THAT THE SOFTWARE AND DOCUMENTATION ARE
     27            PROVIDED “AS IS” WITHOUT WARRANTY OF ANY KIND, EITHER EXPRESS OR IMPLIED,
     28            INCLUDING WITHOUT LIMITATION, ANY WARRANTY OF MERCHANTABILITY, TITLE,
     29            NON-INFRINGEMENT AND FITNESS FOR A PARTICULAR PURPOSE. IN NO EVENT SHALL
     30            TEXAS INSTRUMENTS OR ITS LICENSORS BE LIABLE OR OBLIGATED UNDER CONTRACT,
     31            NEGLIGENCE, STRICT LIABILITY, CONTRIBUTION, BREACH OF WARRANTY, OR OTHER
     32            LEGAL EQUITABLE THEORY ANY DIRECT OR INDIRECT DAMAGES OR EXPENSES
     33            INCLUDING BUT NOT LIMITED TO ANY INCIDENTAL, SPECIAL, INDIRECT, PUNITIVE
     34            OR CONSEQUENTIAL DAMAGES, LOST PROFITS OR LOST DATA, COST OF PROCUREMENT
     35            OF SUBSTITUTE GOODS, TECHNOLOGY, SERVICES, OR ANY CLAIMS BY THIRD PARTIES
     36            (INCLUDING BUT NOT LIMITED TO ANY DEFENSE THEREOF), OR OTHER SIMILAR COSTS.
     37          
     38            Should you have any questions regarding your right to use this Software,
     39            contact Texas Instruments Incorporated at www.TI.com.
     40          
     41          **************************************************************************************************/
     42          
     43          #if defined( MT_TASK ) || defined( APP_DEBUG )
     44          
     45          /*********************************************************************
     46           * INCLUDES
     47           */
     48          #include "ZComDef.h"
     49          #include "OSAL.h"
     50          #include "MT.h"
     51          #include "MT_TASK.h"
     52          #include "MT_DEBUG.h"
     53          #include "DebugTrace.h"
     54          
     55          #if defined ( APP_DEBUG )
     56            #include "DebugApp.h"
     57          #endif
     58          
     59           /*********************************************************************
     60           * MACROS
     61           */
     62          
     63          /*********************************************************************
     64           * CONSTANTS
     65           */
     66          
     67          
     68          /*********************************************************************
     69           * TYPEDEFS
     70           */
     71          
     72          /*********************************************************************
     73           * GLOBAL VARIABLES
     74           */
     75          
     76          /*********************************************************************
     77           * EXTERNAL VARIABLES
     78           */
     79          
     80          /*********************************************************************
     81           * EXTERNAL FUNCTIONS
     82           */
     83          
     84           /*********************************************************************
     85           * LOCAL VARIABLES
     86           */
     87          
     88          /*********************************************************************
     89           * LOCAL FUNCTIONS
     90           */
     91          
     92          /*********************************************************************
     93           * @fn      debug_msg
     94           *
     95           * @brief
     96           *
     97           *   This feature allows modules to display debug information as
     98           *   applications execute in real-time.  This feature will work similar
     99           *   to "printf()" but will output to the serial port for display in
    100           *   the Z-Test tool.
    101           *
    102           *   This feature will most likely be compiled out in the production code
    103           *   to save code space.
    104           *
    105           * @param   byte compID - Component ID
    106           * @param   byte severity - CRITICAL(0x01), ERROR(0x02), INFORMATION(0x03)
    107           *                          or TRACE(0x04)
    108           * @param   byte numParams - number of parameter fields (param1-3)
    109           * @param   UINT16 param1 - user defined data
    110           * @param   UINT16 param2 - user defined data
    111           * @param   UINT16 param3 - user defined data
    112           *
    113           * @return  void
    114           */

   \                                 In  segment CODE, align 2
    115          void debug_msg( byte compID, byte severity, byte numParams, UINT16 param1,
   \                     debug_msg:
    116          																								UINT16 param2, UINT16 param3 )
    117          {
   \   000000   5B15         PUSHM.W #0x6, R11
   \   000002   4A4C         MOV.B   R12, R10
   \   000004   4B4D         MOV.B   R13, R11
   \   000006   484E         MOV.B   R14, R8
   \   000008   094F         MOV.W   R15, R9
   \   00000A   16411000     MOV.W   0x10(SP), R6
   \   00000E   17411200     MOV.W   0x12(SP), R7
    118          
    119            mtDebugMsg_t *mtDebugMsg;
    120            UINT16 timestamp;
    121          
    122            if ( debugThreshold == 0 || debugCompId != compID )
   \   000012   C293....     CMP.B   #0x0, &debugThreshold
   \   000016   1E24         JEQ     ??debug_msg_0
   \   000018   C29C....     CMP.B   R12, &debugCompId
   \   00001C   1B20         JNE     ??debug_msg_0
    123              return;
    124          
    125            // Fill in the timestamp
    126            timestamp = 0;
    127          
    128            // Get a message buffer to build the debug message
    129            mtDebugMsg = (mtDebugMsg_t *)osal_msg_allocate( sizeof( mtDebugMsg_t ) );
   \   00001E   3C400E00     MOV.W   #0xe, R12
   \   000022   ........     CALLA   #osal_msg_allocate
    130            if ( mtDebugMsg )
   \   000026   0C93         CMP.W   #0x0, R12
   \   000028   1524         JEQ     ??debug_msg_0
    131            {
    132                mtDebugMsg->hdr.event = CMD_DEBUG_MSG;
   \   00002A   EC430000     MOV.B   #0x2, 0(R12)
    133                mtDebugMsg->compID = compID;
   \   00002E   CC4A0200     MOV.B   R10, 0x2(R12)
    134                mtDebugMsg->severity = severity;
   \   000032   CC4B0300     MOV.B   R11, 0x3(R12)
    135                mtDebugMsg->numParams = numParams;
   \   000036   CC480400     MOV.B   R8, 0x4(R12)
    136          
    137                mtDebugMsg->param1 = param1;
   \   00003A   8C490600     MOV.W   R9, 0x6(R12)
    138                mtDebugMsg->param2 = param2;
   \   00003E   8C460800     MOV.W   R6, 0x8(R12)
    139                mtDebugMsg->param3 = param3;
   \   000042   8C470A00     MOV.W   R7, 0xa(R12)
    140                mtDebugMsg->timestamp = timestamp;
   \   000046   8C430C00     MOV.W   #0x0, 0xc(R12)
    141          
    142                osal_msg_send( MT_TaskID, (uint8 *)mtDebugMsg );
   \   00004A   0D4C         MOV.W   R12, R13
   \   00004C   5C42....     MOV.B   &MT_TaskID, R12
   \   000050   ........     CALLA   #osal_msg_send
    143            }
    144          
    145          } /* debug_msg() */
   \                     ??debug_msg_0:
   \   000054   5617         POPM.W  #0x6, R11
   \   000056   1001         RETA
    146          
    147          /*********************************************************************
    148           * @fn      debug_str
    149           *
    150           * @brief
    151           *
    152           *   This feature allows modules to display a debug text string as
    153           *   applications execute in real-time. This feature will output to
    154           *   the serial port for display in the Z-Test tool.
    155           *
    156           *   This feature will most likely be compiled out in the production
    157           *   code in order to save code space.
    158           *
    159           * @param   byte *str_ptr - pointer to null-terminated string
    160           *
    161           * @return  void
    162           */

   \                                 In  segment CODE, align 2
    163          void debug_str( byte *str_ptr )
   \                     debug_str:
    164          {
   \   000000   3B15         PUSHM.W #0x4, R11
   \   000002   0B4C         MOV.W   R12, R11
    165            mtDebugStr_t *msg;
    166            byte mln;
    167            byte strLen;
    168          
    169            // Text string length
    170            strLen = (byte)osal_strlen( (void*)str_ptr );
   \   000004   ........     CALLA   #osal_strlen
   \   000008   4A4C         MOV.B   R12, R10
    171          
    172            // Debug string message length
    173            mln = sizeof ( mtDebugStr_t ) + strLen;
    174          
    175            // Get a message buffer to build the debug message
    176            msg = (mtDebugStr_t *)osal_msg_allocate( mln );
   \   00000A   7C500600     ADD.B   #0x6, R12
   \   00000E   ........     CALLA   #osal_msg_allocate
   \   000012   084C         MOV.W   R12, R8
    177            if ( msg )
   \   000014   0C93         CMP.W   #0x0, R12
   \   000016   1424         JEQ     ??debug_str_0
    178            {
    179              // Message type, length
    180              msg->hdr.event = CMD_DEBUG_STR;
   \   000018   FC4006000000 MOV.B   #0x6, 0(R12)
    181              msg->strLen = strLen;
   \   00001E   CC4A0200     MOV.B   R10, 0x2(R12)
    182          
    183              // Append message, no terminator
    184              msg->pString = (uint8 *)(msg+1);
   \   000022   0F4C         MOV.W   R12, R15
   \   000024   3F500600     ADD.W   #0x6, R15
   \   000028   8C4F0400     MOV.W   R15, 0x4(R12)
    185              osal_memcpy ( msg->pString, str_ptr, strLen );
   \   00002C   4E4A         MOV.B   R10, R14
   \   00002E   0D4B         MOV.W   R11, R13
   \   000030   0C4F         MOV.W   R15, R12
   \   000032   ........     CALLA   #osal_memcpy
    186          
    187              osal_msg_send( MT_TaskID, (uint8 *)msg );
   \   000036   0D48         MOV.W   R8, R13
   \   000038   5C42....     MOV.B   &MT_TaskID, R12
   \   00003C   ........     CALLA   #osal_msg_send
    188            }
    189          } // debug_str()
   \                     ??debug_str_0:
   \   000040   3817         POPM.W  #0x4, R11
   \   000042   1001         RETA
    190          
    191          /*********************************************************************
    192          *********************************************************************/
    193          #endif  // MT_TASK

   Maximum stack usage in bytes:

   CSTACK Function
   ------ --------
     16   debug_msg
       16   -> osal_msg_allocate
       16   -> osal_msg_send
     12   debug_str
       12   -> osal_memcpy
       12   -> osal_msg_allocate
       12   -> osal_msg_send
       12   -> osal_strlen


   Segment part sizes:

   Bytes  Function/Label
   -----  --------------
      88  debug_msg
      68  debug_str

 
 156 bytes in segment CODE
 
 156 bytes of CODE memory

Errors: none
Warnings: none
