###############################################################################
#                                                                             #
# IAR C/C++ Compiler V5.52.1.50724/W32 for MSP430       10/Jun/2013  16:30:24 #
# Copyright 1996-2013 IAR Systems AB.                                         #
#                                                                             #
#    __rt_version  =  3                                                       #
#    __double_size =  32                                                      #
#    __reg_r4      =  free                                                    #
#    __reg_r5      =  free                                                    #
#    __pic         =  no                                                      #
#    __core        =  430X                                                    #
#    __data_model  =  small                                                   #
#    Source file   =  C:\Texas Instruments\ZStack-MSP2618-2.5.1\Projects\zsta #
#                     ck\HomeAutomation\Source\zcl_ha.c                       #
#    Command line  =  -f "C:\Texas Instruments\ZStack-MSP2618-2.5.1\Projects\ #
#                     zstack\HomeAutomation\SampleSwitch\CC2520DB\..\..\..\To #
#                     ols\MSP2618\f8wConfig.cfg" (-DZIGBEEPRO -DSECURE=0      #
#                     -DZG_SECURE_DYNAMIC=0 -DREFLECTOR                       #
#                     -DDEFAULT_CHANLIST=0x00000800                           #
#                     -DZDAPP_CONFIG_PAN_ID=0xFFFF -DNWK_START_DELAY=100      #
#                     -DEXTENDED_JOINING_RANDOM_MASK=0x007F                   #
#                     -DBEACON_REQUEST_DELAY=100                              #
#                     -DBEACON_REQ_DELAY_MASK=0x00FF                          #
#                     -DLINK_STATUS_JITTER_MASK=0x007F                        #
#                     -DROUTE_EXPIRY_TIME=30 -DAPSC_ACK_WAIT_DURATION_POLLED= #
#                     3000 -DNWK_INDIRECT_MSG_TIMEOUT=7 -DMAX_RREQ_ENTRIES=8  #
#                     -DAPSC_MAX_FRAME_RETRIES=3 -DNWK_MAX_DATA_RETRIES=2     #
#                     -DMAX_POLL_FAILURE_RETRIES=2 -DMAX_BCAST=9              #
#                     -DAPS_MAX_GROUPS=16 -DMAX_RTG_ENTRIES=40                #
#                     -DNWK_MAX_BINDING_ENTRIES=4                             #
#                     -DMAX_BINDING_CLUSTER_IDS=4 "-DDEFAULT_KEY={0x01,       #
#                     0x03, 0x05, 0x07, 0x09, 0x0B, 0x0D, 0x0F, 0x00, 0x02,   #
#                     0x04, 0x06, 0x08, 0x0A, 0x0C, 0x0D}"                    #
#                     -DMAC_MAX_FRAME_SIZE=116 -DZDNWKMGR_MIN_TRANSMISSIONS=2 #
#                     0 -DRFD_RCVC_ALWAYS_ON=FALSE -DPOLL_RATE=1000           #
#                     -DQUEUED_POLL_RATE=100 -DRESPONSE_POLL_RATE=100         #
#                     -DREJOIN_POLL_RATE=440) -f "C:\Texas                    #
#                     Instruments\ZStack-MSP2618-2.5.1\Projects\zstack\HomeAu #
#                     tomation\SampleSwitch\CC2520DB\..\..\..\Tools\MSP2618\f #
#                     8wRouter.cfg" (-DCPU6MHZ -DMAC_CFG_APP_PENDING_QUEUE=TR #
#                     UE -DMAC_CFG_TX_DATA_MAX=5 -DMAC_CFG_TX_MAX=8           #
#                     -DMAC_CFG_RX_MAX=5 -DRTR_NWK) -f "C:\Texas              #
#                     Instruments\ZStack-MSP2618-2.5.1\Projects\zstack\HomeAu #
#                     tomation\SampleSwitch\CC2520DB\..\..\..\Tools\MSP2618\f #
#                     8wZCL.cfg" (-DZCL_READ -DZCL_WRITE -DZCL_BASIC          #
#                     -DZCL_IDENTIFY -DZCL_ON_OFF -DZCL_KEY_ESTABLISH         #
#                     -DZCL_KEY_ESTABLISHMENT_KEY_GENERATE_TIMEOUT=4          #
#                     -DZCL_KEY_ESTABLISHMENT_MAC_GENERATE_TIMEOUT=10         #
#                     -DZCL_KEY_ESTABLISHMENT_EKEY_GENERATE_TIMEOUT=10        #
#                     -DZCL_LOAD_CONTROL -DZCL_SIMPLE_METERING -DZCL_PRICING  #
#                     -DZCL_MESSAGE -DZCL_TUNNELING -DZCL_TOU)                #
#                     -DZCL_DEVICE_MGMT "C:\Texas                             #
#                     Instruments\ZStack-MSP2618-2.5.1\Projects\zstack\HomeAu #
#                     tomation\Source\zcl_ha.c" -D MSP430F2618 -D ZTOOL_P1    #
#                     -D MT_TASK -D MT_SYS_FUNC -D MT_ZDO_FUNC -D             #
#                     LCD_SUPPORTED -lC "C:\Texas                             #
#                     Instruments\ZStack-MSP2618-2.5.1\Projects\zstack\HomeAu #
#                     tomation\SampleSwitch\CC2520DB\Router\List\" -lA        #
#                     "C:\Texas Instruments\ZStack-MSP2618-2.5.1\Projects\zst #
#                     ack\HomeAutomation\SampleSwitch\CC2520DB\Router\List\"  #
#                     --remarks --diag_suppress Pe001,Pe193,Pe236,Pe826 -o    #
#                     "C:\Texas Instruments\ZStack-MSP2618-2.5.1\Projects\zst #
#                     ack\HomeAutomation\SampleSwitch\CC2520DB\Router\Obj\"   #
#                     --debug -D__MSP430F2618__ -e --double=32 --clib -I      #
#                     "C:\Texas Instruments\ZStack-MSP2618-2.5.1\Projects\zst #
#                     ack\HomeAutomation\SampleSwitch\CC2520DB\" -I           #
#                     "C:\Texas Instruments\ZStack-MSP2618-2.5.1\Projects\zst #
#                     ack\HomeAutomation\SampleSwitch\CC2520DB\..\Source\"    #
#                     -I "C:\Texas Instruments\ZStack-MSP2618-2.5.1\Projects\ #
#                     zstack\HomeAutomation\SampleSwitch\CC2520DB\..\..\Sourc #
#                     e\" -I "C:\Texas Instruments\ZStack-MSP2618-2.5.1\Proje #
#                     cts\zstack\HomeAutomation\SampleSwitch\CC2520DB\..\..\. #
#                     .\ZMain\MSP2618\" -I "C:\Texas                          #
#                     Instruments\ZStack-MSP2618-2.5.1\Projects\zstack\HomeAu #
#                     tomation\SampleSwitch\CC2520DB\..\..\..\..\..\Component #
#                     s\hal\include\" -I "C:\Texas                            #
#                     Instruments\ZStack-MSP2618-2.5.1\Projects\zstack\HomeAu #
#                     tomation\SampleSwitch\CC2520DB\..\..\..\..\..\Component #
#                     s\hal\target\MSP2618CC2520\" -I "C:\Texas               #
#                     Instruments\ZStack-MSP2618-2.5.1\Projects\zstack\HomeAu #
#                     tomation\SampleSwitch\CC2520DB\..\..\..\..\..\Component #
#                     s\mac\include\" -I "C:\Texas                            #
#                     Instruments\ZStack-MSP2618-2.5.1\Projects\zstack\HomeAu #
#                     tomation\SampleSwitch\CC2520DB\..\..\..\..\..\Component #
#                     s\mac\high_level\" -I "C:\Texas                         #
#                     Instruments\ZStack-MSP2618-2.5.1\Projects\zstack\HomeAu #
#                     tomation\SampleSwitch\CC2520DB\..\..\..\..\..\Component #
#                     s\mac\low_level\srf04\" -I "C:\Texas                    #
#                     Instruments\ZStack-MSP2618-2.5.1\Projects\zstack\HomeAu #
#                     tomation\SampleSwitch\CC2520DB\..\..\..\..\..\Component #
#                     s\mac\low_level\srf04\dual_chip\" -I "C:\Texas          #
#                     Instruments\ZStack-MSP2618-2.5.1\Projects\zstack\HomeAu #
#                     tomation\SampleSwitch\CC2520DB\..\..\..\..\..\Component #
#                     s\mt\" -I "C:\Texas Instruments\ZStack-MSP2618-2.5.1\Pr #
#                     ojects\zstack\HomeAutomation\SampleSwitch\CC2520DB\..\. #
#                     .\..\..\..\Components\osal\include\" -I "C:\Texas       #
#                     Instruments\ZStack-MSP2618-2.5.1\Projects\zstack\HomeAu #
#                     tomation\SampleSwitch\CC2520DB\..\..\..\..\..\Component #
#                     s\osal\mcu\msp430\" -I "C:\Texas                        #
#                     Instruments\ZStack-MSP2618-2.5.1\Projects\zstack\HomeAu #
#                     tomation\SampleSwitch\CC2520DB\..\..\..\..\..\Component #
#                     s\services\saddr\" -I "C:\Texas                         #
#                     Instruments\ZStack-MSP2618-2.5.1\Projects\zstack\HomeAu #
#                     tomation\SampleSwitch\CC2520DB\..\..\..\..\..\Component #
#                     s\services\sdata\" -I "C:\Texas                         #
#                     Instruments\ZStack-MSP2618-2.5.1\Projects\zstack\HomeAu #
#                     tomation\SampleSwitch\CC2520DB\..\..\..\..\..\Component #
#                     s\stack\af\" -I "C:\Texas Instruments\ZStack-MSP2618-2. #
#                     5.1\Projects\zstack\HomeAutomation\SampleSwitch\CC2520D #
#                     B\..\..\..\..\..\Components\stack\nwk\" -I "C:\Texas    #
#                     Instruments\ZStack-MSP2618-2.5.1\Projects\zstack\HomeAu #
#                     tomation\SampleSwitch\CC2520DB\..\..\..\..\..\Component #
#                     s\stack\sec\" -I "C:\Texas                              #
#                     Instruments\ZStack-MSP2618-2.5.1\Projects\zstack\HomeAu #
#                     tomation\SampleSwitch\CC2520DB\..\..\..\..\..\Component #
#                     s\stack\sapi\" -I "C:\Texas                             #
#                     Instruments\ZStack-MSP2618-2.5.1\Projects\zstack\HomeAu #
#                     tomation\SampleSwitch\CC2520DB\..\..\..\..\..\Component #
#                     s\stack\sys\" -I "C:\Texas                              #
#                     Instruments\ZStack-MSP2618-2.5.1\Projects\zstack\HomeAu #
#                     tomation\SampleSwitch\CC2520DB\..\..\..\..\..\Component #
#                     s\stack\zcl\" -I "C:\Texas                              #
#                     Instruments\ZStack-MSP2618-2.5.1\Projects\zstack\HomeAu #
#                     tomation\SampleSwitch\CC2520DB\..\..\..\..\..\Component #
#                     s\stack\zdo\" -I "C:\Texas                              #
#                     Instruments\ZStack-MSP2618-2.5.1\Projects\zstack\HomeAu #
#                     tomation\SampleSwitch\CC2520DB\..\..\..\..\..\Component #
#                     s\zmac\" -I "C:\Texas Instruments\ZStack-MSP2618-2.5.1\ #
#                     Projects\zstack\HomeAutomation\SampleSwitch\CC2520DB\.. #
#                     \..\..\..\..\Components\zmac\f8w\" --core=430X          #
#                     --data_model=small -Ohz --multiplier=16s                #
#                     --require_prototypes                                    #
#    List file     =  C:\Texas Instruments\ZStack-MSP2618-2.5.1\Projects\zsta #
#                     ck\HomeAutomation\SampleSwitch\CC2520DB\Router\List\zcl #
#                     _ha.lst                                                 #
#    Object file   =  C:\Texas Instruments\ZStack-MSP2618-2.5.1\Projects\zsta #
#                     ck\HomeAutomation\SampleSwitch\CC2520DB\Router\Obj\zcl_ #
#                     ha.r43                                                  #
#                                                                             #
#                                                                             #
###############################################################################

C:\Texas Instruments\ZStack-MSP2618-2.5.1\Projects\zstack\HomeAutomation\Source\zcl_ha.c
      1          /**************************************************************************************************
      2            Filename:       zcl_ha.c
      3            Revised:        $Date: 2009-12-22 17:20:57 -0800 (Tue, 22 Dec 2009) $
      4            Revision:       $Revision: 21402 $
      5          
      6            Description:    Describe the purpose and contents of the file.
      7          
      8          
      9            Copyright 2006-2007 Texas Instruments Incorporated. All rights reserved.
     10          
     11            IMPORTANT: Your use of this Software is limited to those specific rights
     12            granted under the terms of a software license agreement between the user
     13            who downloaded the software, his/her employer (which must be your employer)
     14            and Texas Instruments Incorporated (the "License").  You may not use this
     15            Software unless you agree to abide by the terms of the License. The License
     16            limits your use, and you acknowledge, that the Software may not be modified,
     17            copied or distributed unless embedded on a Texas Instruments microcontroller
     18            or used solely and exclusively in conjunction with a Texas Instruments radio
     19            frequency transceiver, which is integrated into your product.  Other than for
     20            the foregoing purpose, you may not use, reproduce, copy, prepare derivative
     21            works of, modify, distribute, perform, display or sell this Software and/or
     22            its documentation for any purpose.
     23          
     24            YOU FURTHER ACKNOWLEDGE AND AGREE THAT THE SOFTWARE AND DOCUMENTATION ARE
     25            PROVIDED “AS IS” WITHOUT WARRANTY OF ANY KIND, EITHER EXPRESS OR IMPLIED, 
     26            INCLUDING WITHOUT LIMITATION, ANY WARRANTY OF MERCHANTABILITY, TITLE, 
     27            NON-INFRINGEMENT AND FITNESS FOR A PARTICULAR PURPOSE. IN NO EVENT SHALL
     28            TEXAS INSTRUMENTS OR ITS LICENSORS BE LIABLE OR OBLIGATED UNDER CONTRACT,
     29            NEGLIGENCE, STRICT LIABILITY, CONTRIBUTION, BREACH OF WARRANTY, OR OTHER
     30            LEGAL EQUITABLE THEORY ANY DIRECT OR INDIRECT DAMAGES OR EXPENSES
     31            INCLUDING BUT NOT LIMITED TO ANY INCIDENTAL, SPECIAL, INDIRECT, PUNITIVE
     32            OR CONSEQUENTIAL DAMAGES, LOST PROFITS OR LOST DATA, COST OF PROCUREMENT
     33            OF SUBSTITUTE GOODS, TECHNOLOGY, SERVICES, OR ANY CLAIMS BY THIRD PARTIES
     34            (INCLUDING BUT NOT LIMITED TO ANY DEFENSE THEREOF), OR OTHER SIMILAR COSTS.
     35          
     36            Should you have any questions regarding your right to use this Software,
     37            contact Texas Instruments Incorporated at www.TI.com. 
     38          **************************************************************************************************/
     39          
     40          /*********************************************************************
     41           * INCLUDES
     42           */
     43          #include "ZComDef.h"
     44          #include "OSAL.h"
     45          
     46          #include "zcl.h"
     47          #include "zcl_general.h"
     48          #include "zcl_closures.h"
     49          #include "zcl_HVAC.h"
     50          #include "zcl_ss.h"
     51          #include "zcl_ms.h"
     52          #include "zcl_lighting.h"
     53          #include "zcl_ha.h"
     54          
     55          /*********************************************************************
     56           * MACROS
     57           */
     58          
     59          /*********************************************************************
     60           * CONSTANTS
     61           */
     62          
     63          /*********************************************************************
     64           * TYPEDEFS
     65           */
     66          
     67          /*********************************************************************
     68           * GLOBAL VARIABLES
     69           */
     70          
     71          /*********************************************************************
     72           * EXTERNAL VARIABLES
     73           */
     74          
     75          /*********************************************************************
     76           * EXTERNAL FUNCTIONS
     77           */
     78          
     79          /*********************************************************************
     80           * LOCAL VARIABLES
     81           */
     82          
     83          /*********************************************************************
     84           * LOCAL FUNCTIONS
     85           */
     86          
     87          /*********************************************************************
     88           * @fn      zclHA_Init
     89           *
     90           * @brief   Register the Simple descriptor with the HA profile.
     91           *          This function also registers the profile's cluster
     92           *          conversion table.
     93           *
     94           * @param   simpleDesc - a pointer to a valid SimpleDescriptionFormat_t, must not be NULL.
     95           *
     96           * @return  none
     97           */

   \                                 In  segment CODE, align 2
     98          void zclHA_Init( SimpleDescriptionFormat_t *simpleDesc )
   \                     zclHA_Init:
     99          {
   \   000000   0A12         PUSH.W  R10
   \   000002   0A4C         MOV.W   R12, R10
    100            endPointDesc_t *epDesc;
    101          
    102            // Register the application's endpoint descriptor
    103            //  - This memory is allocated and never freed.
    104            epDesc = osal_mem_alloc( sizeof ( endPointDesc_t ) );
   \   000004   3C42         MOV.W   #0x8, R12
   \   000006   ........     CALLA   #osal_mem_alloc
    105            if ( epDesc )
   \   00000A   0C93         CMP.W   #0x0, R12
   \   00000C   0B24         JEQ     ??zclHA_Init_0
    106            {
    107              // Fill out the endpoint description.
    108              epDesc->endPoint = simpleDesc->EndPoint;
   \   00000E   EC4A0000     MOV.B   @R10, 0(R12)
    109              epDesc->task_id = &zcl_TaskID;   // all messages get sent to ZCL first
   \   000012   BC40....0200 MOV.W   #zcl_TaskID, 0x2(R12)
    110              epDesc->simpleDesc = simpleDesc;
   \   000018   8C4A0400     MOV.W   R10, 0x4(R12)
    111              epDesc->latencyReq = noLatencyReqs;
   \   00001C   CC430600     MOV.B   #0x0, 0x6(R12)
    112          
    113              // Register the endpoint description with the AF
    114              afRegister( epDesc );
   \   000020   ........     CALLA   #afRegister
    115            }
    116          }
   \                     ??zclHA_Init_0:
   \   000024   3A41         POP.W   R10
   \   000026   1001         RETA
    117          
    118          /*********************************************************************
    119          *********************************************************************/

   Maximum stack usage in bytes:

   CSTACK Function
   ------ --------
      6   zclHA_Init
        6   -> afRegister
        6   -> osal_mem_alloc


   Segment part sizes:

   Bytes  Function/Label
   -----  --------------
      40  zclHA_Init

 
 40 bytes in segment CODE
 
 40 bytes of CODE memory

Errors: none
Warnings: none
