###############################################################################
#                                                                             #
# IAR C/C++ Compiler V5.52.1.50724/W32 for MSP430       10/Jun/2013  17:10:44 #
# Copyright 1996-2013 IAR Systems AB.                                         #
#                                                                             #
#    __rt_version  =  3                                                       #
#    __double_size =  32                                                      #
#    __reg_r4      =  free                                                    #
#    __reg_r5      =  free                                                    #
#    __pic         =  no                                                      #
#    __core        =  430X                                                    #
#    __data_model  =  small                                                   #
#    Source file   =  C:\Texas Instruments\ZStack-MSP2618-2.5.1\Components\ma #
#                     c\low_level\srf04\mac_low_level.c                       #
#    Command line  =  -f "C:\Texas Instruments\ZStack-MSP2618-2.5.1\Projects\ #
#                     zstack\HomeAutomation\SampleSwitch\CC2520DB\..\..\..\To #
#                     ols\MSP2618\f8wConfig.cfg" (-DZIGBEEPRO -DSECURE=0      #
#                     -DZG_SECURE_DYNAMIC=0 -DREFLECTOR                       #
#                     -DDEFAULT_CHANLIST=0x00000800                           #
#                     -DZDAPP_CONFIG_PAN_ID=0xFFFF -DNWK_START_DELAY=100      #
#                     -DEXTENDED_JOINING_RANDOM_MASK=0x007F                   #
#                     -DBEACON_REQUEST_DELAY=100                              #
#                     -DBEACON_REQ_DELAY_MASK=0x00FF                          #
#                     -DLINK_STATUS_JITTER_MASK=0x007F                        #
#                     -DROUTE_EXPIRY_TIME=30 -DAPSC_ACK_WAIT_DURATION_POLLED= #
#                     3000 -DNWK_INDIRECT_MSG_TIMEOUT=7 -DMAX_RREQ_ENTRIES=8  #
#                     -DAPSC_MAX_FRAME_RETRIES=3 -DNWK_MAX_DATA_RETRIES=2     #
#                     -DMAX_POLL_FAILURE_RETRIES=2 -DMAX_BCAST=9              #
#                     -DAPS_MAX_GROUPS=16 -DMAX_RTG_ENTRIES=40                #
#                     -DNWK_MAX_BINDING_ENTRIES=4                             #
#                     -DMAX_BINDING_CLUSTER_IDS=4 "-DDEFAULT_KEY={0x01,       #
#                     0x03, 0x05, 0x07, 0x09, 0x0B, 0x0D, 0x0F, 0x00, 0x02,   #
#                     0x04, 0x06, 0x08, 0x0A, 0x0C, 0x0D}"                    #
#                     -DMAC_MAX_FRAME_SIZE=116 -DZDNWKMGR_MIN_TRANSMISSIONS=2 #
#                     0 -DRFD_RCVC_ALWAYS_ON=FALSE -DPOLL_RATE=1000           #
#                     -DQUEUED_POLL_RATE=100 -DRESPONSE_POLL_RATE=100         #
#                     -DREJOIN_POLL_RATE=440) -f "C:\Texas                    #
#                     Instruments\ZStack-MSP2618-2.5.1\Projects\zstack\HomeAu #
#                     tomation\SampleSwitch\CC2520DB\..\..\..\Tools\MSP2618\f #
#                     8wEndev.cfg" (-DCPU6MHZ -DMAC_CFG_TX_DATA_MAX=3         #
#                     -DMAC_CFG_TX_MAX=6 -DMAC_CFG_RX_MAX=3) -f "C:\Texas     #
#                     Instruments\ZStack-MSP2618-2.5.1\Projects\zstack\HomeAu #
#                     tomation\SampleSwitch\CC2520DB\..\..\..\Tools\MSP2618\f #
#                     8wZCL.cfg" (-DZCL_READ -DZCL_WRITE -DZCL_BASIC          #
#                     -DZCL_IDENTIFY -DZCL_ON_OFF -DZCL_KEY_ESTABLISH         #
#                     -DZCL_KEY_ESTABLISHMENT_KEY_GENERATE_TIMEOUT=4          #
#                     -DZCL_KEY_ESTABLISHMENT_MAC_GENERATE_TIMEOUT=10         #
#                     -DZCL_KEY_ESTABLISHMENT_EKEY_GENERATE_TIMEOUT=10        #
#                     -DZCL_LOAD_CONTROL -DZCL_SIMPLE_METERING -DZCL_PRICING  #
#                     -DZCL_MESSAGE -DZCL_TUNNELING -DZCL_TOU)                #
#                     -DZCL_DEVICE_MGMT "C:\Texas                             #
#                     Instruments\ZStack-MSP2618-2.5.1\Components\mac\low_lev #
#                     el\srf04\mac_low_level.c" -D MSP430F2618 -D             #
#                     NWK_AUTO_POLL -D ZTOOL_P1 -D MT_TASK -D MT_SYS_FUNC -D  #
#                     MT_ZDO_FUNC -D LCD_SUPPORTED -lC "C:\Texas              #
#                     Instruments\ZStack-MSP2618-2.5.1\Projects\zstack\HomeAu #
#                     tomation\SampleSwitch\CC2520DB\EndDevice\List\" -lA     #
#                     "C:\Texas Instruments\ZStack-MSP2618-2.5.1\Projects\zst #
#                     ack\HomeAutomation\SampleSwitch\CC2520DB\EndDevice\List #
#                     \" --remarks --diag_suppress Pe001,Pe193,Pe236,Pe826    #
#                     -o "C:\Texas Instruments\ZStack-MSP2618-2.5.1\Projects\ #
#                     zstack\HomeAutomation\SampleSwitch\CC2520DB\EndDevice\O #
#                     bj\" --debug -D__MSP430F2618__ -e --double=32 --clib    #
#                     -I "C:\Texas Instruments\ZStack-MSP2618-2.5.1\Projects\ #
#                     zstack\HomeAutomation\SampleSwitch\CC2520DB\" -I        #
#                     "C:\Texas Instruments\ZStack-MSP2618-2.5.1\Projects\zst #
#                     ack\HomeAutomation\SampleSwitch\CC2520DB\..\Source\"    #
#                     -I "C:\Texas Instruments\ZStack-MSP2618-2.5.1\Projects\ #
#                     zstack\HomeAutomation\SampleSwitch\CC2520DB\..\..\Sourc #
#                     e\" -I "C:\Texas Instruments\ZStack-MSP2618-2.5.1\Proje #
#                     cts\zstack\HomeAutomation\SampleSwitch\CC2520DB\..\..\. #
#                     .\ZMain\MSP2618\" -I "C:\Texas                          #
#                     Instruments\ZStack-MSP2618-2.5.1\Projects\zstack\HomeAu #
#                     tomation\SampleSwitch\CC2520DB\..\..\..\..\..\Component #
#                     s\hal\include\" -I "C:\Texas                            #
#                     Instruments\ZStack-MSP2618-2.5.1\Projects\zstack\HomeAu #
#                     tomation\SampleSwitch\CC2520DB\..\..\..\..\..\Component #
#                     s\hal\target\MSP2618CC2520\" -I "C:\Texas               #
#                     Instruments\ZStack-MSP2618-2.5.1\Projects\zstack\HomeAu #
#                     tomation\SampleSwitch\CC2520DB\..\..\..\..\..\Component #
#                     s\mac\include\" -I "C:\Texas                            #
#                     Instruments\ZStack-MSP2618-2.5.1\Projects\zstack\HomeAu #
#                     tomation\SampleSwitch\CC2520DB\..\..\..\..\..\Component #
#                     s\mac\high_level\" -I "C:\Texas                         #
#                     Instruments\ZStack-MSP2618-2.5.1\Projects\zstack\HomeAu #
#                     tomation\SampleSwitch\CC2520DB\..\..\..\..\..\Component #
#                     s\mac\low_level\srf04\" -I "C:\Texas                    #
#                     Instruments\ZStack-MSP2618-2.5.1\Projects\zstack\HomeAu #
#                     tomation\SampleSwitch\CC2520DB\..\..\..\..\..\Component #
#                     s\mac\low_level\srf04\dual_chip\" -I "C:\Texas          #
#                     Instruments\ZStack-MSP2618-2.5.1\Projects\zstack\HomeAu #
#                     tomation\SampleSwitch\CC2520DB\..\..\..\..\..\Component #
#                     s\mt\" -I "C:\Texas Instruments\ZStack-MSP2618-2.5.1\Pr #
#                     ojects\zstack\HomeAutomation\SampleSwitch\CC2520DB\..\. #
#                     .\..\..\..\Components\osal\include\" -I "C:\Texas       #
#                     Instruments\ZStack-MSP2618-2.5.1\Projects\zstack\HomeAu #
#                     tomation\SampleSwitch\CC2520DB\..\..\..\..\..\Component #
#                     s\osal\mcu\msp430\" -I "C:\Texas                        #
#                     Instruments\ZStack-MSP2618-2.5.1\Projects\zstack\HomeAu #
#                     tomation\SampleSwitch\CC2520DB\..\..\..\..\..\Component #
#                     s\services\saddr\" -I "C:\Texas                         #
#                     Instruments\ZStack-MSP2618-2.5.1\Projects\zstack\HomeAu #
#                     tomation\SampleSwitch\CC2520DB\..\..\..\..\..\Component #
#                     s\services\sdata\" -I "C:\Texas                         #
#                     Instruments\ZStack-MSP2618-2.5.1\Projects\zstack\HomeAu #
#                     tomation\SampleSwitch\CC2520DB\..\..\..\..\..\Component #
#                     s\stack\af\" -I "C:\Texas Instruments\ZStack-MSP2618-2. #
#                     5.1\Projects\zstack\HomeAutomation\SampleSwitch\CC2520D #
#                     B\..\..\..\..\..\Components\stack\nwk\" -I "C:\Texas    #
#                     Instruments\ZStack-MSP2618-2.5.1\Projects\zstack\HomeAu #
#                     tomation\SampleSwitch\CC2520DB\..\..\..\..\..\Component #
#                     s\stack\sec\" -I "C:\Texas                              #
#                     Instruments\ZStack-MSP2618-2.5.1\Projects\zstack\HomeAu #
#                     tomation\SampleSwitch\CC2520DB\..\..\..\..\..\Component #
#                     s\stack\sapi\" -I "C:\Texas                             #
#                     Instruments\ZStack-MSP2618-2.5.1\Projects\zstack\HomeAu #
#                     tomation\SampleSwitch\CC2520DB\..\..\..\..\..\Component #
#                     s\stack\sys\" -I "C:\Texas                              #
#                     Instruments\ZStack-MSP2618-2.5.1\Projects\zstack\HomeAu #
#                     tomation\SampleSwitch\CC2520DB\..\..\..\..\..\Component #
#                     s\stack\zcl\" -I "C:\Texas                              #
#                     Instruments\ZStack-MSP2618-2.5.1\Projects\zstack\HomeAu #
#                     tomation\SampleSwitch\CC2520DB\..\..\..\..\..\Component #
#                     s\stack\zdo\" -I "C:\Texas                              #
#                     Instruments\ZStack-MSP2618-2.5.1\Projects\zstack\HomeAu #
#                     tomation\SampleSwitch\CC2520DB\..\..\..\..\..\Component #
#                     s\zmac\" -I "C:\Texas Instruments\ZStack-MSP2618-2.5.1\ #
#                     Projects\zstack\HomeAutomation\SampleSwitch\CC2520DB\.. #
#                     \..\..\..\..\Components\zmac\f8w\" --core=430X          #
#                     --data_model=small -Ohz --multiplier=16s                #
#                     --require_prototypes                                    #
#    List file     =  C:\Texas Instruments\ZStack-MSP2618-2.5.1\Projects\zsta #
#                     ck\HomeAutomation\SampleSwitch\CC2520DB\EndDevice\List\ #
#                     mac_low_level.lst                                       #
#    Object file   =  C:\Texas Instruments\ZStack-MSP2618-2.5.1\Projects\zsta #
#                     ck\HomeAutomation\SampleSwitch\CC2520DB\EndDevice\Obj\m #
#                     ac_low_level.r43                                        #
#                                                                             #
#                                                                             #
###############################################################################

C:\Texas Instruments\ZStack-MSP2618-2.5.1\Components\mac\low_level\srf04\mac_low_level.c
      1          /**************************************************************************************************
      2            Filename:       mac_low_level.c
      3            Revised:        $Date: 2007-09-11 10:58:41 -0700 (Tue, 11 Sep 2007) $
      4            Revision:       $Revision: 15371 $
      5          
      6            Description:    Describe the purpose and contents of the file.
      7          
      8          
      9            Copyright 2006-2009 Texas Instruments Incorporated. All rights reserved.
     10          
     11            IMPORTANT: Your use of this Software is limited to those specific rights
     12            granted under the terms of a software license agreement between the user
     13            who downloaded the software, his/her employer (which must be your employer)
     14            and Texas Instruments Incorporated (the "License").  You may not use this
     15            Software unless you agree to abide by the terms of the License. The License
     16            limits your use, and you acknowledge, that the Software may not be modified,
     17            copied or distributed unless embedded on a Texas Instruments microcontroller
     18            or used solely and exclusively in conjunction with a Texas Instruments radio
     19            frequency transceiver, which is integrated into your product.  Other than for
     20            the foregoing purpose, you may not use, reproduce, copy, prepare derivative
     21            works of, modify, distribute, perform, display or sell this Software and/or
     22            its documentation for any purpose.
     23          
     24            YOU FURTHER ACKNOWLEDGE AND AGREE THAT THE SOFTWARE AND DOCUMENTATION ARE
     25            PROVIDED “AS IS” WITHOUT WARRANTY OF ANY KIND, EITHER EXPRESS OR IMPLIED,
     26            INCLUDING WITHOUT LIMITATION, ANY WARRANTY OF MERCHANTABILITY, TITLE,
     27            NON-INFRINGEMENT AND FITNESS FOR A PARTICULAR PURPOSE. IN NO EVENT SHALL
     28            TEXAS INSTRUMENTS OR ITS LICENSORS BE LIABLE OR OBLIGATED UNDER CONTRACT,
     29            NEGLIGENCE, STRICT LIABILITY, CONTRIBUTION, BREACH OF WARRANTY, OR OTHER
     30            LEGAL EQUITABLE THEORY ANY DIRECT OR INDIRECT DAMAGES OR EXPENSES
     31            INCLUDING BUT NOT LIMITED TO ANY INCIDENTAL, SPECIAL, INDIRECT, PUNITIVE
     32            OR CONSEQUENTIAL DAMAGES, LOST PROFITS OR LOST DATA, COST OF PROCUREMENT
     33            OF SUBSTITUTE GOODS, TECHNOLOGY, SERVICES, OR ANY CLAIMS BY THIRD PARTIES
     34            (INCLUDING BUT NOT LIMITED TO ANY DEFENSE THEREOF), OR OTHER SIMILAR COSTS.
     35          
     36            Should you have any questions regarding your right to use this Software,
     37            contact Texas Instruments Incorporated at www.TI.com.
     38          **************************************************************************************************/
     39          
     40          /* ------------------------------------------------------------------------------------------------
     41           *                                          Includes
     42           * ------------------------------------------------------------------------------------------------
     43           */
     44          
     45          /* hal */
     46          #include "hal_types.h"
     47          #include "hal_mcu.h"
     48          
     49          /* exported low-level */
     50          #include "mac_low_level.h"
     51          
     52          /* low-level specific */
     53          #include "mac_radio.h"
     54          #include "mac_rx.h"
     55          #include "mac_tx.h"
     56          #include "mac_rx_onoff.h"
     57          #include "mac_backoff_timer.h"
     58          #include "mac_sleep.h"
     59          
     60          /* target specific */
     61          #include "mac_radio_defs.h"
     62          
     63          /* debug */
     64          #include "mac_assert.h"
     65          
     66          #if !defined ( HAL_CLOCK_CRYSTAL )
     67          /* DCO has a frequency error of 2% */

   \                                 In  segment DATA16_C, align 2, align-sorted
     68          const uint16 CODE macBeaconMarginDCO[] =
   \                     macBeaconMarginDCO:
   \   000000   030003000400 DC16 3, 3, 4, 8, 16, 31, 62, 123, 246, 492, 983, 1967, 3933, 7865
   \            080010001F00
   \            3E007B00F600
   \            EC01D703AF07
   \            5D0FB91E    
   \   00001C   713D0000     DC16 15729, 0
     69          {
     70            3,
     71            3,
     72            4,
     73            8,
     74            16,
     75            31,
     76            62,
     77            123,
     78            246,
     79            492,
     80            983,
     81            1967,
     82            3933,
     83            7865,
     84            15729,
     85            0
     86          };
     87          #endif
     88          
     89          /**************************************************************************************************
     90           * @fn          macLowLevelInit
     91           *
     92           * @brief       Initialize low-level MAC.  Called only once on system power-up.
     93           *
     94           * @param       none
     95           *
     96           * @return      none
     97           **************************************************************************************************
     98           */

   \                                 In  segment CODE, align 2
     99          MAC_INTERNAL_API void macLowLevelInit(void)
   \                     macLowLevelInit:
    100          {
    101            /* initialize mcu before anything else */
    102            MAC_RADIO_MCU_INIT();
   \   000000   ........     CALLA   #macDualchipSystemInit
    103          
    104            /* initialize (override) beacon margin timing table */
    105          #if !defined ( HAL_CLOCK_CRYSTAL )
    106            {
    107              uint8 i;
    108          
    109              for (i = 0; i < sizeof(macBeaconMarginDCO)/sizeof(macBeaconMarginDCO[0]); i++)
   \   000004   4E43         MOV.B   #0x0, R14
    110              {
    111                macBeaconMargin[i] = macBeaconMarginDCO[i];
   \                     ??macLowLevelInit_0:
   \   000006   4F4E         MOV.B   R14, R15
   \   000008   0F5F         RLA.W   R15
   \   00000A   9F4F........ MOV.W   macBeaconMarginDCO(R15), macBeaconMargin(R15)
    112              }
   \   000010   5E53         ADD.B   #0x1, R14
   \   000012   7E901000     CMP.B   #0x10, R14
   \   000016   F72B         JNC     ??macLowLevelInit_0
    113            }
    114          #endif
    115          
    116            /* software initialziation */
    117            macRadioInit();
   \   000018   ........     CALLA   #macRadioInit
    118            macRxOnOffInit();
   \   00001C   ........     CALLA   #macRxOnOffInit
    119            macRxInit();
   \   000020   ........     CALLA   #macRxInit
    120            macTxInit();
   \   000024   ........     CALLA   #macTxInit
    121            macBackoffTimerInit();
   \   000028   ........     BRA     #macBackoffTimerInit
    122          }
    123          
    124          
    125          /**************************************************************************************************
    126           * @fn          macLowLevelReset
    127           *
    128           * @brief       Reset low-level MAC.
    129           *
    130           * @param       none
    131           *
    132           * @return      none
    133           **************************************************************************************************
    134           */

   \                                 In  segment CODE, align 2
    135          MAC_INTERNAL_API void macLowLevelReset(void)
   \                     macLowLevelReset:
    136          {
    137            MAC_ASSERT(!HAL_INTERRUPTS_ARE_ENABLED());   /* interrupts must be disabled */
   \   000000   0F42         MOV.W   SR, R15
   \   000002   3FB2         BIT.W   #0x8, R15
   \   000004   0228         JNC     ??macLowLevelReset_0
   \   000006   ........     CALLA   #halAssertHandler
    138          
    139            /* reset radio modules;  if not awake, skip this */
    140            if (macSleepState == MAC_SLEEP_STATE_AWAKE)
   \                     ??macLowLevelReset_0:
   \   00000A   C293....     CMP.B   #0x0, &macSleepState
   \   00000E   0420         JNE     ??macLowLevelReset_1
    141            {
    142              macRxTxReset();
   \   000010   ........     CALLA   #macRxTxReset
    143              macRadioReset();
   \   000014   ........     CALLA   #macRadioReset
    144            }
    145          
    146            /* reset timer */
    147            macBackoffTimerReset();
   \                     ??macLowLevelReset_1:
   \   000018   ........     CALLA   #macBackoffTimerReset
    148          
    149            /* power up the radio */
    150            macSleepWakeUp();
   \   00001C   ........     BRA     #macSleepWakeUp
    151          }
    152          
    153          
    154          /**************************************************************************************************
    155          */

   Maximum stack usage in bytes:

   CSTACK Function
   ------ --------
      4   macLowLevelInit
        4   -> macBackoffTimerInit
        4   -> macDualchipSystemInit
        4   -> macRadioInit
        4   -> macRxInit
        4   -> macRxOnOffInit
        4   -> macTxInit
      4   macLowLevelReset
        4   -> halAssertHandler
        4   -> macBackoffTimerReset
        4   -> macRadioReset
        4   -> macRxTxReset
        4   -> macSleepWakeUp


   Segment part sizes:

   Bytes  Function/Label
   -----  --------------
      32  macBeaconMarginDCO
      44  macLowLevelInit
      32  macLowLevelReset

 
 76 bytes in segment CODE
 32 bytes in segment DATA16_C
 
 76 bytes of CODE  memory
 32 bytes of CONST memory

Errors: none
Warnings: none
