###############################################################################
#                                                                             #
# IAR C/C++ Compiler V5.52.1.50724/W32 for MSP430       10/Jun/2013  17:10:37 #
# Copyright 1996-2013 IAR Systems AB.                                         #
#                                                                             #
#    __rt_version  =  3                                                       #
#    __double_size =  32                                                      #
#    __reg_r4      =  free                                                    #
#    __reg_r5      =  free                                                    #
#    __pic         =  no                                                      #
#    __core        =  430X                                                    #
#    __data_model  =  small                                                   #
#    Source file   =  C:\Texas Instruments\ZStack-MSP2618-2.5.1\Projects\zsta #
#                     ck\HomeAutomation\SampleSwitch\Source\OSAL_SampleSw.c   #
#    Command line  =  -f "C:\Texas Instruments\ZStack-MSP2618-2.5.1\Projects\ #
#                     zstack\HomeAutomation\SampleSwitch\CC2520DB\..\..\..\To #
#                     ols\MSP2618\f8wConfig.cfg" (-DZIGBEEPRO -DSECURE=0      #
#                     -DZG_SECURE_DYNAMIC=0 -DREFLECTOR                       #
#                     -DDEFAULT_CHANLIST=0x00000800                           #
#                     -DZDAPP_CONFIG_PAN_ID=0xFFFF -DNWK_START_DELAY=100      #
#                     -DEXTENDED_JOINING_RANDOM_MASK=0x007F                   #
#                     -DBEACON_REQUEST_DELAY=100                              #
#                     -DBEACON_REQ_DELAY_MASK=0x00FF                          #
#                     -DLINK_STATUS_JITTER_MASK=0x007F                        #
#                     -DROUTE_EXPIRY_TIME=30 -DAPSC_ACK_WAIT_DURATION_POLLED= #
#                     3000 -DNWK_INDIRECT_MSG_TIMEOUT=7 -DMAX_RREQ_ENTRIES=8  #
#                     -DAPSC_MAX_FRAME_RETRIES=3 -DNWK_MAX_DATA_RETRIES=2     #
#                     -DMAX_POLL_FAILURE_RETRIES=2 -DMAX_BCAST=9              #
#                     -DAPS_MAX_GROUPS=16 -DMAX_RTG_ENTRIES=40                #
#                     -DNWK_MAX_BINDING_ENTRIES=4                             #
#                     -DMAX_BINDING_CLUSTER_IDS=4 "-DDEFAULT_KEY={0x01,       #
#                     0x03, 0x05, 0x07, 0x09, 0x0B, 0x0D, 0x0F, 0x00, 0x02,   #
#                     0x04, 0x06, 0x08, 0x0A, 0x0C, 0x0D}"                    #
#                     -DMAC_MAX_FRAME_SIZE=116 -DZDNWKMGR_MIN_TRANSMISSIONS=2 #
#                     0 -DRFD_RCVC_ALWAYS_ON=FALSE -DPOLL_RATE=1000           #
#                     -DQUEUED_POLL_RATE=100 -DRESPONSE_POLL_RATE=100         #
#                     -DREJOIN_POLL_RATE=440) -f "C:\Texas                    #
#                     Instruments\ZStack-MSP2618-2.5.1\Projects\zstack\HomeAu #
#                     tomation\SampleSwitch\CC2520DB\..\..\..\Tools\MSP2618\f #
#                     8wEndev.cfg" (-DCPU6MHZ -DMAC_CFG_TX_DATA_MAX=3         #
#                     -DMAC_CFG_TX_MAX=6 -DMAC_CFG_RX_MAX=3) -f "C:\Texas     #
#                     Instruments\ZStack-MSP2618-2.5.1\Projects\zstack\HomeAu #
#                     tomation\SampleSwitch\CC2520DB\..\..\..\Tools\MSP2618\f #
#                     8wZCL.cfg" (-DZCL_READ -DZCL_WRITE -DZCL_BASIC          #
#                     -DZCL_IDENTIFY -DZCL_ON_OFF -DZCL_KEY_ESTABLISH         #
#                     -DZCL_KEY_ESTABLISHMENT_KEY_GENERATE_TIMEOUT=4          #
#                     -DZCL_KEY_ESTABLISHMENT_MAC_GENERATE_TIMEOUT=10         #
#                     -DZCL_KEY_ESTABLISHMENT_EKEY_GENERATE_TIMEOUT=10        #
#                     -DZCL_LOAD_CONTROL -DZCL_SIMPLE_METERING -DZCL_PRICING  #
#                     -DZCL_MESSAGE -DZCL_TUNNELING -DZCL_TOU)                #
#                     -DZCL_DEVICE_MGMT "C:\Texas                             #
#                     Instruments\ZStack-MSP2618-2.5.1\Projects\zstack\HomeAu #
#                     tomation\SampleSwitch\Source\OSAL_SampleSw.c" -D        #
#                     MSP430F2618 -D NWK_AUTO_POLL -D ZTOOL_P1 -D MT_TASK -D  #
#                     MT_SYS_FUNC -D MT_ZDO_FUNC -D LCD_SUPPORTED -lC         #
#                     "C:\Texas Instruments\ZStack-MSP2618-2.5.1\Projects\zst #
#                     ack\HomeAutomation\SampleSwitch\CC2520DB\EndDevice\List #
#                     \" -lA "C:\Texas Instruments\ZStack-MSP2618-2.5.1\Proje #
#                     cts\zstack\HomeAutomation\SampleSwitch\CC2520DB\EndDevi #
#                     ce\List\" --remarks --diag_suppress                     #
#                     Pe001,Pe193,Pe236,Pe826 -o "C:\Texas                    #
#                     Instruments\ZStack-MSP2618-2.5.1\Projects\zstack\HomeAu #
#                     tomation\SampleSwitch\CC2520DB\EndDevice\Obj\" --debug  #
#                     -D__MSP430F2618__ -e --double=32 --clib -I "C:\Texas    #
#                     Instruments\ZStack-MSP2618-2.5.1\Projects\zstack\HomeAu #
#                     tomation\SampleSwitch\CC2520DB\" -I "C:\Texas           #
#                     Instruments\ZStack-MSP2618-2.5.1\Projects\zstack\HomeAu #
#                     tomation\SampleSwitch\CC2520DB\..\Source\" -I           #
#                     "C:\Texas Instruments\ZStack-MSP2618-2.5.1\Projects\zst #
#                     ack\HomeAutomation\SampleSwitch\CC2520DB\..\..\Source\" #
#                      -I "C:\Texas Instruments\ZStack-MSP2618-2.5.1\Projects #
#                     \zstack\HomeAutomation\SampleSwitch\CC2520DB\..\..\..\Z #
#                     Main\MSP2618\" -I "C:\Texas                             #
#                     Instruments\ZStack-MSP2618-2.5.1\Projects\zstack\HomeAu #
#                     tomation\SampleSwitch\CC2520DB\..\..\..\..\..\Component #
#                     s\hal\include\" -I "C:\Texas                            #
#                     Instruments\ZStack-MSP2618-2.5.1\Projects\zstack\HomeAu #
#                     tomation\SampleSwitch\CC2520DB\..\..\..\..\..\Component #
#                     s\hal\target\MSP2618CC2520\" -I "C:\Texas               #
#                     Instruments\ZStack-MSP2618-2.5.1\Projects\zstack\HomeAu #
#                     tomation\SampleSwitch\CC2520DB\..\..\..\..\..\Component #
#                     s\mac\include\" -I "C:\Texas                            #
#                     Instruments\ZStack-MSP2618-2.5.1\Projects\zstack\HomeAu #
#                     tomation\SampleSwitch\CC2520DB\..\..\..\..\..\Component #
#                     s\mac\high_level\" -I "C:\Texas                         #
#                     Instruments\ZStack-MSP2618-2.5.1\Projects\zstack\HomeAu #
#                     tomation\SampleSwitch\CC2520DB\..\..\..\..\..\Component #
#                     s\mac\low_level\srf04\" -I "C:\Texas                    #
#                     Instruments\ZStack-MSP2618-2.5.1\Projects\zstack\HomeAu #
#                     tomation\SampleSwitch\CC2520DB\..\..\..\..\..\Component #
#                     s\mac\low_level\srf04\dual_chip\" -I "C:\Texas          #
#                     Instruments\ZStack-MSP2618-2.5.1\Projects\zstack\HomeAu #
#                     tomation\SampleSwitch\CC2520DB\..\..\..\..\..\Component #
#                     s\mt\" -I "C:\Texas Instruments\ZStack-MSP2618-2.5.1\Pr #
#                     ojects\zstack\HomeAutomation\SampleSwitch\CC2520DB\..\. #
#                     .\..\..\..\Components\osal\include\" -I "C:\Texas       #
#                     Instruments\ZStack-MSP2618-2.5.1\Projects\zstack\HomeAu #
#                     tomation\SampleSwitch\CC2520DB\..\..\..\..\..\Component #
#                     s\osal\mcu\msp430\" -I "C:\Texas                        #
#                     Instruments\ZStack-MSP2618-2.5.1\Projects\zstack\HomeAu #
#                     tomation\SampleSwitch\CC2520DB\..\..\..\..\..\Component #
#                     s\services\saddr\" -I "C:\Texas                         #
#                     Instruments\ZStack-MSP2618-2.5.1\Projects\zstack\HomeAu #
#                     tomation\SampleSwitch\CC2520DB\..\..\..\..\..\Component #
#                     s\services\sdata\" -I "C:\Texas                         #
#                     Instruments\ZStack-MSP2618-2.5.1\Projects\zstack\HomeAu #
#                     tomation\SampleSwitch\CC2520DB\..\..\..\..\..\Component #
#                     s\stack\af\" -I "C:\Texas Instruments\ZStack-MSP2618-2. #
#                     5.1\Projects\zstack\HomeAutomation\SampleSwitch\CC2520D #
#                     B\..\..\..\..\..\Components\stack\nwk\" -I "C:\Texas    #
#                     Instruments\ZStack-MSP2618-2.5.1\Projects\zstack\HomeAu #
#                     tomation\SampleSwitch\CC2520DB\..\..\..\..\..\Component #
#                     s\stack\sec\" -I "C:\Texas                              #
#                     Instruments\ZStack-MSP2618-2.5.1\Projects\zstack\HomeAu #
#                     tomation\SampleSwitch\CC2520DB\..\..\..\..\..\Component #
#                     s\stack\sapi\" -I "C:\Texas                             #
#                     Instruments\ZStack-MSP2618-2.5.1\Projects\zstack\HomeAu #
#                     tomation\SampleSwitch\CC2520DB\..\..\..\..\..\Component #
#                     s\stack\sys\" -I "C:\Texas                              #
#                     Instruments\ZStack-MSP2618-2.5.1\Projects\zstack\HomeAu #
#                     tomation\SampleSwitch\CC2520DB\..\..\..\..\..\Component #
#                     s\stack\zcl\" -I "C:\Texas                              #
#                     Instruments\ZStack-MSP2618-2.5.1\Projects\zstack\HomeAu #
#                     tomation\SampleSwitch\CC2520DB\..\..\..\..\..\Component #
#                     s\stack\zdo\" -I "C:\Texas                              #
#                     Instruments\ZStack-MSP2618-2.5.1\Projects\zstack\HomeAu #
#                     tomation\SampleSwitch\CC2520DB\..\..\..\..\..\Component #
#                     s\zmac\" -I "C:\Texas Instruments\ZStack-MSP2618-2.5.1\ #
#                     Projects\zstack\HomeAutomation\SampleSwitch\CC2520DB\.. #
#                     \..\..\..\..\Components\zmac\f8w\" --core=430X          #
#                     --data_model=small -Ohz --multiplier=16s                #
#                     --require_prototypes                                    #
#    List file     =  C:\Texas Instruments\ZStack-MSP2618-2.5.1\Projects\zsta #
#                     ck\HomeAutomation\SampleSwitch\CC2520DB\EndDevice\List\ #
#                     OSAL_SampleSw.lst                                       #
#    Object file   =  C:\Texas Instruments\ZStack-MSP2618-2.5.1\Projects\zsta #
#                     ck\HomeAutomation\SampleSwitch\CC2520DB\EndDevice\Obj\O #
#                     SAL_SampleSw.r43                                        #
#                                                                             #
#                                                                             #
###############################################################################

C:\Texas Instruments\ZStack-MSP2618-2.5.1\Projects\zstack\HomeAutomation\SampleSwitch\Source\OSAL_SampleSw.c
      1          /**************************************************************************************************
      2            Filename:       OSAL_SampleSw.c
      3            Revised:        $Date: 2008-02-07 12:10:00 -0800 (Thu, 07 Feb 2008) $
      4            Revision:       $Revision: 16360 $
      5          
      6            Description:    This file contains all the settings and other functions
      7                            that the user should set and change.
      8          
      9          
     10            Copyright 2006-2007 Texas Instruments Incorporated. All rights reserved.
     11          
     12            IMPORTANT: Your use of this Software is limited to those specific rights
     13            granted under the terms of a software license agreement between the user
     14            who downloaded the software, his/her employer (which must be your employer)
     15            and Texas Instruments Incorporated (the "License").  You may not use this
     16            Software unless you agree to abide by the terms of the License. The License
     17            limits your use, and you acknowledge, that the Software may not be modified,
     18            copied or distributed unless embedded on a Texas Instruments microcontroller
     19            or used solely and exclusively in conjunction with a Texas Instruments radio
     20            frequency transceiver, which is integrated into your product.  Other than for
     21            the foregoing purpose, you may not use, reproduce, copy, prepare derivative
     22            works of, modify, distribute, perform, display or sell this Software and/or
     23            its documentation for any purpose.
     24          
     25            YOU FURTHER ACKNOWLEDGE AND AGREE THAT THE SOFTWARE AND DOCUMENTATION ARE
     26            PROVIDED “AS IS” WITHOUT WARRANTY OF ANY KIND, EITHER EXPRESS OR IMPLIED,
     27            INCLUDING WITHOUT LIMITATION, ANY WARRANTY OF MERCHANTABILITY, TITLE,
     28            NON-INFRINGEMENT AND FITNESS FOR A PARTICULAR PURPOSE. IN NO EVENT SHALL
     29            TEXAS INSTRUMENTS OR ITS LICENSORS BE LIABLE OR OBLIGATED UNDER CONTRACT,
     30            NEGLIGENCE, STRICT LIABILITY, CONTRIBUTION, BREACH OF WARRANTY, OR OTHER
     31            LEGAL EQUITABLE THEORY ANY DIRECT OR INDIRECT DAMAGES OR EXPENSES
     32            INCLUDING BUT NOT LIMITED TO ANY INCIDENTAL, SPECIAL, INDIRECT, PUNITIVE
     33            OR CONSEQUENTIAL DAMAGES, LOST PROFITS OR LOST DATA, COST OF PROCUREMENT
     34            OF SUBSTITUTE GOODS, TECHNOLOGY, SERVICES, OR ANY CLAIMS BY THIRD PARTIES
     35            (INCLUDING BUT NOT LIMITED TO ANY DEFENSE THEREOF), OR OTHER SIMILAR COSTS.
     36          
     37            Should you have any questions regarding your right to use this Software,
     38            contact Texas Instruments Incorporated at www.TI.com.
     39          **************************************************************************************************/
     40          
     41          /*********************************************************************
     42           * INCLUDES
     43           */
     44          
     45          #include "ZComDef.h"
     46          #include "hal_drivers.h"
     47          #include "OSAL.h"
     48          #include "OSAL_Tasks.h"
     49          
     50          #if defined ( MT_TASK )
     51            #include "MT.h"
     52            #include "MT_TASK.h"
     53          #endif
     54          
     55          #include "nwk.h"
     56          #include "APS.h"
     57          #include "ZDApp.h"
     58          #if defined ( ZIGBEE_FREQ_AGILITY ) || defined ( ZIGBEE_PANID_CONFLICT )
     59            #include "ZDNwkMgr.h"
     60          #endif
     61          #if defined ( ZIGBEE_FRAGMENTATION )
     62            #include "aps_frag.h"
     63          #endif
     64          
     65          #include "zcl_samplesw.h"
     66          
     67          /*********************************************************************
     68           * GLOBAL VARIABLES
     69           */
     70          
     71          // The order in this table must be identical to the task initialization calls below in osalInitTask.

   \                                 In  segment DATA16_C, align 2, align-sorted
     72          const pTaskEventHandlerFn tasksArr[] = {
   \                     tasksArr:
   \   000000   ............ DC32 macEventLoop, nwk_event_loop, Hal_ProcessEvent, MT_ProcessEvent
   \            ............
   \            ........    
   \   000010   ............ DC32 APS_event_loop, APSF_ProcessEvent, ZDApp_event_loop
   \            ............
   \   00001C   ............ DC32 zcl_event_loop, zclSampleSw_event_loop
   \            ....        
     73            macEventLoop,
     74            nwk_event_loop,
     75            Hal_ProcessEvent,
     76          #if defined( MT_TASK )
     77            MT_ProcessEvent,
     78          #endif
     79            APS_event_loop,
     80          #if defined ( ZIGBEE_FRAGMENTATION )
     81            APSF_ProcessEvent,
     82          #endif
     83            ZDApp_event_loop,
     84          #if defined ( ZIGBEE_FREQ_AGILITY ) || defined ( ZIGBEE_PANID_CONFLICT )
     85            ZDNwkMgr_event_loop,
     86          #endif
     87            zcl_event_loop,
     88            zclSampleSw_event_loop
     89          };
     90          

   \                                 In  segment DATA16_C, align 1, align-sorted
     91          const uint8 tasksCnt = sizeof( tasksArr ) / sizeof( tasksArr[0] );
   \                     tasksCnt:
   \   000000   09           DC8 9

   \                                 In  segment DATA16_Z, align 2, align-sorted
   \   000000                REQUIRE ?cstart_init_zero
     92          uint16 *tasksEvents;
   \                     tasksEvents:
   \   000000                DS8 2
     93          
     94          /*********************************************************************
     95           * FUNCTIONS
     96           *********************************************************************/
     97          
     98          /*********************************************************************
     99           * @fn      osalInitTasks
    100           *
    101           * @brief   This function invokes the initialization function for each task.
    102           *
    103           * @param   void
    104           *
    105           * @return  none
    106           */

   \                                 In  segment CODE, align 2
    107          void osalInitTasks( void )
   \                     osalInitTasks:
    108          {
    109            uint8 taskID = 0;
    110          
    111            tasksEvents = (uint16 *)osal_mem_alloc( sizeof( uint16 ) * tasksCnt);
   \   000000   3C401200     MOV.W   #0x12, R12
   \   000004   ........     CALLA   #osal_mem_alloc
   \   000008   824C....     MOV.W   R12, &tasksEvents
    112            osal_memset( tasksEvents, 0, (sizeof( uint16 ) * tasksCnt));
   \   00000C   3E401200     MOV.W   #0x12, R14
   \   000010   4D43         MOV.B   #0x0, R13
   \   000012   ........     CALLA   #osal_memset
    113          
    114            macTaskInit( taskID++ );
   \   000016   4C43         MOV.B   #0x0, R12
   \   000018   ........     CALLA   #macTaskInit
    115            nwk_init( taskID++ );
   \   00001C   5C43         MOV.B   #0x1, R12
   \   00001E   ........     CALLA   #nwk_init
    116            Hal_Init( taskID++ );
   \   000022   6C43         MOV.B   #0x2, R12
   \   000024   ........     CALLA   #Hal_Init
    117          #if defined( MT_TASK )
    118            MT_TaskInit( taskID++ );
   \   000028   7C400300     MOV.B   #0x3, R12
   \   00002C   ........     CALLA   #MT_TaskInit
    119          #endif
    120            APS_Init( taskID++ );
   \   000030   6C42         MOV.B   #0x4, R12
   \   000032   ........     CALLA   #APS_Init
    121          #if defined ( ZIGBEE_FRAGMENTATION )
    122            APSF_Init( taskID++ );
   \   000036   7C400500     MOV.B   #0x5, R12
   \   00003A   ........     CALLA   #APSF_Init
    123          #endif
    124            ZDApp_Init( taskID++ );
   \   00003E   7C400600     MOV.B   #0x6, R12
   \   000042   ........     CALLA   #ZDApp_Init
    125          #if defined ( ZIGBEE_FREQ_AGILITY ) || defined ( ZIGBEE_PANID_CONFLICT )
    126            ZDNwkMgr_Init( taskID++ );
    127          #endif
    128            zcl_Init( taskID++ );
   \   000046   7C400700     MOV.B   #0x7, R12
   \   00004A   ........     CALLA   #zcl_Init
    129            zclSampleSw_Init( taskID );
   \   00004E   7C42         MOV.B   #0x8, R12
   \   000050   ........     BRA     #zclSampleSw_Init
    130          }
    131          
    132          /*********************************************************************
    133          *********************************************************************/

   Maximum stack usage in bytes:

   CSTACK Function
   ------ --------
      4   osalInitTasks
        4   -> APSF_Init
        4   -> APS_Init
        4   -> Hal_Init
        4   -> MT_TaskInit
        4   -> ZDApp_Init
        4   -> macTaskInit
        4   -> nwk_init
        4   -> osal_mem_alloc
        4   -> osal_memset
        4   -> zclSampleSw_Init
        4   -> zcl_Init


   Segment part sizes:

   Bytes  Function/Label
   -----  --------------
      84  osalInitTasks
      36  tasksArr
       1  tasksCnt
       2  tasksEvents

 
 84 bytes in segment CODE
 37 bytes in segment DATA16_C
  2 bytes in segment DATA16_Z
 
 84 bytes of CODE  memory
 37 bytes of CONST memory
  2 bytes of DATA  memory

Errors: none
Warnings: none
