###############################################################################
#                                                                             #
# IAR C/C++ Compiler V5.52.1.50724/W32 for MSP430       10/Jun/2013  16:30:19 #
# Copyright 1996-2013 IAR Systems AB.                                         #
#                                                                             #
#    __rt_version  =  3                                                       #
#    __double_size =  32                                                      #
#    __reg_r4      =  free                                                    #
#    __reg_r5      =  free                                                    #
#    __pic         =  no                                                      #
#    __core        =  430X                                                    #
#    __data_model  =  small                                                   #
#    Source file   =  C:\Texas Instruments\ZStack-MSP2618-2.5.1\Components\ha #
#                     l\common\hal_assert.c                                   #
#    Command line  =  -f "C:\Texas Instruments\ZStack-MSP2618-2.5.1\Projects\ #
#                     zstack\HomeAutomation\SampleSwitch\CC2520DB\..\..\..\To #
#                     ols\MSP2618\f8wConfig.cfg" (-DZIGBEEPRO -DSECURE=0      #
#                     -DZG_SECURE_DYNAMIC=0 -DREFLECTOR                       #
#                     -DDEFAULT_CHANLIST=0x00000800                           #
#                     -DZDAPP_CONFIG_PAN_ID=0xFFFF -DNWK_START_DELAY=100      #
#                     -DEXTENDED_JOINING_RANDOM_MASK=0x007F                   #
#                     -DBEACON_REQUEST_DELAY=100                              #
#                     -DBEACON_REQ_DELAY_MASK=0x00FF                          #
#                     -DLINK_STATUS_JITTER_MASK=0x007F                        #
#                     -DROUTE_EXPIRY_TIME=30 -DAPSC_ACK_WAIT_DURATION_POLLED= #
#                     3000 -DNWK_INDIRECT_MSG_TIMEOUT=7 -DMAX_RREQ_ENTRIES=8  #
#                     -DAPSC_MAX_FRAME_RETRIES=3 -DNWK_MAX_DATA_RETRIES=2     #
#                     -DMAX_POLL_FAILURE_RETRIES=2 -DMAX_BCAST=9              #
#                     -DAPS_MAX_GROUPS=16 -DMAX_RTG_ENTRIES=40                #
#                     -DNWK_MAX_BINDING_ENTRIES=4                             #
#                     -DMAX_BINDING_CLUSTER_IDS=4 "-DDEFAULT_KEY={0x01,       #
#                     0x03, 0x05, 0x07, 0x09, 0x0B, 0x0D, 0x0F, 0x00, 0x02,   #
#                     0x04, 0x06, 0x08, 0x0A, 0x0C, 0x0D}"                    #
#                     -DMAC_MAX_FRAME_SIZE=116 -DZDNWKMGR_MIN_TRANSMISSIONS=2 #
#                     0 -DRFD_RCVC_ALWAYS_ON=FALSE -DPOLL_RATE=1000           #
#                     -DQUEUED_POLL_RATE=100 -DRESPONSE_POLL_RATE=100         #
#                     -DREJOIN_POLL_RATE=440) -f "C:\Texas                    #
#                     Instruments\ZStack-MSP2618-2.5.1\Projects\zstack\HomeAu #
#                     tomation\SampleSwitch\CC2520DB\..\..\..\Tools\MSP2618\f #
#                     8wRouter.cfg" (-DCPU6MHZ -DMAC_CFG_APP_PENDING_QUEUE=TR #
#                     UE -DMAC_CFG_TX_DATA_MAX=5 -DMAC_CFG_TX_MAX=8           #
#                     -DMAC_CFG_RX_MAX=5 -DRTR_NWK) -f "C:\Texas              #
#                     Instruments\ZStack-MSP2618-2.5.1\Projects\zstack\HomeAu #
#                     tomation\SampleSwitch\CC2520DB\..\..\..\Tools\MSP2618\f #
#                     8wZCL.cfg" (-DZCL_READ -DZCL_WRITE -DZCL_BASIC          #
#                     -DZCL_IDENTIFY -DZCL_ON_OFF -DZCL_KEY_ESTABLISH         #
#                     -DZCL_KEY_ESTABLISHMENT_KEY_GENERATE_TIMEOUT=4          #
#                     -DZCL_KEY_ESTABLISHMENT_MAC_GENERATE_TIMEOUT=10         #
#                     -DZCL_KEY_ESTABLISHMENT_EKEY_GENERATE_TIMEOUT=10        #
#                     -DZCL_LOAD_CONTROL -DZCL_SIMPLE_METERING -DZCL_PRICING  #
#                     -DZCL_MESSAGE -DZCL_TUNNELING -DZCL_TOU)                #
#                     -DZCL_DEVICE_MGMT "C:\Texas                             #
#                     Instruments\ZStack-MSP2618-2.5.1\Components\hal\common\ #
#                     hal_assert.c" -D MSP430F2618 -D ZTOOL_P1 -D MT_TASK -D  #
#                     MT_SYS_FUNC -D MT_ZDO_FUNC -D LCD_SUPPORTED -lC         #
#                     "C:\Texas Instruments\ZStack-MSP2618-2.5.1\Projects\zst #
#                     ack\HomeAutomation\SampleSwitch\CC2520DB\Router\List\"  #
#                     -lA "C:\Texas Instruments\ZStack-MSP2618-2.5.1\Projects #
#                     \zstack\HomeAutomation\SampleSwitch\CC2520DB\Router\Lis #
#                     t\" --remarks --diag_suppress Pe001,Pe193,Pe236,Pe826   #
#                     -o "C:\Texas Instruments\ZStack-MSP2618-2.5.1\Projects\ #
#                     zstack\HomeAutomation\SampleSwitch\CC2520DB\Router\Obj\ #
#                     " --debug -D__MSP430F2618__ -e --double=32 --clib -I    #
#                     "C:\Texas Instruments\ZStack-MSP2618-2.5.1\Projects\zst #
#                     ack\HomeAutomation\SampleSwitch\CC2520DB\" -I           #
#                     "C:\Texas Instruments\ZStack-MSP2618-2.5.1\Projects\zst #
#                     ack\HomeAutomation\SampleSwitch\CC2520DB\..\Source\"    #
#                     -I "C:\Texas Instruments\ZStack-MSP2618-2.5.1\Projects\ #
#                     zstack\HomeAutomation\SampleSwitch\CC2520DB\..\..\Sourc #
#                     e\" -I "C:\Texas Instruments\ZStack-MSP2618-2.5.1\Proje #
#                     cts\zstack\HomeAutomation\SampleSwitch\CC2520DB\..\..\. #
#                     .\ZMain\MSP2618\" -I "C:\Texas                          #
#                     Instruments\ZStack-MSP2618-2.5.1\Projects\zstack\HomeAu #
#                     tomation\SampleSwitch\CC2520DB\..\..\..\..\..\Component #
#                     s\hal\include\" -I "C:\Texas                            #
#                     Instruments\ZStack-MSP2618-2.5.1\Projects\zstack\HomeAu #
#                     tomation\SampleSwitch\CC2520DB\..\..\..\..\..\Component #
#                     s\hal\target\MSP2618CC2520\" -I "C:\Texas               #
#                     Instruments\ZStack-MSP2618-2.5.1\Projects\zstack\HomeAu #
#                     tomation\SampleSwitch\CC2520DB\..\..\..\..\..\Component #
#                     s\mac\include\" -I "C:\Texas                            #
#                     Instruments\ZStack-MSP2618-2.5.1\Projects\zstack\HomeAu #
#                     tomation\SampleSwitch\CC2520DB\..\..\..\..\..\Component #
#                     s\mac\high_level\" -I "C:\Texas                         #
#                     Instruments\ZStack-MSP2618-2.5.1\Projects\zstack\HomeAu #
#                     tomation\SampleSwitch\CC2520DB\..\..\..\..\..\Component #
#                     s\mac\low_level\srf04\" -I "C:\Texas                    #
#                     Instruments\ZStack-MSP2618-2.5.1\Projects\zstack\HomeAu #
#                     tomation\SampleSwitch\CC2520DB\..\..\..\..\..\Component #
#                     s\mac\low_level\srf04\dual_chip\" -I "C:\Texas          #
#                     Instruments\ZStack-MSP2618-2.5.1\Projects\zstack\HomeAu #
#                     tomation\SampleSwitch\CC2520DB\..\..\..\..\..\Component #
#                     s\mt\" -I "C:\Texas Instruments\ZStack-MSP2618-2.5.1\Pr #
#                     ojects\zstack\HomeAutomation\SampleSwitch\CC2520DB\..\. #
#                     .\..\..\..\Components\osal\include\" -I "C:\Texas       #
#                     Instruments\ZStack-MSP2618-2.5.1\Projects\zstack\HomeAu #
#                     tomation\SampleSwitch\CC2520DB\..\..\..\..\..\Component #
#                     s\osal\mcu\msp430\" -I "C:\Texas                        #
#                     Instruments\ZStack-MSP2618-2.5.1\Projects\zstack\HomeAu #
#                     tomation\SampleSwitch\CC2520DB\..\..\..\..\..\Component #
#                     s\services\saddr\" -I "C:\Texas                         #
#                     Instruments\ZStack-MSP2618-2.5.1\Projects\zstack\HomeAu #
#                     tomation\SampleSwitch\CC2520DB\..\..\..\..\..\Component #
#                     s\services\sdata\" -I "C:\Texas                         #
#                     Instruments\ZStack-MSP2618-2.5.1\Projects\zstack\HomeAu #
#                     tomation\SampleSwitch\CC2520DB\..\..\..\..\..\Component #
#                     s\stack\af\" -I "C:\Texas Instruments\ZStack-MSP2618-2. #
#                     5.1\Projects\zstack\HomeAutomation\SampleSwitch\CC2520D #
#                     B\..\..\..\..\..\Components\stack\nwk\" -I "C:\Texas    #
#                     Instruments\ZStack-MSP2618-2.5.1\Projects\zstack\HomeAu #
#                     tomation\SampleSwitch\CC2520DB\..\..\..\..\..\Component #
#                     s\stack\sec\" -I "C:\Texas                              #
#                     Instruments\ZStack-MSP2618-2.5.1\Projects\zstack\HomeAu #
#                     tomation\SampleSwitch\CC2520DB\..\..\..\..\..\Component #
#                     s\stack\sapi\" -I "C:\Texas                             #
#                     Instruments\ZStack-MSP2618-2.5.1\Projects\zstack\HomeAu #
#                     tomation\SampleSwitch\CC2520DB\..\..\..\..\..\Component #
#                     s\stack\sys\" -I "C:\Texas                              #
#                     Instruments\ZStack-MSP2618-2.5.1\Projects\zstack\HomeAu #
#                     tomation\SampleSwitch\CC2520DB\..\..\..\..\..\Component #
#                     s\stack\zcl\" -I "C:\Texas                              #
#                     Instruments\ZStack-MSP2618-2.5.1\Projects\zstack\HomeAu #
#                     tomation\SampleSwitch\CC2520DB\..\..\..\..\..\Component #
#                     s\stack\zdo\" -I "C:\Texas                              #
#                     Instruments\ZStack-MSP2618-2.5.1\Projects\zstack\HomeAu #
#                     tomation\SampleSwitch\CC2520DB\..\..\..\..\..\Component #
#                     s\zmac\" -I "C:\Texas Instruments\ZStack-MSP2618-2.5.1\ #
#                     Projects\zstack\HomeAutomation\SampleSwitch\CC2520DB\.. #
#                     \..\..\..\..\Components\zmac\f8w\" --core=430X          #
#                     --data_model=small -Ohz --multiplier=16s                #
#                     --require_prototypes                                    #
#    List file     =  C:\Texas Instruments\ZStack-MSP2618-2.5.1\Projects\zsta #
#                     ck\HomeAutomation\SampleSwitch\CC2520DB\Router\List\hal #
#                     _assert.lst                                             #
#    Object file   =  C:\Texas Instruments\ZStack-MSP2618-2.5.1\Projects\zsta #
#                     ck\HomeAutomation\SampleSwitch\CC2520DB\Router\Obj\hal_ #
#                     assert.r43                                              #
#                                                                             #
#                                                                             #
###############################################################################

C:\Texas Instruments\ZStack-MSP2618-2.5.1\Components\hal\common\hal_assert.c
      1          /**************************************************************************************************
      2            Filename:       hal_assert.c
      3            Revised:        $Date: 2010-11-22 08:13:43 -0800 (Mon, 22 Nov 2010) $
      4            Revision:       $Revision: 24480 $
      5          
      6            Description:    Describe the purpose and contents of the file.
      7          
      8          
      9            Copyright 2006-2010 Texas Instruments Incorporated. All rights reserved.
     10          
     11            IMPORTANT: Your use of this Software is limited to those specific rights
     12            granted under the terms of a software license agreement between the user
     13            who downloaded the software, his/her employer (which must be your employer)
     14            and Texas Instruments Incorporated (the "License").  You may not use this
     15            Software unless you agree to abide by the terms of the License. The License
     16            limits your use, and you acknowledge, that the Software may not be modified,
     17            copied or distributed unless embedded on a Texas Instruments microcontroller
     18            or used solely and exclusively in conjunction with a Texas Instruments radio
     19            frequency transceiver, which is integrated into your product.  Other than for
     20            the foregoing purpose, you may not use, reproduce, copy, prepare derivative
     21            works of, modify, distribute, perform, display or sell this Software and/or
     22            its documentation for any purpose.
     23          
     24            YOU FURTHER ACKNOWLEDGE AND AGREE THAT THE SOFTWARE AND DOCUMENTATION ARE
     25            PROVIDED “AS IS” WITHOUT WARRANTY OF ANY KIND, EITHER EXPRESS OR IMPLIED,
     26            INCLUDING WITHOUT LIMITATION, ANY WARRANTY OF MERCHANTABILITY, TITLE,
     27            NON-INFRINGEMENT AND FITNESS FOR A PARTICULAR PURPOSE. IN NO EVENT SHALL
     28            TEXAS INSTRUMENTS OR ITS LICENSORS BE LIABLE OR OBLIGATED UNDER CONTRACT,
     29            NEGLIGENCE, STRICT LIABILITY, CONTRIBUTION, BREACH OF WARRANTY, OR OTHER
     30            LEGAL EQUITABLE THEORY ANY DIRECT OR INDIRECT DAMAGES OR EXPENSES
     31            INCLUDING BUT NOT LIMITED TO ANY INCIDENTAL, SPECIAL, INDIRECT, PUNITIVE
     32            OR CONSEQUENTIAL DAMAGES, LOST PROFITS OR LOST DATA, COST OF PROCUREMENT
     33            OF SUBSTITUTE GOODS, TECHNOLOGY, SERVICES, OR ANY CLAIMS BY THIRD PARTIES
     34            (INCLUDING BUT NOT LIMITED TO ANY DEFENSE THEREOF), OR OTHER SIMILAR COSTS.
     35          
     36            Should you have any questions regarding your right to use this Software,
     37            contact Texas Instruments Incorporated at www.TI.com.
     38          **************************************************************************************************/
     39          
     40          
     41          /* ------------------------------------------------------------------------------------------------
     42           *                                          Includes
     43           * ------------------------------------------------------------------------------------------------
     44           */
     45          #include "hal_assert.h"
     46          #include "hal_types.h"
     47          #include "hal_board.h"

   \                                 In  segment DATA16_AN, at 0x2
   \   unsigned char volatile IFG1
   \                     IFG1:
   \   000000                DS8 1

   \                                 In  segment DATA16_AN, at 0x57
   \   unsigned char volatile BCSCTL1
   \                     BCSCTL1:
   \   000000                DS8 1

   \                                 In  segment DATA16_AN, at 0x58
   \   unsigned char volatile BCSCTL2
   \                     BCSCTL2:
   \   000000                DS8 1

   \                                 In  segment DATA16_AN, at 0x53
   \   unsigned char volatile BCSCTL3
   \                     BCSCTL3:
   \   000000                DS8 1

   \                                 In  segment DATA16_AN, at 0x22
   \   unsigned char volatile P1DIR
   \                     P1DIR:
   \   000000                DS8 1

   \                                 In  segment DATA16_AN, at 0x26
   \   unsigned char volatile P1SEL
   \                     P1SEL:
   \   000000                DS8 1

   \                                 In  segment DATA16_AN, at 0x2a
   \   unsigned char volatile P2DIR
   \                     P2DIR:
   \   000000                DS8 1

   \                                 In  segment DATA16_AN, at 0x2e
   \   unsigned char volatile P2SEL
   \                     P2SEL:
   \   000000                DS8 1

   \                                 In  segment DATA16_AN, at 0x1c
   \   unsigned char const volatile P4IN
   \                     P4IN:
   \   000000                DS8 1

   \                                 In  segment DATA16_AN, at 0x1d
   \   unsigned char volatile P4OUT
   \                     P4OUT:
   \   000000                DS8 1

   \                                 In  segment DATA16_AN, at 0x1e
   \   unsigned char volatile P4DIR
   \                     P4DIR:
   \   000000                DS8 1

   \                                 In  segment DATA16_AN, at 0x120
   \   unsigned short volatile WDTCTL
   \                     WDTCTL:
   \   000000                DS8 2
     48          #include "hal_defs.h"
     49          #include "hal_mcu.h"
     50          
     51          #if (defined HAL_MCU_AVR) || (defined HAL_MCU_CC2430) || (defined HAL_MCU_CC2530) || \
     52              (defined HAL_MCU_CC2533) || (defined HAL_MCU_MSP430)
     53            /* for access to debug data */
     54          #include "mac_rx.h"
     55          #include "mac_tx.h"
     56          #endif
     57          
     58          /* ------------------------------------------------------------------------------------------------
     59           *                                       Local Prototypes
     60           * ------------------------------------------------------------------------------------------------
     61           */
     62          void halAssertHazardLights(void);
     63          
     64          
     65          /**************************************************************************************************
     66           * @fn          halAssertHandler
     67           *
     68           * @brief       Logic to handle an assert.
     69           *
     70           * @param       none
     71           *
     72           * @return      none
     73           **************************************************************************************************
     74           */

   \                                 In  segment CODE, align 2
     75          void halAssertHandler(void)
   \                     halAssertHandler:
     76          {
     77            /* execute code that handles asserts */
     78          #ifdef ASSERT_RESET
     79            HAL_SYSTEM_RESET();
     80          #elif !defined ASSERT_WHILE
     81            halAssertHazardLights();
   \   000000   ........     BRA     #halAssertHazardLights
     82          #else
     83            while(1);
     84          #endif
     85          }
     86          
     87          #if !defined ASSERT_WHILE
     88          /**************************************************************************************************
     89           * @fn          halAssertHazardLights
     90           *
     91           * @brief       Blink LEDs to indicate an error.
     92           *
     93           * @param       none
     94           *
     95           * @return      none
     96           **************************************************************************************************
     97           */

   \                                 In  segment CODE, align 2
     98          void halAssertHazardLights(void)
   \                     halAssertHazardLights:
     99          {
   \   000000   0A12         PUSH.W  R10
   \   000002   3182         SUB.W   #0x8, SP
    100            enum
    101            {
    102              DEBUG_DATA_RSTACK_HIGH_OFS,
    103              DEBUG_DATA_RSTACK_LOW_OFS,
    104              DEBUG_DATA_TX_ACTIVE_OFS,
    105              DEBUG_DATA_RX_ACTIVE_OFS,
    106          
    107          #if (defined HAL_MCU_AVR) || (defined HAL_MCU_CC2430)
    108              DEBUG_DATA_INT_MASK_OFS,
    109          #elif (defined HAL_MCU_CC2530) || (defined HAL_MCU_CC2533)
    110              DEBUG_DATA_INT_MASK0_OFS,
    111              DEBUG_DATA_INT_MASK1_OFS,
    112          #endif
    113          
    114              DEBUG_DATA_SIZE
    115            };
    116          
    117            uint8 buttonHeld;
    118            uint8 debugData[DEBUG_DATA_SIZE];
    119          
    120            /* disable all interrupts before anything else */
    121            HAL_DISABLE_INTERRUPTS();
   \   000004   32C2         dint
   \   000006   0343         nop
    122          
    123            /*-------------------------------------------------------------------------------
    124             *  Initialize LEDs and turn them off.
    125             */
    126            HAL_BOARD_INIT();
   \   000008   B240805A2001 MOV.W   #0x5a80, &0x120
   \   00000E   F2D012002200 BIS.B   #0x12, &0x22
   \   000014   F2D010002600 BIS.B   #0x10, &0x26
   \   00001A   D2D32A00     BIS.B   #0x1, &0x2a
   \   00001E   D2D32E00     BIS.B   #0x1, &0x2e
   \   000022   3C40B905     MOV.W   #0x5b9, R12
   \   000026   ........     CALLA   #TI_SetDCO
   \   00002A   4C93         CMP.B   #0x0, R12
   \   00002C   0224         JEQ     ??halAssertHazardLights_9
   \   00002E   ........     CALLA   #halAssertHazardLights
   \                     ??halAssertHazardLights_9:
   \   000032   32D04000     BIS.W   #0x40, SR
   \   000036   ........     CALLA   #?Subroutine0
   \                     ??CrossCallReturnLabel_0:
   \   00003A   D2D31E00     BIS.B   #0x1, &0x1e
   \   00003E   E2D31E00     BIS.B   #0x2, &0x1e
   \   000042   E2D21E00     BIS.B   #0x4, &0x1e
   \   000046   F2D21E00     BIS.B   #0x8, &0x1e
    127          
    128            HAL_TURN_OFF_LED1();
   \   00004A   ........     CALLA   #?Subroutine0
    129            HAL_TURN_OFF_LED2();
    130            HAL_TURN_OFF_LED3();
    131            HAL_TURN_OFF_LED4();
   \                     ??CrossCallReturnLabel_1:
   \   00004E   0B3C         JMP     ??halAssertHazardLights_8
    132          
    133            /*-------------------------------------------------------------------------------
    134             *  Master infinite loop.
    135             */
    136            for (;;)
    137            {
    138              buttonHeld = 0;
    139          
    140              /*-------------------------------------------------------------------------------
    141               *  "Hazard lights" loop.  A held keypress will exit this loop.
    142               */
    143              do
    144              {
    145                HAL_LED_BLINK_DELAY();
    146          
    147                /* toggle LEDS, the #ifdefs are in case HAL has logically remapped non-existent LEDs */
    148          #if (HAL_NUM_LEDS >= 1)
    149                HAL_TOGGLE_LED1();
    150          #if (HAL_NUM_LEDS >= 2)
    151                HAL_TOGGLE_LED2();
    152          #if (HAL_NUM_LEDS >= 3)
    153                HAL_TOGGLE_LED3();
    154          #if (HAL_NUM_LEDS >= 4)
    155                HAL_TOGGLE_LED4();
    156          #endif
    157          #endif
    158          #endif
    159          #endif
    160          
    161                /* escape hatch to continue execution, set escape to '1' to continue execution */
    162                {
    163                  static uint8 escape = 0;
    164                  if (escape)
    165                  {
    166                    escape = 0;
    167                    return;
    168                  }
    169                }
    170          
    171                /* break out of loop if button is held long enough */
    172                if (HAL_PUSH_BUTTON1())
    173                {
    174                  buttonHeld++;
    175                }
    176                else
    177                {
    178                  buttonHeld = 0;
    179                }
    180              }
    181              while (buttonHeld != 10);  /* loop until button is held specified number of loops */
    182          
    183              /*-------------------------------------------------------------------------------
    184               *  Just exited from "hazard lights" loop.
    185               */
    186          
    187              /* turn off all LEDs */
    188              HAL_TURN_OFF_LED1();
    189              HAL_TURN_OFF_LED2();
    190              HAL_TURN_OFF_LED3();
    191              HAL_TURN_OFF_LED4();
    192          
    193              /* wait for button release */
    194              HAL_DEBOUNCE(!HAL_PUSH_BUTTON1());
    195          
    196              /*-------------------------------------------------------------------------------
    197               *  Load debug data into memory.
    198               */
    199          #ifdef HAL_MCU_AVR
    200              {
    201                uint8 * pStack;
    202                pStack = (uint8 *) SP;
    203                pStack++; /* point to return address on stack */
    204                debugData[DEBUG_DATA_RSTACK_HIGH_OFS] = *pStack;
    205                pStack++;
    206                debugData[DEBUG_DATA_RSTACK_LOW_OFS] = *pStack;
    207              }
    208              debugData[DEBUG_DATA_INT_MASK_OFS] = EIMSK;
    209          #endif
    210          
    211          #if (defined HAL_MCU_CC2430)
    212              debugData[DEBUG_DATA_INT_MASK_OFS] = RFIM;
    213          #elif (defined HAL_MCU_CC2530) || (defined HAL_MCU_CC2533)
    214              debugData[DEBUG_DATA_INT_MASK0_OFS] = RFIRQM0;
    215              debugData[DEBUG_DATA_INT_MASK1_OFS] = RFIRQM1;
    216          #endif
    217          
    218          
    219          #if (defined HAL_MCU_AVR) || (defined HAL_MCU_CC2430) || (defined HAL_MCU_CC2530) || \
    220              (defined HAL_MCU_CC2533) || (defined HAL_MCU_MSP430)
    221              debugData[DEBUG_DATA_TX_ACTIVE_OFS] = macTxActive;
    222              debugData[DEBUG_DATA_RX_ACTIVE_OFS] = macRxActive;
    223          #endif
    224          
    225             /* initialize for data dump loop */
    226              {
    227                uint8 iBit;
    228                uint8 iByte;
    229          
    230                iBit  = 0;
    231                iByte = 0;
    232          
    233                /*-------------------------------------------------------------------------------
    234                 *  Data dump loop.  A button press cycles data bits to an LED.
    235                 */
    236                while (iByte < DEBUG_DATA_SIZE)
    237                {
    238                  /* wait for key press */
    239                  while(!HAL_PUSH_BUTTON1());
    240          
    241                  /* turn on all LEDs for first bit of byte, turn on three LEDs if not first bit */
    242                  HAL_TURN_ON_LED1();
    243                  HAL_TURN_ON_LED2();
    244                  HAL_TURN_ON_LED3();
    245                  if (iBit == 0)
    246                  {
    247                    HAL_TURN_ON_LED4();
    248                  }
    249                  else
    250                  {
    251                    HAL_TURN_OFF_LED4();
    252                  }
    253          
    254                  /* wait for debounced key release */
    255                  HAL_DEBOUNCE(!HAL_PUSH_BUTTON1());
    256          
    257                  /* turn off all LEDs */
    258                  HAL_TURN_OFF_LED1();
    259                  HAL_TURN_OFF_LED2();
    260                  HAL_TURN_OFF_LED3();
    261                  HAL_TURN_OFF_LED4();
    262          
    263                  /* output value of data bit to LED1 */
    264                  if (debugData[iByte] & (1 << (7 - iBit)))
    265                  {
    266                    HAL_TURN_ON_LED1();
    267                  }
    268                  else
    269                  {
    270                    HAL_TURN_OFF_LED1();
   \                     ??halAssertHazardLights_6:
   \   000050   D2C31D00     BIC.B   #0x1, &0x1d
    271                  }
    272          
    273                  /* advance to next bit */
    274                  iBit++;
   \                     ??halAssertHazardLights_7:
   \   000054   5F53         ADD.B   #0x1, R15
    275                  if (iBit == 8)
   \   000056   7F92         CMP.B   #0x8, R15
   \   000058   4A20         JNE     ??halAssertHazardLights_4
    276                  {
    277                    iBit = 0;
   \   00005A   4F43         MOV.B   #0x0, R15
    278                    iByte++;
   \   00005C   5D53         ADD.B   #0x1, R13
    279                  }
   \   00005E   6D92         CMP.B   #0x4, R13
   \   000060   4628         JNC     ??halAssertHazardLights_4
    280                }
    281              }
    282          
    283              /*
    284               *  About to enter "hazard lights" loop again.  Turn off LED1 in case the last bit
    285               *  displayed happened to be one.  This guarantees all LEDs are off at the start of
    286               *  the flashing loop which uses a toggle operation to change LED states.
    287               */
    288              HAL_TURN_OFF_LED1();
   \   000062   D2C31D00     BIC.B   #0x1, &0x1d
   \                     ??halAssertHazardLights_8:
   \   000066   4E43         MOV.B   #0x0, R14
   \                     ??halAssertHazardLights_2:
   \   000068   81430000     MOV.W   #0x0, 0(SP)
   \   00006C   81430200     MOV.W   #0x0, 0x2(SP)
   \   000070   093C         JMP     ??halAssertHazardLights_10
   \                     ??halAssertHazardLights_0:
   \   000072   2C41         MOV.W   @SP, R12
   \   000074   1D410200     MOV.W   0x2(SP), R13
   \   000078   1C53         ADD.W   #0x1, R12
   \   00007A   0D63         ADDC.W  #0x0, R13
   \   00007C   814C0000     MOV.W   R12, 0(SP)
   \   000080   814D0200     MOV.W   R13, 0x2(SP)
   \                     ??halAssertHazardLights_10:
   \   000084   B19003000200 CMP.W   #0x3, 0x2(SP)
   \   00008A   F32B         JNC     ??halAssertHazardLights_0
   \   00008C   0420         JNE     ??halAssertHazardLights_11
   \   00008E   B19000400000 CMP.W   #0x4000, 0(SP)
   \   000094   EE2B         JNC     ??halAssertHazardLights_0
   \                     ??halAssertHazardLights_11:
   \   000096   D2E31D00     XOR.B   #0x1, &0x1d
   \   00009A   E2E31D00     XOR.B   #0x2, &0x1d
   \   00009E   E2E21D00     XOR.B   #0x4, &0x1d
   \   0000A2   F2E21D00     XOR.B   #0x8, &0x1d
   \   0000A6   C293....     CMP.B   #0x0, &??escape
   \   0000AA   0524         JEQ     ??halAssertHazardLights_12
   \   0000AC   C243....     MOV.B   #0x0, &??escape
   \   0000B0   3152         ADD.W   #0x8, SP
   \   0000B2   3A41         POP.W   R10
   \   0000B4   1001         RETA
   \                     ??halAssertHazardLights_12:
   \   0000B6   F2B020001C00 BIT.B   #0x20, &0x1c
   \   0000BC   D42B         JNC     ??halAssertHazardLights_8
   \   0000BE   5E53         ADD.B   #0x1, R14
   \   0000C0   7E900A00     CMP.B   #0xa, R14
   \   0000C4   D123         JNE     ??halAssertHazardLights_2
   \   0000C6   ........     CALLA   #?Subroutine0
   \                     ??CrossCallReturnLabel_2:
   \   0000CA   0F43         MOV.W   #0x0, R15
   \                     ??halAssertHazardLights_3:
   \   0000CC   F2B020001C00 BIT.B   #0x20, &0x1c
   \   0000D2   0128         JNC     ??halAssertHazardLights_13
   \   0000D4   0F43         MOV.W   #0x0, R15
   \                     ??halAssertHazardLights_13:
   \   0000D6   1F53         ADD.W   #0x1, R15
   \   0000D8   3F90F401     CMP.W   #0x1f4, R15
   \   0000DC   F73B         JL      ??halAssertHazardLights_3
   \   0000DE   D142....0600 MOV.B   &macTxActive, 0x6(SP)
   \   0000E4   D142....0700 MOV.B   &macRxActive, 0x7(SP)
   \   0000EA   4F43         MOV.B   #0x0, R15
   \   0000EC   4D43         MOV.B   #0x0, R13
   \                     ??halAssertHazardLights_4:
   \   0000EE   F2B020001C00 BIT.B   #0x20, &0x1c
   \   0000F4   FC2B         JNC     ??halAssertHazardLights_4
   \   0000F6   D2D31D00     BIS.B   #0x1, &0x1d
   \   0000FA   E2D31D00     BIS.B   #0x2, &0x1d
   \   0000FE   E2D21D00     BIS.B   #0x4, &0x1d
   \   000102   4F93         CMP.B   #0x0, R15
   \   000104   0320         JNE     ??halAssertHazardLights_14
   \   000106   F2D21D00     BIS.B   #0x8, &0x1d
   \   00010A   023C         JMP     ??halAssertHazardLights_15
   \                     ??halAssertHazardLights_14:
   \   00010C   F2C21D00     BIC.B   #0x8, &0x1d
   \                     ??halAssertHazardLights_15:
   \   000110   0E43         MOV.W   #0x0, R14
   \                     ??halAssertHazardLights_5:
   \   000112   F2B020001C00 BIT.B   #0x20, &0x1c
   \   000118   0128         JNC     ??halAssertHazardLights_16
   \   00011A   0E43         MOV.W   #0x0, R14
   \                     ??halAssertHazardLights_16:
   \   00011C   1E53         ADD.W   #0x1, R14
   \   00011E   3E90F401     CMP.W   #0x1f4, R14
   \   000122   F73B         JL      ??halAssertHazardLights_5
   \   000124   ........     CALLA   #?Subroutine0
   \                     ??CrossCallReturnLabel_3:
   \   000128   4C4D         MOV.B   R13, R12
   \   00012A   0C51         ADD.W   SP, R12
   \   00012C   1E43         MOV.W   #0x1, R14
   \   00012E   7A400700     MOV.B   #0x7, R10
   \   000132   4A8F         SUB.B   R15, R10
   \   000134   5A83         SUB.B   #0x1, R10
   \   000136   0230         JN      ??halAssertHazardLights_17
   \   000138                RPT     R10
   \   000138   CA180E5E     RLAX.W  R14
   \                     ??halAssertHazardLights_17:
   \   00013C   CCBE0400     BIT.B   R14, 0x4(R12)
   \   000140   8727         JEQ     ??halAssertHazardLights_6
   \   000142   D2D31D00     BIS.B   #0x1, &0x1d
   \   000146   863F         JMP     ??halAssertHazardLights_7
   \   000148                REQUIRE WDTCTL
   \   000148                REQUIRE BCSCTL1
   \   000148                REQUIRE BCSCTL2
   \   000148                REQUIRE BCSCTL3
   \   000148                REQUIRE IFG1
   \   000148                REQUIRE P1DIR
   \   000148                REQUIRE P1SEL
   \   000148                REQUIRE P2DIR
   \   000148                REQUIRE P2SEL
   \   000148                REQUIRE P4OUT
   \   000148                REQUIRE P4DIR
   \   000148                REQUIRE P4IN
    289            }
    290          }

   \                                 In  segment CODE, align 2
   \                     ?Subroutine0:
   \   000000   D2C31D00     BIC.B   #0x1, &0x1d
   \   000004   E2C31D00     BIC.B   #0x2, &0x1d
   \   000008   E2C21D00     BIC.B   #0x4, &0x1d
   \   00000C   F2C21D00     BIC.B   #0x8, &0x1d
   \   000010   1001         RETA

   \                                 In  segment DATA16_Z, align 1, align-sorted
   \   000000                REQUIRE ?cstart_init_zero
   \                     ??escape:
   \   000000                DS8 1
    291          #endif
    292          
    293          /* ------------------------------------------------------------------------------------------------
    294           *                                    Compile Time Assertions
    295           * ------------------------------------------------------------------------------------------------
    296           */
    297          
    298          /* integrity check of type sizes */
    299          HAL_ASSERT_SIZE(  int8, 1);
    300          HAL_ASSERT_SIZE( uint8, 1);
    301          HAL_ASSERT_SIZE( int16, 2);
    302          HAL_ASSERT_SIZE(uint16, 2);
    303          HAL_ASSERT_SIZE( int32, 4);
    304          HAL_ASSERT_SIZE(uint32, 4);
    305          
    306          
    307          /**************************************************************************************************
    308          */

   Maximum stack usage in bytes:

   CSTACK Function
   ------ --------
      4   halAssertHandler
        4   -> halAssertHazardLights
     14   halAssertHazardLights
       14   -> TI_SetDCO
       14   -> halAssertHazardLights


   Segment part sizes:

   Bytes  Function/Label
   -----  --------------
      18  ?Subroutine0
       1  BCSCTL1
       1  BCSCTL2
       1  BCSCTL3
       1  IFG1
       1  P1DIR
       1  P1SEL
       1  P2DIR
       1  P2SEL
       1  P4DIR
       1  P4IN
       1  P4OUT
       2  WDTCTL
       1  escape
       4  halAssertHandler
     328  halAssertHazardLights

 
 350 bytes in segment CODE
  13 bytes in segment DATA16_AN
   1 byte  in segment DATA16_Z
 
 350 bytes of CODE memory
   1 byte  of DATA memory (+ 13 bytes shared)

Errors: none
Warnings: none
