###############################################################################
#                                                                             #
# IAR C/C++ Compiler V5.52.1.50724/W32 for MSP430       10/Jun/2013  16:27:36 #
# Copyright 1996-2013 IAR Systems AB.                                         #
#                                                                             #
#    __rt_version  =  3                                                       #
#    __double_size =  32                                                      #
#    __reg_r4      =  free                                                    #
#    __reg_r5      =  free                                                    #
#    __pic         =  no                                                      #
#    __core        =  430X                                                    #
#    __data_model  =  small                                                   #
#    Source file   =  C:\Texas Instruments\ZStack-MSP2618-2.5.1\Projects\zsta #
#                     ck\HomeAutomation\SampleLight\Source\zcl_samplelight_da #
#                     ta.c                                                    #
#    Command line  =  -f "C:\Texas Instruments\ZStack-MSP2618-2.5.1\Projects\ #
#                     zstack\HomeAutomation\SampleLight\CC2520DB\..\..\..\Too #
#                     ls\MSP2618\f8wConfig.cfg" (-DZIGBEEPRO -DSECURE=0       #
#                     -DZG_SECURE_DYNAMIC=0 -DREFLECTOR                       #
#                     -DDEFAULT_CHANLIST=0x00000800                           #
#                     -DZDAPP_CONFIG_PAN_ID=0xFFFF -DNWK_START_DELAY=100      #
#                     -DEXTENDED_JOINING_RANDOM_MASK=0x007F                   #
#                     -DBEACON_REQUEST_DELAY=100                              #
#                     -DBEACON_REQ_DELAY_MASK=0x00FF                          #
#                     -DLINK_STATUS_JITTER_MASK=0x007F                        #
#                     -DROUTE_EXPIRY_TIME=30 -DAPSC_ACK_WAIT_DURATION_POLLED= #
#                     3000 -DNWK_INDIRECT_MSG_TIMEOUT=7 -DMAX_RREQ_ENTRIES=8  #
#                     -DAPSC_MAX_FRAME_RETRIES=3 -DNWK_MAX_DATA_RETRIES=2     #
#                     -DMAX_POLL_FAILURE_RETRIES=2 -DMAX_BCAST=9              #
#                     -DAPS_MAX_GROUPS=16 -DMAX_RTG_ENTRIES=40                #
#                     -DNWK_MAX_BINDING_ENTRIES=4                             #
#                     -DMAX_BINDING_CLUSTER_IDS=4 "-DDEFAULT_KEY={0x01,       #
#                     0x03, 0x05, 0x07, 0x09, 0x0B, 0x0D, 0x0F, 0x00, 0x02,   #
#                     0x04, 0x06, 0x08, 0x0A, 0x0C, 0x0D}"                    #
#                     -DMAC_MAX_FRAME_SIZE=116 -DZDNWKMGR_MIN_TRANSMISSIONS=2 #
#                     0 -DRFD_RCVC_ALWAYS_ON=FALSE -DPOLL_RATE=1000           #
#                     -DQUEUED_POLL_RATE=100 -DRESPONSE_POLL_RATE=100         #
#                     -DREJOIN_POLL_RATE=440) -f "C:\Texas                    #
#                     Instruments\ZStack-MSP2618-2.5.1\Projects\zstack\HomeAu #
#                     tomation\SampleLight\CC2520DB\..\..\..\Tools\MSP2618\f8 #
#                     wRouter.cfg" (-DCPU6MHZ -DMAC_CFG_APP_PENDING_QUEUE=TRU #
#                     E -DMAC_CFG_TX_DATA_MAX=5 -DMAC_CFG_TX_MAX=8            #
#                     -DMAC_CFG_RX_MAX=5 -DRTR_NWK) -f "C:\Texas              #
#                     Instruments\ZStack-MSP2618-2.5.1\Projects\zstack\HomeAu #
#                     tomation\SampleLight\CC2520DB\..\..\..\Tools\MSP2618\f8 #
#                     wZCL.cfg" (-DZCL_READ -DZCL_WRITE -DZCL_BASIC           #
#                     -DZCL_IDENTIFY -DZCL_ON_OFF -DZCL_KEY_ESTABLISH         #
#                     -DZCL_KEY_ESTABLISHMENT_KEY_GENERATE_TIMEOUT=4          #
#                     -DZCL_KEY_ESTABLISHMENT_MAC_GENERATE_TIMEOUT=10         #
#                     -DZCL_KEY_ESTABLISHMENT_EKEY_GENERATE_TIMEOUT=10        #
#                     -DZCL_LOAD_CONTROL -DZCL_SIMPLE_METERING -DZCL_PRICING  #
#                     -DZCL_MESSAGE -DZCL_TUNNELING -DZCL_TOU)                #
#                     -DZCL_DEVICE_MGMT "C:\Texas                             #
#                     Instruments\ZStack-MSP2618-2.5.1\Projects\zstack\HomeAu #
#                     tomation\SampleLight\Source\zcl_samplelight_data.c" -D  #
#                     MSP430F2618 -D ZTOOL_P1 -D MT_TASK -D MT_SYS_FUNC -D    #
#                     MT_ZDO_FUNC -D LCD_SUPPORTED -lC "C:\Texas              #
#                     Instruments\ZStack-MSP2618-2.5.1\Projects\zstack\HomeAu #
#                     tomation\SampleLight\CC2520DB\Router\List\" -lA         #
#                     "C:\Texas Instruments\ZStack-MSP2618-2.5.1\Projects\zst #
#                     ack\HomeAutomation\SampleLight\CC2520DB\Router\List\"   #
#                     --remarks --diag_suppress Pe001,Pe193,Pe236,Pe826 -o    #
#                     "C:\Texas Instruments\ZStack-MSP2618-2.5.1\Projects\zst #
#                     ack\HomeAutomation\SampleLight\CC2520DB\Router\Obj\"    #
#                     --debug -D__MSP430F2618__ -e --double=32 --clib -I      #
#                     "C:\Texas Instruments\ZStack-MSP2618-2.5.1\Projects\zst #
#                     ack\HomeAutomation\SampleLight\CC2520DB\" -I "C:\Texas  #
#                     Instruments\ZStack-MSP2618-2.5.1\Projects\zstack\HomeAu #
#                     tomation\SampleLight\CC2520DB\..\Source\" -I "C:\Texas  #
#                     Instruments\ZStack-MSP2618-2.5.1\Projects\zstack\HomeAu #
#                     tomation\SampleLight\CC2520DB\..\..\Source\" -I         #
#                     "C:\Texas Instruments\ZStack-MSP2618-2.5.1\Projects\zst #
#                     ack\HomeAutomation\SampleLight\CC2520DB\..\..\..\ZMain\ #
#                     MSP2618\" -I "C:\Texas Instruments\ZStack-MSP2618-2.5.1 #
#                     \Projects\zstack\HomeAutomation\SampleLight\CC2520DB\.. #
#                     \..\..\..\..\Components\hal\include\" -I "C:\Texas      #
#                     Instruments\ZStack-MSP2618-2.5.1\Projects\zstack\HomeAu #
#                     tomation\SampleLight\CC2520DB\..\..\..\..\..\Components #
#                     \hal\target\MSP2618CC2520\" -I "C:\Texas                #
#                     Instruments\ZStack-MSP2618-2.5.1\Projects\zstack\HomeAu #
#                     tomation\SampleLight\CC2520DB\..\..\..\..\..\Components #
#                     \mac\include\" -I "C:\Texas                             #
#                     Instruments\ZStack-MSP2618-2.5.1\Projects\zstack\HomeAu #
#                     tomation\SampleLight\CC2520DB\..\..\..\..\..\Components #
#                     \mac\high_level\" -I "C:\Texas                          #
#                     Instruments\ZStack-MSP2618-2.5.1\Projects\zstack\HomeAu #
#                     tomation\SampleLight\CC2520DB\..\..\..\..\..\Components #
#                     \mac\low_level\srf04\" -I "C:\Texas                     #
#                     Instruments\ZStack-MSP2618-2.5.1\Projects\zstack\HomeAu #
#                     tomation\SampleLight\CC2520DB\..\..\..\..\..\Components #
#                     \mac\low_level\srf04\dual_chip\" -I "C:\Texas           #
#                     Instruments\ZStack-MSP2618-2.5.1\Projects\zstack\HomeAu #
#                     tomation\SampleLight\CC2520DB\..\..\..\..\..\Components #
#                     \mt\" -I "C:\Texas Instruments\ZStack-MSP2618-2.5.1\Pro #
#                     jects\zstack\HomeAutomation\SampleLight\CC2520DB\..\..\ #
#                     ..\..\..\Components\osal\include\" -I "C:\Texas         #
#                     Instruments\ZStack-MSP2618-2.5.1\Projects\zstack\HomeAu #
#                     tomation\SampleLight\CC2520DB\..\..\..\..\..\Components #
#                     \osal\mcu\msp430\" -I "C:\Texas                         #
#                     Instruments\ZStack-MSP2618-2.5.1\Projects\zstack\HomeAu #
#                     tomation\SampleLight\CC2520DB\..\..\..\..\..\Components #
#                     \services\saddr\" -I "C:\Texas                          #
#                     Instruments\ZStack-MSP2618-2.5.1\Projects\zstack\HomeAu #
#                     tomation\SampleLight\CC2520DB\..\..\..\..\..\Components #
#                     \services\sdata\" -I "C:\Texas                          #
#                     Instruments\ZStack-MSP2618-2.5.1\Projects\zstack\HomeAu #
#                     tomation\SampleLight\CC2520DB\..\..\..\..\..\Components #
#                     \stack\af\" -I "C:\Texas Instruments\ZStack-MSP2618-2.5 #
#                     .1\Projects\zstack\HomeAutomation\SampleLight\CC2520DB\ #
#                     ..\..\..\..\..\Components\stack\nwk\" -I "C:\Texas      #
#                     Instruments\ZStack-MSP2618-2.5.1\Projects\zstack\HomeAu #
#                     tomation\SampleLight\CC2520DB\..\..\..\..\..\Components #
#                     \stack\sec\" -I "C:\Texas Instruments\ZStack-MSP2618-2. #
#                     5.1\Projects\zstack\HomeAutomation\SampleLight\CC2520DB #
#                     \..\..\..\..\..\Components\stack\sapi\" -I "C:\Texas    #
#                     Instruments\ZStack-MSP2618-2.5.1\Projects\zstack\HomeAu #
#                     tomation\SampleLight\CC2520DB\..\..\..\..\..\Components #
#                     \stack\sys\" -I "C:\Texas Instruments\ZStack-MSP2618-2. #
#                     5.1\Projects\zstack\HomeAutomation\SampleLight\CC2520DB #
#                     \..\..\..\..\..\Components\stack\zcl\" -I "C:\Texas     #
#                     Instruments\ZStack-MSP2618-2.5.1\Projects\zstack\HomeAu #
#                     tomation\SampleLight\CC2520DB\..\..\..\..\..\Components #
#                     \stack\zdo\" -I "C:\Texas Instruments\ZStack-MSP2618-2. #
#                     5.1\Projects\zstack\HomeAutomation\SampleLight\CC2520DB #
#                     \..\..\..\..\..\Components\zmac\" -I "C:\Texas          #
#                     Instruments\ZStack-MSP2618-2.5.1\Projects\zstack\HomeAu #
#                     tomation\SampleLight\CC2520DB\..\..\..\..\..\Components #
#                     \zmac\f8w\" --core=430X --data_model=small -Ohz         #
#                     --multiplier=16s --require_prototypes                   #
#    List file     =  C:\Texas Instruments\ZStack-MSP2618-2.5.1\Projects\zsta #
#                     ck\HomeAutomation\SampleLight\CC2520DB\Router\List\zcl_ #
#                     samplelight_data.lst                                    #
#    Object file   =  C:\Texas Instruments\ZStack-MSP2618-2.5.1\Projects\zsta #
#                     ck\HomeAutomation\SampleLight\CC2520DB\Router\Obj\zcl_s #
#                     amplelight_data.r43                                     #
#                                                                             #
#                                                                             #
###############################################################################

C:\Texas Instruments\ZStack-MSP2618-2.5.1\Projects\zstack\HomeAutomation\SampleLight\Source\zcl_samplelight_data.c
      1          /**************************************************************************************************
      2            Filename:       zcl_samplelight_data.c
      3            Revised:        $Date: 2008-03-11 11:01:35 -0700 (Tue, 11 Mar 2008) $
      4            Revision:       $Revision: 16570 $
      5          
      6          
      7            Description:    Zigbee Cluster Library - sample device application.
      8          
      9          
     10            Copyright 2006-2007 Texas Instruments Incorporated. All rights reserved.
     11          
     12            IMPORTANT: Your use of this Software is limited to those specific rights
     13            granted under the terms of a software license agreement between the user
     14            who downloaded the software, his/her employer (which must be your employer)
     15            and Texas Instruments Incorporated (the "License").  You may not use this
     16            Software unless you agree to abide by the terms of the License. The License
     17            limits your use, and you acknowledge, that the Software may not be modified,
     18            copied or distributed unless embedded on a Texas Instruments microcontroller
     19            or used solely and exclusively in conjunction with a Texas Instruments radio
     20            frequency transceiver, which is integrated into your product.  Other than for
     21            the foregoing purpose, you may not use, reproduce, copy, prepare derivative
     22            works of, modify, distribute, perform, display or sell this Software and/or
     23            its documentation for any purpose.
     24          
     25            YOU FURTHER ACKNOWLEDGE AND AGREE THAT THE SOFTWARE AND DOCUMENTATION ARE
     26            PROVIDED “AS IS” WITHOUT WARRANTY OF ANY KIND, EITHER EXPRESS OR IMPLIED, 
     27            INCLUDING WITHOUT LIMITATION, ANY WARRANTY OF MERCHANTABILITY, TITLE, 
     28            NON-INFRINGEMENT AND FITNESS FOR A PARTICULAR PURPOSE. IN NO EVENT SHALL
     29            TEXAS INSTRUMENTS OR ITS LICENSORS BE LIABLE OR OBLIGATED UNDER CONTRACT,
     30            NEGLIGENCE, STRICT LIABILITY, CONTRIBUTION, BREACH OF WARRANTY, OR OTHER
     31            LEGAL EQUITABLE THEORY ANY DIRECT OR INDIRECT DAMAGES OR EXPENSES
     32            INCLUDING BUT NOT LIMITED TO ANY INCIDENTAL, SPECIAL, INDIRECT, PUNITIVE
     33            OR CONSEQUENTIAL DAMAGES, LOST PROFITS OR LOST DATA, COST OF PROCUREMENT
     34            OF SUBSTITUTE GOODS, TECHNOLOGY, SERVICES, OR ANY CLAIMS BY THIRD PARTIES
     35            (INCLUDING BUT NOT LIMITED TO ANY DEFENSE THEREOF), OR OTHER SIMILAR COSTS.
     36          
     37            Should you have any questions regarding your right to use this Software,
     38            contact Texas Instruments Incorporated at www.TI.com. 
     39          **************************************************************************************************/
     40          
     41          /*********************************************************************
     42           * INCLUDES
     43           */
     44          #include "ZComDef.h"
     45          #include "OSAL.h"
     46          #include "AF.h"
     47          #include "ZDConfig.h"
     48          
     49          #include "zcl.h"
     50          #include "zcl_general.h"
     51          #include "zcl_ha.h"
     52          
     53          #include "zcl_samplelight.h"
     54          
     55          /*********************************************************************
     56           * CONSTANTS
     57           */
     58          
     59          #define SAMPLELIGHT_DEVICE_VERSION     0
     60          #define SAMPLELIGHT_FLAGS              0
     61          
     62          #define SAMPLELIGHT_HWVERSION          1
     63          #define SAMPLELIGHT_ZCLVERSION         1
     64          
     65          /*********************************************************************
     66           * TYPEDEFS
     67           */
     68          
     69          /*********************************************************************
     70           * MACROS
     71           */
     72          
     73          /*********************************************************************
     74           * GLOBAL VARIABLES
     75           */
     76          
     77          // Basic Cluster

   \                                 In  segment DATA16_C, align 1, align-sorted
     78          const uint8 zclSampleLight_HWRevision = SAMPLELIGHT_HWVERSION;
   \                     zclSampleLight_HWRevision:
   \   000000   01           DC8 1

   \                                 In  segment DATA16_C, align 1, align-sorted
     79          const uint8 zclSampleLight_ZCLVersion = SAMPLELIGHT_ZCLVERSION;
   \                     zclSampleLight_ZCLVersion:
   \   000000   01           DC8 1

   \                                 In  segment DATA16_C, align 1, align-sorted
     80          const uint8 zclSampleLight_ManufacturerName[] = { 16, 'T','e','x','a','s','I','n','s','t','r','u','m','e','n','t','s' };
   \                     zclSampleLight_ManufacturerName:
   \   000000   105465786173 DC8 16, 84, 101, 120, 97, 115, 73, 110, 115, 116, 114, 117, 109, 101
   \            496E73747275
   \            6D65        
   \   00000E   6E7473       DC8 110, 116, 115

   \                                 In  segment DATA16_C, align 1, align-sorted
     81          const uint8 zclSampleLight_ModelId[] = { 16, 'T','I','0','0','0','1',' ',' ',' ',' ',' ',' ',' ',' ',' ',' ' };
   \                     zclSampleLight_ModelId:
   \   000000   105449303030 DC8 16, 84, 73, 48, 48, 48, 49, 32, 32, 32, 32, 32, 32, 32, 32, 32, 32
   \            312020202020
   \            2020202020  

   \                                 In  segment DATA16_C, align 1, align-sorted
     82          const uint8 zclSampleLight_DateCode[] = { 16, '2','0','0','6','0','8','3','1',' ',' ',' ',' ',' ',' ',' ',' ' };
   \                     zclSampleLight_DateCode:
   \   000000   103230303630 DC8 16, 50, 48, 48, 54, 48, 56, 51, 49, 32, 32, 32, 32, 32, 32, 32, 32
   \            383331202020
   \            2020202020  

   \                                 In  segment DATA16_C, align 1, align-sorted
     83          const uint8 zclSampleLight_PowerSource = POWER_SOURCE_MAINS_1_PHASE;
   \                     zclSampleLight_PowerSource:
   \   000000   01           DC8 1
     84          

   \                                 In  segment DATA16_I, align 1, align-sorted
   \   000000                REQUIRE ?cstart_init_copy
     85          uint8 zclSampleLight_LocationDescription[17] = { 16, ' ',' ',' ',' ',' ',' ',' ',' ',' ',' ',' ',' ',' ',' ',' ',' ' };
   \                     zclSampleLight_LocationDescription:
   \   000000                DS8 17
   \   000011                REQUIRE `?<Initializer for zclSampleLight_LocationDescr`

   \                                 In  segment DATA16_Z, align 1, align-sorted
   \   000000                REQUIRE ?cstart_init_zero
     86          uint8 zclSampleLight_PhysicalEnvironment = 0;
   \                     zclSampleLight_PhysicalEnvironment:
   \   000000                DS8 1

   \                                 In  segment DATA16_I, align 1, align-sorted
   \   000000                REQUIRE ?cstart_init_copy
     87          uint8 zclSampleLight_DeviceEnable = DEVICE_ENABLED;
   \                     zclSampleLight_DeviceEnable:
   \   000000                DS8 1
   \   000001                REQUIRE `?<Initializer for zclSampleLight_DeviceEnable>`
     88          
     89          // Identify Cluster

   \                                 In  segment DATA16_Z, align 2, align-sorted
   \   000000                REQUIRE ?cstart_init_zero
     90          uint16 zclSampleLight_IdentifyTime = 0;
   \                     zclSampleLight_IdentifyTime:
   \   000000                DS8 2
     91          
     92          // On/Off Cluster

   \                                 In  segment DATA16_Z, align 1, align-sorted
   \   000000                REQUIRE ?cstart_init_zero
     93          uint8  zclSampleLight_OnOff = LIGHT_OFF;
   \                     zclSampleLight_OnOff:
   \   000000                DS8 1
     94          
     95          /*********************************************************************
     96           * ATTRIBUTE DEFINITIONS - Uses REAL cluster IDs
     97           */

   \                                 In  segment DATA16_C, align 2, align-sorted
     98          CONST zclAttrRec_t zclSampleLight_Attrs[SAMPLELIGHT_MAX_ATTRIBUTES] =
   \                     zclSampleLight_Attrs:
   \   000000   00000300     DC16 0, 3
   \   000004   2001         DC8 32, 1
   \   000006   ....00000000 DC16 zclSampleLight_HWRevision, 0, 0
   \   00000C   2001         DC8 32, 1
   \   00000E   ....00000400 DC16 zclSampleLight_ZCLVersion, 0, 4
   \   000014   4201         DC8 66, 1
   \   000016   ....00000500 DC16 zclSampleLight_ManufacturerName, 0, 5
   \   00001C   4201         DC8 66, 1
   \   00001E   ....00000600 DC16 zclSampleLight_ModelId, 0, 6
   \   000024   4201         DC8 66, 1
   \   000026   ....00000700 DC16 zclSampleLight_DateCode, 0, 7
   \   00002C   2001         DC8 32, 1
   \   00002E   ....00001000 DC16 zclSampleLight_PowerSource, 0, 16
   \   000034   4203         DC8 66, 3
   \   000036   ....00001100 DC16 zclSampleLight_LocationDescription, 0, 17
   \   00003C   2003         DC8 32, 3
   \   00003E   ....00001200 DC16 zclSampleLight_PhysicalEnvironment, 0, 18
   \   000044   1003         DC8 16, 3
   \   000046   ....03000000 DC16 zclSampleLight_DeviceEnable, 3, 0
   \   00004C   2103         DC8 33, 3
   \   00004E   ....06000000 DC16 zclSampleLight_IdentifyTime, 6, 0
   \   000054   2001         DC8 32, 1
   \   000056   ....         DC16 zclSampleLight_OnOff
   \   000058   000000000000 DC8 0, 0, 0, 0, 0, 0, 0, 0
   \            0000        
     99          {
    100            // *** General Basic Cluster Attributes ***
    101            {
    102              ZCL_CLUSTER_ID_GEN_BASIC,             // Cluster IDs - defined in the foundation (ie. zcl.h)
    103              {  // Attribute record
    104                ATTRID_BASIC_HW_VERSION,            // Attribute ID - Found in Cluster Library header (ie. zcl_general.h)
    105                ZCL_DATATYPE_UINT8,                 // Data Type - found in zcl.h
    106                ACCESS_CONTROL_READ,                // Variable access control - found in zcl.h
    107                (void *)&zclSampleLight_HWRevision  // Pointer to attribute variable
    108              }
    109            },
    110            {
    111              ZCL_CLUSTER_ID_GEN_BASIC,
    112              { // Attribute record
    113                ATTRID_BASIC_ZCL_VERSION,
    114                ZCL_DATATYPE_UINT8,
    115                ACCESS_CONTROL_READ,
    116                (void *)&zclSampleLight_ZCLVersion
    117              }
    118            },
    119            {
    120              ZCL_CLUSTER_ID_GEN_BASIC,
    121              { // Attribute record
    122                ATTRID_BASIC_MANUFACTURER_NAME,
    123                ZCL_DATATYPE_CHAR_STR,
    124                ACCESS_CONTROL_READ,
    125                (void *)zclSampleLight_ManufacturerName
    126              }
    127            },
    128            {
    129              ZCL_CLUSTER_ID_GEN_BASIC,
    130              { // Attribute record
    131                ATTRID_BASIC_MODEL_ID,
    132                ZCL_DATATYPE_CHAR_STR,
    133                ACCESS_CONTROL_READ,
    134                (void *)zclSampleLight_ModelId
    135              }
    136            },
    137            {
    138              ZCL_CLUSTER_ID_GEN_BASIC,
    139              { // Attribute record
    140                ATTRID_BASIC_DATE_CODE,
    141                ZCL_DATATYPE_CHAR_STR,
    142                ACCESS_CONTROL_READ,
    143                (void *)zclSampleLight_DateCode
    144              }
    145            },
    146            {
    147              ZCL_CLUSTER_ID_GEN_BASIC,
    148              { // Attribute record
    149                ATTRID_BASIC_POWER_SOURCE,
    150                ZCL_DATATYPE_UINT8,
    151                ACCESS_CONTROL_READ,
    152                (void *)&zclSampleLight_PowerSource
    153              }
    154            },
    155            {
    156              ZCL_CLUSTER_ID_GEN_BASIC,
    157              { // Attribute record
    158                ATTRID_BASIC_LOCATION_DESC,
    159                ZCL_DATATYPE_CHAR_STR,
    160                (ACCESS_CONTROL_READ | ACCESS_CONTROL_WRITE),
    161                (void *)zclSampleLight_LocationDescription
    162              }
    163            },
    164            {
    165              ZCL_CLUSTER_ID_GEN_BASIC,
    166              { // Attribute record
    167                ATTRID_BASIC_PHYSICAL_ENV,
    168                ZCL_DATATYPE_UINT8,
    169                (ACCESS_CONTROL_READ | ACCESS_CONTROL_WRITE),
    170                (void *)&zclSampleLight_PhysicalEnvironment
    171              }
    172            },
    173            {
    174              ZCL_CLUSTER_ID_GEN_BASIC,
    175              { // Attribute record
    176                ATTRID_BASIC_DEVICE_ENABLED,
    177                ZCL_DATATYPE_BOOLEAN,
    178                (ACCESS_CONTROL_READ | ACCESS_CONTROL_WRITE),
    179                (void *)&zclSampleLight_DeviceEnable
    180              }
    181            },
    182          
    183            // *** Identify Cluster Attribute ***
    184            {
    185              ZCL_CLUSTER_ID_GEN_IDENTIFY,
    186              { // Attribute record
    187                ATTRID_IDENTIFY_TIME,
    188                ZCL_DATATYPE_UINT16,
    189                (ACCESS_CONTROL_READ | ACCESS_CONTROL_WRITE),
    190                (void *)&zclSampleLight_IdentifyTime
    191              }
    192            },
    193          
    194            // *** On/Off Cluster Attributes ***
    195            {
    196              ZCL_CLUSTER_ID_GEN_ON_OFF,
    197              { // Attribute record
    198                ATTRID_ON_OFF,
    199                ZCL_DATATYPE_UINT8,
    200                ACCESS_CONTROL_READ,
    201                (void *)&zclSampleLight_OnOff
    202              }
    203            },
    204          };
    205          
    206          /*********************************************************************
    207           * SIMPLE DESCRIPTOR
    208           */
    209          // This is the Cluster ID List and should be filled with Application
    210          // specific cluster IDs.
    211          #define ZCLSAMPLELIGHT_MAX_INCLUSTERS       5

   \                                 In  segment DATA16_C, align 2, align-sorted
    212          const cId_t zclSampleLight_InClusterList[ZCLSAMPLELIGHT_MAX_INCLUSTERS] =
   \                     zclSampleLight_InClusterList:
   \   000000   000005000400 DC16 0, 5, 4, 6, 8
   \            06000800    
    213          {
    214            ZCL_CLUSTER_ID_GEN_BASIC,
    215            ZCL_CLUSTER_ID_GEN_SCENES,
    216            ZCL_CLUSTER_ID_GEN_GROUPS,
    217            ZCL_CLUSTER_ID_GEN_ON_OFF,
    218            ZCL_CLUSTER_ID_GEN_LEVEL_CONTROL
    219          };
    220          
    221          #define ZCLSAMPLELIGHT_MAX_OUTCLUSTERS       1

   \                                 In  segment DATA16_C, align 2, align-sorted
    222          const cId_t zclSampleLight_OutClusterList[ZCLSAMPLELIGHT_MAX_OUTCLUSTERS] =
   \                     zclSampleLight_OutClusterList:
   \   000000   0000         DC16 0
    223          {
    224            ZCL_CLUSTER_ID_GEN_BASIC
    225          };
    226          

   \                                 In  segment DATA16_I, align 2, align-sorted
   \   000000                REQUIRE ?cstart_init_copy
    227          SimpleDescriptionFormat_t zclSampleLight_SimpleDesc =
   \                     zclSampleLight_SimpleDesc:
   \   000000                DS8 14
   \   00000E                REQUIRE `?<Initializer for zclSampleLight_SimpleDesc>`

   \                                 In  segment DATA16_ID, align 1, align-sorted
   \                     `?<Initializer for zclSampleLight_LocationDescr`:
   \   000000   102020202020 DC8 16, 32, 32, 32, 32, 32, 32, 32, 32, 32, 32, 32, 32, 32, 32, 32, 32
   \            202020202020
   \            2020202020  

   \                                 In  segment DATA16_ID, align 1, align-sorted
   \                     `?<Initializer for zclSampleLight_DeviceEnable>`:
   \   000000   01           DC8 1

   \                                 In  segment DATA16_ID, align 2, align-sorted
   \                     `?<Initializer for zclSampleLight_SimpleDesc>`:
   \   000000   0D00         DC8 13, 0
   \   000002   04010101     DC16 260, 257
   \   000006   0005         DC8 0, 5
   \   000008   ....         DC16 zclSampleLight_InClusterList
   \   00000A   0100         DC8 1, 0
   \   00000C   ....         DC16 zclSampleLight_OutClusterList
    228          {
    229            SAMPLELIGHT_ENDPOINT,                  //  int Endpoint;
    230            ZCL_HA_PROFILE_ID,                     //  uint16 AppProfId[2];
    231            ZCL_HA_DEVICEID_DIMMABLE_LIGHT,        //  uint16 AppDeviceId[2];
    232            SAMPLELIGHT_DEVICE_VERSION,            //  int   AppDevVer:4;
    233            SAMPLELIGHT_FLAGS,                     //  int   AppFlags:4;
    234            ZCLSAMPLELIGHT_MAX_INCLUSTERS,         //  byte  AppNumInClusters;
    235            (cId_t *)zclSampleLight_InClusterList, //  byte *pAppInClusterList;
    236            ZCLSAMPLELIGHT_MAX_OUTCLUSTERS,        //  byte  AppNumInClusters;
    237            (cId_t *)zclSampleLight_OutClusterList //  byte *pAppInClusterList;
    238          };
    239          
    240          /*********************************************************************
    241           * GLOBAL FUNCTIONS
    242           */
    243          
    244          /*********************************************************************
    245           * LOCAL FUNCTIONS
    246           */
    247          
    248          /****************************************************************************
    249          ****************************************************************************/
    250          
    251          


   Segment part sizes:

   Bytes  Function/Label
   -----  --------------
       1  ?<Initializer for zclSampleLight_DeviceEnable>
      17  ?<Initializer for zclSampleLight_LocationDescr
      14  ?<Initializer for zclSampleLight_SimpleDesc>
      96  zclSampleLight_Attrs
      17  zclSampleLight_DateCode
       1  zclSampleLight_DeviceEnable
       1  zclSampleLight_HWRevision
       2  zclSampleLight_IdentifyTime
      10  zclSampleLight_InClusterList
      17  zclSampleLight_LocationDescription
      17  zclSampleLight_ManufacturerName
      17  zclSampleLight_ModelId
       1  zclSampleLight_OnOff
       2  zclSampleLight_OutClusterList
       1  zclSampleLight_PhysicalEnvironment
       1  zclSampleLight_PowerSource
      14  zclSampleLight_SimpleDesc
       1  zclSampleLight_ZCLVersion

 
 162 bytes in segment DATA16_C
  32 bytes in segment DATA16_I
  32 bytes in segment DATA16_ID
   4 bytes in segment DATA16_Z
 
 194 bytes of CONST memory
  36 bytes of DATA  memory

Errors: none
Warnings: none
