###############################################################################
#                                                                             #
# IAR C/C++ Compiler V5.52.1.50724/W32 for MSP430       10/Jun/2013  17:10:45 #
# Copyright 1996-2013 IAR Systems AB.                                         #
#                                                                             #
#    __rt_version  =  3                                                       #
#    __double_size =  32                                                      #
#    __reg_r4      =  free                                                    #
#    __reg_r5      =  free                                                    #
#    __pic         =  no                                                      #
#    __core        =  430X                                                    #
#    __data_model  =  small                                                   #
#    Source file   =  C:\Texas Instruments\ZStack-MSP2618-2.5.1\Components\ma #
#                     c\low_level\srf04\dual_chip\mac_radio_defs.c            #
#    Command line  =  -f "C:\Texas Instruments\ZStack-MSP2618-2.5.1\Projects\ #
#                     zstack\HomeAutomation\SampleSwitch\CC2520DB\..\..\..\To #
#                     ols\MSP2618\f8wConfig.cfg" (-DZIGBEEPRO -DSECURE=0      #
#                     -DZG_SECURE_DYNAMIC=0 -DREFLECTOR                       #
#                     -DDEFAULT_CHANLIST=0x00000800                           #
#                     -DZDAPP_CONFIG_PAN_ID=0xFFFF -DNWK_START_DELAY=100      #
#                     -DEXTENDED_JOINING_RANDOM_MASK=0x007F                   #
#                     -DBEACON_REQUEST_DELAY=100                              #
#                     -DBEACON_REQ_DELAY_MASK=0x00FF                          #
#                     -DLINK_STATUS_JITTER_MASK=0x007F                        #
#                     -DROUTE_EXPIRY_TIME=30 -DAPSC_ACK_WAIT_DURATION_POLLED= #
#                     3000 -DNWK_INDIRECT_MSG_TIMEOUT=7 -DMAX_RREQ_ENTRIES=8  #
#                     -DAPSC_MAX_FRAME_RETRIES=3 -DNWK_MAX_DATA_RETRIES=2     #
#                     -DMAX_POLL_FAILURE_RETRIES=2 -DMAX_BCAST=9              #
#                     -DAPS_MAX_GROUPS=16 -DMAX_RTG_ENTRIES=40                #
#                     -DNWK_MAX_BINDING_ENTRIES=4                             #
#                     -DMAX_BINDING_CLUSTER_IDS=4 "-DDEFAULT_KEY={0x01,       #
#                     0x03, 0x05, 0x07, 0x09, 0x0B, 0x0D, 0x0F, 0x00, 0x02,   #
#                     0x04, 0x06, 0x08, 0x0A, 0x0C, 0x0D}"                    #
#                     -DMAC_MAX_FRAME_SIZE=116 -DZDNWKMGR_MIN_TRANSMISSIONS=2 #
#                     0 -DRFD_RCVC_ALWAYS_ON=FALSE -DPOLL_RATE=1000           #
#                     -DQUEUED_POLL_RATE=100 -DRESPONSE_POLL_RATE=100         #
#                     -DREJOIN_POLL_RATE=440) -f "C:\Texas                    #
#                     Instruments\ZStack-MSP2618-2.5.1\Projects\zstack\HomeAu #
#                     tomation\SampleSwitch\CC2520DB\..\..\..\Tools\MSP2618\f #
#                     8wEndev.cfg" (-DCPU6MHZ -DMAC_CFG_TX_DATA_MAX=3         #
#                     -DMAC_CFG_TX_MAX=6 -DMAC_CFG_RX_MAX=3) -f "C:\Texas     #
#                     Instruments\ZStack-MSP2618-2.5.1\Projects\zstack\HomeAu #
#                     tomation\SampleSwitch\CC2520DB\..\..\..\Tools\MSP2618\f #
#                     8wZCL.cfg" (-DZCL_READ -DZCL_WRITE -DZCL_BASIC          #
#                     -DZCL_IDENTIFY -DZCL_ON_OFF -DZCL_KEY_ESTABLISH         #
#                     -DZCL_KEY_ESTABLISHMENT_KEY_GENERATE_TIMEOUT=4          #
#                     -DZCL_KEY_ESTABLISHMENT_MAC_GENERATE_TIMEOUT=10         #
#                     -DZCL_KEY_ESTABLISHMENT_EKEY_GENERATE_TIMEOUT=10        #
#                     -DZCL_LOAD_CONTROL -DZCL_SIMPLE_METERING -DZCL_PRICING  #
#                     -DZCL_MESSAGE -DZCL_TUNNELING -DZCL_TOU)                #
#                     -DZCL_DEVICE_MGMT "C:\Texas                             #
#                     Instruments\ZStack-MSP2618-2.5.1\Components\mac\low_lev #
#                     el\srf04\dual_chip\mac_radio_defs.c" -D MSP430F2618 -D  #
#                     NWK_AUTO_POLL -D ZTOOL_P1 -D MT_TASK -D MT_SYS_FUNC -D  #
#                     MT_ZDO_FUNC -D LCD_SUPPORTED -lC "C:\Texas              #
#                     Instruments\ZStack-MSP2618-2.5.1\Projects\zstack\HomeAu #
#                     tomation\SampleSwitch\CC2520DB\EndDevice\List\" -lA     #
#                     "C:\Texas Instruments\ZStack-MSP2618-2.5.1\Projects\zst #
#                     ack\HomeAutomation\SampleSwitch\CC2520DB\EndDevice\List #
#                     \" --remarks --diag_suppress Pe001,Pe193,Pe236,Pe826    #
#                     -o "C:\Texas Instruments\ZStack-MSP2618-2.5.1\Projects\ #
#                     zstack\HomeAutomation\SampleSwitch\CC2520DB\EndDevice\O #
#                     bj\" --debug -D__MSP430F2618__ -e --double=32 --clib    #
#                     -I "C:\Texas Instruments\ZStack-MSP2618-2.5.1\Projects\ #
#                     zstack\HomeAutomation\SampleSwitch\CC2520DB\" -I        #
#                     "C:\Texas Instruments\ZStack-MSP2618-2.5.1\Projects\zst #
#                     ack\HomeAutomation\SampleSwitch\CC2520DB\..\Source\"    #
#                     -I "C:\Texas Instruments\ZStack-MSP2618-2.5.1\Projects\ #
#                     zstack\HomeAutomation\SampleSwitch\CC2520DB\..\..\Sourc #
#                     e\" -I "C:\Texas Instruments\ZStack-MSP2618-2.5.1\Proje #
#                     cts\zstack\HomeAutomation\SampleSwitch\CC2520DB\..\..\. #
#                     .\ZMain\MSP2618\" -I "C:\Texas                          #
#                     Instruments\ZStack-MSP2618-2.5.1\Projects\zstack\HomeAu #
#                     tomation\SampleSwitch\CC2520DB\..\..\..\..\..\Component #
#                     s\hal\include\" -I "C:\Texas                            #
#                     Instruments\ZStack-MSP2618-2.5.1\Projects\zstack\HomeAu #
#                     tomation\SampleSwitch\CC2520DB\..\..\..\..\..\Component #
#                     s\hal\target\MSP2618CC2520\" -I "C:\Texas               #
#                     Instruments\ZStack-MSP2618-2.5.1\Projects\zstack\HomeAu #
#                     tomation\SampleSwitch\CC2520DB\..\..\..\..\..\Component #
#                     s\mac\include\" -I "C:\Texas                            #
#                     Instruments\ZStack-MSP2618-2.5.1\Projects\zstack\HomeAu #
#                     tomation\SampleSwitch\CC2520DB\..\..\..\..\..\Component #
#                     s\mac\high_level\" -I "C:\Texas                         #
#                     Instruments\ZStack-MSP2618-2.5.1\Projects\zstack\HomeAu #
#                     tomation\SampleSwitch\CC2520DB\..\..\..\..\..\Component #
#                     s\mac\low_level\srf04\" -I "C:\Texas                    #
#                     Instruments\ZStack-MSP2618-2.5.1\Projects\zstack\HomeAu #
#                     tomation\SampleSwitch\CC2520DB\..\..\..\..\..\Component #
#                     s\mac\low_level\srf04\dual_chip\" -I "C:\Texas          #
#                     Instruments\ZStack-MSP2618-2.5.1\Projects\zstack\HomeAu #
#                     tomation\SampleSwitch\CC2520DB\..\..\..\..\..\Component #
#                     s\mt\" -I "C:\Texas Instruments\ZStack-MSP2618-2.5.1\Pr #
#                     ojects\zstack\HomeAutomation\SampleSwitch\CC2520DB\..\. #
#                     .\..\..\..\Components\osal\include\" -I "C:\Texas       #
#                     Instruments\ZStack-MSP2618-2.5.1\Projects\zstack\HomeAu #
#                     tomation\SampleSwitch\CC2520DB\..\..\..\..\..\Component #
#                     s\osal\mcu\msp430\" -I "C:\Texas                        #
#                     Instruments\ZStack-MSP2618-2.5.1\Projects\zstack\HomeAu #
#                     tomation\SampleSwitch\CC2520DB\..\..\..\..\..\Component #
#                     s\services\saddr\" -I "C:\Texas                         #
#                     Instruments\ZStack-MSP2618-2.5.1\Projects\zstack\HomeAu #
#                     tomation\SampleSwitch\CC2520DB\..\..\..\..\..\Component #
#                     s\services\sdata\" -I "C:\Texas                         #
#                     Instruments\ZStack-MSP2618-2.5.1\Projects\zstack\HomeAu #
#                     tomation\SampleSwitch\CC2520DB\..\..\..\..\..\Component #
#                     s\stack\af\" -I "C:\Texas Instruments\ZStack-MSP2618-2. #
#                     5.1\Projects\zstack\HomeAutomation\SampleSwitch\CC2520D #
#                     B\..\..\..\..\..\Components\stack\nwk\" -I "C:\Texas    #
#                     Instruments\ZStack-MSP2618-2.5.1\Projects\zstack\HomeAu #
#                     tomation\SampleSwitch\CC2520DB\..\..\..\..\..\Component #
#                     s\stack\sec\" -I "C:\Texas                              #
#                     Instruments\ZStack-MSP2618-2.5.1\Projects\zstack\HomeAu #
#                     tomation\SampleSwitch\CC2520DB\..\..\..\..\..\Component #
#                     s\stack\sapi\" -I "C:\Texas                             #
#                     Instruments\ZStack-MSP2618-2.5.1\Projects\zstack\HomeAu #
#                     tomation\SampleSwitch\CC2520DB\..\..\..\..\..\Component #
#                     s\stack\sys\" -I "C:\Texas                              #
#                     Instruments\ZStack-MSP2618-2.5.1\Projects\zstack\HomeAu #
#                     tomation\SampleSwitch\CC2520DB\..\..\..\..\..\Component #
#                     s\stack\zcl\" -I "C:\Texas                              #
#                     Instruments\ZStack-MSP2618-2.5.1\Projects\zstack\HomeAu #
#                     tomation\SampleSwitch\CC2520DB\..\..\..\..\..\Component #
#                     s\stack\zdo\" -I "C:\Texas                              #
#                     Instruments\ZStack-MSP2618-2.5.1\Projects\zstack\HomeAu #
#                     tomation\SampleSwitch\CC2520DB\..\..\..\..\..\Component #
#                     s\zmac\" -I "C:\Texas Instruments\ZStack-MSP2618-2.5.1\ #
#                     Projects\zstack\HomeAutomation\SampleSwitch\CC2520DB\.. #
#                     \..\..\..\..\Components\zmac\f8w\" --core=430X          #
#                     --data_model=small -Ohz --multiplier=16s                #
#                     --require_prototypes                                    #
#    List file     =  C:\Texas Instruments\ZStack-MSP2618-2.5.1\Projects\zsta #
#                     ck\HomeAutomation\SampleSwitch\CC2520DB\EndDevice\List\ #
#                     mac_radio_defs.lst                                      #
#    Object file   =  C:\Texas Instruments\ZStack-MSP2618-2.5.1\Projects\zsta #
#                     ck\HomeAutomation\SampleSwitch\CC2520DB\EndDevice\Obj\m #
#                     ac_radio_defs.r43                                       #
#                                                                             #
#                                                                             #
###############################################################################

C:\Texas Instruments\ZStack-MSP2618-2.5.1\Components\mac\low_level\srf04\dual_chip\mac_radio_defs.c
      1          /**************************************************************************************************
      2            Filename:       mac_radio_defs.c
      3            Revised:        $Date: 2007-05-14 10:53:49 -0700 (Mon, 14 May 2007) $
      4            Revision:       $Revision: 14288 $
      5          
      6            Description:    Describe the purpose and contents of the file.
      7          
      8          
      9            Copyright 2006-2011 Texas Instruments Incorporated. All rights reserved.
     10          
     11            IMPORTANT: Your use of this Software is limited to those specific rights
     12            granted under the terms of a software license agreement between the user
     13            who downloaded the software, his/her employer (which must be your employer)
     14            and Texas Instruments Incorporated (the "License").  You may not use this
     15            Software unless you agree to abide by the terms of the License. The License
     16            limits your use, and you acknowledge, that the Software may not be modified,
     17            copied or distributed unless embedded on a Texas Instruments microcontroller
     18            or used solely and exclusively in conjunction with a Texas Instruments radio
     19            frequency transceiver, which is integrated into your product.  Other than for
     20            the foregoing purpose, you may not use, reproduce, copy, prepare derivative
     21            works of, modify, distribute, perform, display or sell this Software and/or
     22            its documentation for any purpose.
     23          
     24            YOU FURTHER ACKNOWLEDGE AND AGREE THAT THE SOFTWARE AND DOCUMENTATION ARE
     25            PROVIDED “AS IS” WITHOUT WARRANTY OF ANY KIND, EITHER EXPRESS OR IMPLIED,
     26            INCLUDING WITHOUT LIMITATION, ANY WARRANTY OF MERCHANTABILITY, TITLE,
     27            NON-INFRINGEMENT AND FITNESS FOR A PARTICULAR PURPOSE. IN NO EVENT SHALL
     28            TEXAS INSTRUMENTS OR ITS LICENSORS BE LIABLE OR OBLIGATED UNDER CONTRACT,
     29            NEGLIGENCE, STRICT LIABILITY, CONTRIBUTION, BREACH OF WARRANTY, OR OTHER
     30            LEGAL EQUITABLE THEORY ANY DIRECT OR INDIRECT DAMAGES OR EXPENSES
     31            INCLUDING BUT NOT LIMITED TO ANY INCIDENTAL, SPECIAL, INDIRECT, PUNITIVE
     32            OR CONSEQUENTIAL DAMAGES, LOST PROFITS OR LOST DATA, COST OF PROCUREMENT
     33            OF SUBSTITUTE GOODS, TECHNOLOGY, SERVICES, OR ANY CLAIMS BY THIRD PARTIES
     34            (INCLUDING BUT NOT LIMITED TO ANY DEFENSE THEREOF), OR OTHER SIMILAR COSTS.
     35          
     36            Should you have any questions regarding your right to use this Software,
     37            contact Texas Instruments Incorporated at www.TI.com.
     38          **************************************************************************************************/
     39          
     40          /* ------------------------------------------------------------------------------------------------
     41           *                                             Includes
     42           * ------------------------------------------------------------------------------------------------
     43           */
     44          #include "mac_radio_defs.h"
     45          #include "hal_types.h"
     46          #include "hal_assert.h"
     47          
     48          
     49          
     50          
     51          /* ------------------------------------------------------------------------------------------------
     52           *                                        Global Constants
     53           * ------------------------------------------------------------------------------------------------
     54           */
     55          
     56          /* MAC_RUNTIME_CC2591 compile flag is not supported but the compile flag is
     57           * used for future support. */
     58          
     59          #if  defined MAC_RUNTIME_CC2590 || defined MAC_RUNTIME_CC2591 || \
     60          (!defined HAL_PA_LNA && !defined HAL_PA_LNA_CC2590)
     61          /* Power table for CC2520 only with no frontend */

   \                                 In  segment DATA16_C, align 1, align-sorted
     62          const uint8 CODE macRadioDefsTxPwrBare[] =
   \                     macRadioDefsTxPwrBare:
   \   000000   05F2F7F7F2AB DC8 5, 242, 247, 247, 242, 171, 19, 50, 50, 129, 136, 136, 136, 136, 44
   \            133232818888
   \            88882C      
   \   00000F   2C2C2C2C2C2C DC8 44, 44, 44, 44, 44, 44, 3
   \            03          
     63          {
     64            5,  /* tramsmit power level of the first entry */
     65            (uint8)(int8)-14, /* Last entry TX power level */
     66            /*   5 dBm */   0xF7,   /* characterized value from datasheet */
     67            /*   4 dBm */   0xF7,
     68            /*   3 dBm */   0xF2,   /* characterized value from datasheet */
     69            /*   2 dBm */   0xAB,   /* characterized value from datasheet */
     70            /*   1 dBm */   0x13,   /* characterized value from datasheet */
     71            /*   0 dBm */   0x32,   /* characterized value from datasheet */
     72            /*  -1 dBm */   0x32,
     73            /*  -2 dBm */   0x81,   /* characterized value from datasheet */
     74            /*  -3 dBm */   0x88,   /* characterized value from datasheet */
     75            /*  -4 dBm */   0x88,
     76            /*  -5 dBm */   0x88,
     77            /*  -6 dBm */   0x88,
     78            /*  -7 dBm */   0x2C,   /* characterized value from datasheet */
     79            /*  -8 dBm */   0x2C,
     80            /*  -9 dBm */   0x2C,
     81            /* -10 dBm */   0x2C,
     82            /* -11 dBm */   0x2C,
     83            /* -12 dBm */   0x2C,
     84            /* -13 dBm */   0x2C,
     85            /* -14 dBm */   0x03   /* characterized value from datasheet */
     86          };
     87          #endif /* !defined HAL_PA_LNA || defined MAC_RUNTIME_CC2591 */
     88          
     89          #if defined HAL_PA_LNA || defined MAC_RUNTIME_CC2591
     90          /* Power table for CC2520 + CC2591 */
     91          const uint8 CODE macRadioDefsTxPwrCC2591[] =
     92          {
     93            17, /* First entry TX power level */
     94            9, /* Last entry TX power level */
     95            /*  17 dBm */   0xF9,   /* characterized value at 17 dBm */
     96            /*  16 dBm */   0xE0,   /* characterized value at 15 dBm */
     97            /*  15 dBm */   0xE0,   /* characterized value at 13 dBm */
     98            /*  14 dBm */   0x6C,
     99            /*  13 dBm */   0x6C,
    100            /*  12 dBm */   0x79,   /* characterized value at 10 dBm */
    101            /*  11 dBm */   0x79,
    102            /*  10 dBm */   0x79,
    103            /*   9 dBm */   0x49    /* characterized value at 5 dBm  */
    104          };
    105          #endif /* defined HAL_PA_LNA || defined MAC_RUNTIME_CC2591 */
    106          
    107          
    108          #if defined HAL_PA_LNA_CC2590 || defined MAC_RUNTIME_CC2590
    109          /* Power table for CC2520 + CC2590*/
    110          const uint8 CODE macRadioDefsTxPwrCC2590[] =
    111          {
    112            11,         /* First entry TX power level */
    113            5,          /* Last entry TX power level */
    114            /*  11 dBm */ 0xFA,      /* characterized value at 11.4 dBm */
    115            /*  10 dBm */ 0xF9,      /* characterized value at 9.7 dBm  */ 
    116            /*  9 dBm */  0xE9,      /* characterized value at 9.1 dBm  */
    117            /*  8 dBm */  0xF8,      /* characterized value at 8.4 dBm  */
    118            /*  7 dBm */  0x81,      /* characterized value at  7.5 dBm */
    119            /*  6 dBm */  0x88,      /* characterized value at 5.8 dBm, A0 characterized value at 6.5 dBm */
    120            /*  5 dBm */  0x80,      /* characterized value at 5.3 dBm  */
    121          };
    122          #endif 
    123          
    124          #if defined MAC_RUNTIME_CC2591 || defined MAC_RUNTIME_CC2590 || \
    125            defined HAL_PA_LNA || defined HAL_PA_LNA_CC2590
    126          
    127          /* TX power table array */
    128          const uint8 CODE *const CODE macRadioDefsTxPwrTables[] =
    129          {
    130          #if defined MAC_RUNTIME_CC2591 || defined MAC_RUNTIME_CC2590 || \
    131          (!defined HAL_PA_LNA && !defined HAL_PA_LNA_CC2590)
    132            macRadioDefsTxPwrBare, 
    133          #endif 
    134          
    135          #if defined HAL_PA_LNA || defined MAC_RUNTIME_CC2591
    136            macRadioDefsTxPwrCC2591, 
    137          #endif
    138          
    139          #if defined HAL_PA_LNA_CC2590 || defined MAC_RUNTIME_CC2590
    140          /* TX power table array for CC2590*/
    141             macRadioDefsTxPwrCC2590,
    142          #endif
    143          };
    144          #endif /* if defined MAC_RUNTIME_CC2591 || defined HAL_PA_LNA 
    145            defined HAL_PA_LNA || defined HAL_PA_LNA_CC2590 */
    146          
    147          
    148          /**************************************************************************************************
    149           *                                  Compile Time Integrity Checks
    150           **************************************************************************************************
    151           */
    152          
    153          #if (MAC_RADIO_RECEIVER_SENSITIVITY_DBM > MAC_SPEC_MIN_RECEIVER_SENSITIVITY)
    154          #error "ERROR: Radio sensitivity does not meet specification."
    155          #endif
    156          
    157          #if defined (MAC_RUNTIME_CC2591)
    158          #error "ERROR: MAC_RUNTIME_CC2591 is not supported at this time."
    159          #endif
    160          
    161          /**************************************************************************************************
    162           */


   Segment part sizes:

   Bytes  Function/Label
   -----  --------------
      22  macRadioDefsTxPwrBare

 
 22 bytes in segment DATA16_C
 
 22 bytes of CONST memory

Errors: none
Warnings: none
